<?xml version="1.0" encoding="UTF-8"?>
<coverage generated="1757562564480" clover="3.2.0">
  <project timestamp="1757562564480" name="All files">
    <metrics statements="2343" coveredstatements="878" conditionals="323" coveredconditionals="245" methods="107" coveredmethods="69" elements="2773" coveredelements="1192" complexity="0" loc="2343" ncloc="2343" packages="10" files="29" classes="29"/>
    <package name="workspace">
      <metrics statements="21" coveredstatements="0" conditionals="1" coveredconditionals="0" methods="1" coveredmethods="0"/>
      <file name="playwright.config.ts" path="/workspace/playwright.config.ts">
        <metrics statements="21" coveredstatements="0" conditionals="1" coveredconditionals="0" methods="1" coveredmethods="0"/>
        <line num="1" count="0" type="cond" truecount="0" falsecount="1"/>
        <line num="3" count="0" type="stmt"/>
        <line num="4" count="0" type="stmt"/>
        <line num="5" count="0" type="stmt"/>
        <line num="6" count="0" type="stmt"/>
        <line num="7" count="0" type="stmt"/>
        <line num="8" count="0" type="stmt"/>
        <line num="9" count="0" type="stmt"/>
        <line num="10" count="0" type="stmt"/>
        <line num="11" count="0" type="stmt"/>
        <line num="12" count="0" type="stmt"/>
        <line num="13" count="0" type="stmt"/>
        <line num="14" count="0" type="stmt"/>
        <line num="15" count="0" type="stmt"/>
        <line num="16" count="0" type="stmt"/>
        <line num="17" count="0" type="stmt"/>
        <line num="18" count="0" type="stmt"/>
        <line num="19" count="0" type="stmt"/>
        <line num="20" count="0" type="stmt"/>
        <line num="21" count="0" type="stmt"/>
        <line num="22" count="0" type="stmt"/>
      </file>
    </package>
    <package name="workspace.src">
      <metrics statements="114" coveredstatements="0" conditionals="5" coveredconditionals="1" methods="5" coveredmethods="1"/>
      <file name="App.tsx" path="/workspace/src/App.tsx">
        <metrics statements="32" coveredstatements="0" conditionals="1" coveredconditionals="0" methods="1" coveredmethods="0"/>
        <line num="1" count="0" type="cond" truecount="0" falsecount="1"/>
        <line num="6" count="0" type="stmt"/>
        <line num="8" count="0" type="stmt"/>
        <line num="9" count="0" type="stmt"/>
        <line num="10" count="0" type="stmt"/>
        <line num="11" count="0" type="stmt"/>
        <line num="12" count="0" type="stmt"/>
        <line num="13" count="0" type="stmt"/>
        <line num="14" count="0" type="stmt"/>
        <line num="15" count="0" type="stmt"/>
        <line num="16" count="0" type="stmt"/>
        <line num="17" count="0" type="stmt"/>
        <line num="18" count="0" type="stmt"/>
        <line num="19" count="0" type="stmt"/>
        <line num="20" count="0" type="stmt"/>
        <line num="21" count="0" type="stmt"/>
        <line num="24" count="0" type="stmt"/>
        <line num="25" count="0" type="stmt"/>
        <line num="26" count="0" type="stmt"/>
        <line num="27" count="0" type="stmt"/>
        <line num="28" count="0" type="stmt"/>
        <line num="29" count="0" type="stmt"/>
        <line num="30" count="0" type="stmt"/>
        <line num="31" count="0" type="stmt"/>
        <line num="32" count="0" type="stmt"/>
        <line num="33" count="0" type="stmt"/>
        <line num="34" count="0" type="stmt"/>
        <line num="35" count="0" type="stmt"/>
        <line num="38" count="0" type="stmt"/>
        <line num="40" count="0" type="stmt"/>
        <line num="41" count="0" type="stmt"/>
        <line num="43" count="0" type="stmt"/>
      </file>
      <file name="main.tsx" path="/workspace/src/main.tsx">
        <metrics statements="19" coveredstatements="0" conditionals="1" coveredconditionals="0" methods="1" coveredmethods="0"/>
        <line num="1" count="0" type="cond" truecount="0" falsecount="1"/>
        <line num="2" count="0" type="stmt"/>
        <line num="3" count="0" type="stmt"/>
        <line num="4" count="0" type="stmt"/>
        <line num="5" count="0" type="stmt"/>
        <line num="7" count="0" type="stmt"/>
        <line num="8" count="0" type="stmt"/>
        <line num="9" count="0" type="stmt"/>
        <line num="10" count="0" type="stmt"/>
        <line num="11" count="0" type="stmt"/>
        <line num="12" count="0" type="stmt"/>
        <line num="15" count="0" type="stmt"/>
        <line num="16" count="0" type="stmt"/>
        <line num="19" count="0" type="stmt"/>
        <line num="20" count="0" type="stmt"/>
        <line num="21" count="0" type="stmt"/>
        <line num="23" count="0" type="stmt"/>
        <line num="24" count="0" type="stmt"/>
        <line num="25" count="0" type="stmt"/>
      </file>
      <file name="router.tsx" path="/workspace/src/router.tsx">
        <metrics statements="30" coveredstatements="0" conditionals="1" coveredconditionals="0" methods="1" coveredmethods="0"/>
        <line num="1" count="0" type="cond" truecount="0" falsecount="1"/>
        <line num="6" count="0" type="stmt"/>
        <line num="7" count="0" type="stmt"/>
        <line num="10" count="0" type="stmt"/>
        <line num="11" count="0" type="stmt"/>
        <line num="12" count="0" type="stmt"/>
        <line num="13" count="0" type="stmt"/>
        <line num="16" count="0" type="stmt"/>
        <line num="17" count="0" type="stmt"/>
        <line num="18" count="0" type="stmt"/>
        <line num="19" count="0" type="stmt"/>
        <line num="20" count="0" type="stmt"/>
        <line num="21" count="0" type="stmt"/>
        <line num="22" count="0" type="stmt"/>
        <line num="23" count="0" type="stmt"/>
        <line num="24" count="0" type="stmt"/>
        <line num="25" count="0" type="stmt"/>
        <line num="26" count="0" type="stmt"/>
        <line num="28" count="0" type="stmt"/>
        <line num="29" count="0" type="stmt"/>
        <line num="30" count="0" type="stmt"/>
        <line num="31" count="0" type="stmt"/>
        <line num="32" count="0" type="stmt"/>
        <line num="33" count="0" type="stmt"/>
        <line num="34" count="0" type="stmt"/>
        <line num="36" count="0" type="stmt"/>
        <line num="37" count="0" type="stmt"/>
        <line num="38" count="0" type="stmt"/>
        <line num="39" count="0" type="stmt"/>
        <line num="41" count="0" type="stmt"/>
      </file>
      <file name="service-worker.ts" path="/workspace/src/service-worker.ts">
        <metrics statements="33" coveredstatements="0" conditionals="1" coveredconditionals="0" methods="1" coveredmethods="0"/>
        <line num="1" count="0" type="cond" truecount="0" falsecount="1"/>
        <line num="2" count="0" type="stmt"/>
        <line num="4" count="0" type="stmt"/>
        <line num="5" count="0" type="stmt"/>
        <line num="6" count="0" type="stmt"/>
        <line num="7" count="0" type="stmt"/>
        <line num="8" count="0" type="stmt"/>
        <line num="9" count="0" type="stmt"/>
        <line num="10" count="0" type="stmt"/>
        <line num="12" count="0" type="stmt"/>
        <line num="13" count="0" type="stmt"/>
        <line num="14" count="0" type="stmt"/>
        <line num="15" count="0" type="stmt"/>
        <line num="16" count="0" type="stmt"/>
        <line num="17" count="0" type="stmt"/>
        <line num="18" count="0" type="stmt"/>
        <line num="20" count="0" type="stmt"/>
        <line num="21" count="0" type="stmt"/>
        <line num="22" count="0" type="stmt"/>
        <line num="24" count="0" type="stmt"/>
        <line num="25" count="0" type="stmt"/>
        <line num="26" count="0" type="stmt"/>
        <line num="27" count="0" type="stmt"/>
        <line num="28" count="0" type="stmt"/>
        <line num="29" count="0" type="stmt"/>
        <line num="30" count="0" type="stmt"/>
        <line num="31" count="0" type="stmt"/>
        <line num="32" count="0" type="stmt"/>
        <line num="33" count="0" type="stmt"/>
        <line num="34" count="0" type="stmt"/>
        <line num="35" count="0" type="stmt"/>
        <line num="36" count="0" type="stmt"/>
        <line num="37" count="0" type="stmt"/>
      </file>
      <file name="types.ts" path="/workspace/src/types.ts">
        <metrics statements="0" coveredstatements="0" conditionals="1" coveredconditionals="1" methods="1" coveredmethods="1"/>
      </file>
    </package>
    <package name="workspace.src.components">
      <metrics statements="106" coveredstatements="0" conditionals="6" coveredconditionals="0" methods="6" coveredmethods="0"/>
      <file name="DataStatusBanner.tsx" path="/workspace/src/components/DataStatusBanner.tsx">
        <metrics statements="17" coveredstatements="0" conditionals="1" coveredconditionals="0" methods="1" coveredmethods="0"/>
        <line num="1" count="0" type="cond" truecount="0" falsecount="1"/>
        <line num="4" count="0" type="stmt"/>
        <line num="5" count="0" type="stmt"/>
        <line num="6" count="0" type="stmt"/>
        <line num="7" count="0" type="stmt"/>
        <line num="8" count="0" type="stmt"/>
        <line num="9" count="0" type="stmt"/>
        <line num="10" count="0" type="stmt"/>
        <line num="12" count="0" type="stmt"/>
        <line num="14" count="0" type="stmt"/>
        <line num="15" count="0" type="stmt"/>
        <line num="16" count="0" type="stmt"/>
        <line num="17" count="0" type="stmt"/>
        <line num="18" count="0" type="stmt"/>
        <line num="19" count="0" type="stmt"/>
        <line num="20" count="0" type="stmt"/>
        <line num="22" count="0" type="stmt"/>
      </file>
      <file name="GuessInput.tsx" path="/workspace/src/components/GuessInput.tsx">
        <metrics statements="23" coveredstatements="0" conditionals="1" coveredconditionals="0" methods="1" coveredmethods="0"/>
        <line num="1" count="0" type="cond" truecount="0" falsecount="1"/>
        <line num="8" count="0" type="stmt"/>
        <line num="9" count="0" type="stmt"/>
        <line num="11" count="0" type="stmt"/>
        <line num="12" count="0" type="stmt"/>
        <line num="13" count="0" type="stmt"/>
        <line num="14" count="0" type="stmt"/>
        <line num="15" count="0" type="stmt"/>
        <line num="16" count="0" type="stmt"/>
        <line num="18" count="0" type="stmt"/>
        <line num="19" count="0" type="stmt"/>
        <line num="20" count="0" type="stmt"/>
        <line num="21" count="0" type="stmt"/>
        <line num="22" count="0" type="stmt"/>
        <line num="23" count="0" type="stmt"/>
        <line num="24" count="0" type="stmt"/>
        <line num="25" count="0" type="stmt"/>
        <line num="26" count="0" type="stmt"/>
        <line num="27" count="0" type="stmt"/>
        <line num="28" count="0" type="stmt"/>
        <line num="29" count="0" type="stmt"/>
        <line num="30" count="0" type="stmt"/>
        <line num="32" count="0" type="stmt"/>
      </file>
      <file name="HintButtons.tsx" path="/workspace/src/components/HintButtons.tsx">
        <metrics statements="8" coveredstatements="0" conditionals="1" coveredconditionals="0" methods="1" coveredmethods="0"/>
        <line num="1" count="0" type="cond" truecount="0" falsecount="1"/>
        <line num="9" count="0" type="stmt"/>
        <line num="10" count="0" type="stmt"/>
        <line num="11" count="0" type="stmt"/>
        <line num="12" count="0" type="stmt"/>
        <line num="13" count="0" type="stmt"/>
        <line num="14" count="0" type="stmt"/>
        <line num="16" count="0" type="stmt"/>
      </file>
      <file name="KeyboardShortcuts.tsx" path="/workspace/src/components/KeyboardShortcuts.tsx">
        <metrics statements="22" coveredstatements="0" conditionals="1" coveredconditionals="0" methods="1" coveredmethods="0"/>
        <line num="1" count="0" type="cond" truecount="0" falsecount="1"/>
        <line num="10" count="0" type="stmt"/>
        <line num="11" count="0" type="stmt"/>
        <line num="12" count="0" type="stmt"/>
        <line num="13" count="0" type="stmt"/>
        <line num="14" count="0" type="stmt"/>
        <line num="15" count="0" type="stmt"/>
        <line num="16" count="0" type="stmt"/>
        <line num="17" count="0" type="stmt"/>
        <line num="18" count="0" type="stmt"/>
        <line num="19" count="0" type="stmt"/>
        <line num="20" count="0" type="stmt"/>
        <line num="21" count="0" type="stmt"/>
        <line num="22" count="0" type="stmt"/>
        <line num="23" count="0" type="stmt"/>
        <line num="24" count="0" type="stmt"/>
        <line num="25" count="0" type="stmt"/>
        <line num="27" count="0" type="stmt"/>
        <line num="28" count="0" type="stmt"/>
        <line num="29" count="0" type="stmt"/>
        <line num="30" count="0" type="stmt"/>
        <line num="32" count="0" type="stmt"/>
      </file>
      <file name="ScoreBoard.tsx" path="/workspace/src/components/ScoreBoard.tsx">
        <metrics statements="9" coveredstatements="0" conditionals="1" coveredconditionals="0" methods="1" coveredmethods="0"/>
        <line num="1" count="0" type="cond" truecount="0" falsecount="1"/>
        <line num="3" count="0" type="stmt"/>
        <line num="4" count="0" type="stmt"/>
        <line num="5" count="0" type="stmt"/>
        <line num="6" count="0" type="stmt"/>
        <line num="7" count="0" type="stmt"/>
        <line num="8" count="0" type="stmt"/>
        <line num="9" count="0" type="stmt"/>
        <line num="11" count="0" type="stmt"/>
      </file>
      <file name="Timer.tsx" path="/workspace/src/components/Timer.tsx">
        <metrics statements="27" coveredstatements="0" conditionals="1" coveredconditionals="0" methods="1" coveredmethods="0"/>
        <line num="1" count="0" type="cond" truecount="0" falsecount="1"/>
        <line num="5" count="0" type="stmt"/>
        <line num="6" count="0" type="stmt"/>
        <line num="7" count="0" type="stmt"/>
        <line num="8" count="0" type="stmt"/>
        <line num="9" count="0" type="stmt"/>
        <line num="12" count="0" type="stmt"/>
        <line num="13" count="0" type="stmt"/>
        <line num="14" count="0" type="stmt"/>
        <line num="16" count="0" type="stmt"/>
        <line num="17" count="0" type="stmt"/>
        <line num="19" count="0" type="stmt"/>
        <line num="20" count="0" type="stmt"/>
        <line num="21" count="0" type="stmt"/>
        <line num="22" count="0" type="stmt"/>
        <line num="23" count="0" type="stmt"/>
        <line num="24" count="0" type="stmt"/>
        <line num="27" count="0" type="stmt"/>
        <line num="28" count="0" type="stmt"/>
        <line num="29" count="0" type="stmt"/>
        <line num="30" count="0" type="stmt"/>
        <line num="31" count="0" type="stmt"/>
        <line num="33" count="0" type="stmt"/>
        <line num="34" count="0" type="stmt"/>
        <line num="35" count="0" type="stmt"/>
        <line num="36" count="0" type="stmt"/>
        <line num="38" count="0" type="stmt"/>
      </file>
    </package>
    <package name="workspace.src.context">
      <metrics statements="44" coveredstatements="0" conditionals="1" coveredconditionals="0" methods="1" coveredmethods="0"/>
      <file name="DataContext.tsx" path="/workspace/src/context/DataContext.tsx">
        <metrics statements="44" coveredstatements="0" conditionals="1" coveredconditionals="0" methods="1" coveredmethods="0"/>
        <line num="1" count="0" type="cond" truecount="0" falsecount="1"/>
        <line num="18" count="0" type="stmt"/>
        <line num="20" count="0" type="stmt"/>
        <line num="21" count="0" type="stmt"/>
        <line num="22" count="0" type="stmt"/>
        <line num="23" count="0" type="stmt"/>
        <line num="25" count="0" type="stmt"/>
        <line num="26" count="0" type="stmt"/>
        <line num="27" count="0" type="stmt"/>
        <line num="29" count="0" type="stmt"/>
        <line num="30" count="0" type="stmt"/>
        <line num="31" count="0" type="stmt"/>
        <line num="32" count="0" type="stmt"/>
        <line num="33" count="0" type="stmt"/>
        <line num="34" count="0" type="stmt"/>
        <line num="35" count="0" type="stmt"/>
        <line num="36" count="0" type="stmt"/>
        <line num="38" count="0" type="stmt"/>
        <line num="39" count="0" type="stmt"/>
        <line num="40" count="0" type="stmt"/>
        <line num="41" count="0" type="stmt"/>
        <line num="42" count="0" type="stmt"/>
        <line num="43" count="0" type="stmt"/>
        <line num="44" count="0" type="stmt"/>
        <line num="45" count="0" type="stmt"/>
        <line num="46" count="0" type="stmt"/>
        <line num="47" count="0" type="stmt"/>
        <line num="48" count="0" type="stmt"/>
        <line num="50" count="0" type="stmt"/>
        <line num="51" count="0" type="stmt"/>
        <line num="52" count="0" type="stmt"/>
        <line num="53" count="0" type="stmt"/>
        <line num="55" count="0" type="stmt"/>
        <line num="56" count="0" type="stmt"/>
        <line num="57" count="0" type="stmt"/>
        <line num="58" count="0" type="stmt"/>
        <line num="59" count="0" type="stmt"/>
        <line num="61" count="0" type="stmt"/>
        <line num="62" count="0" type="stmt"/>
        <line num="64" count="0" type="stmt"/>
        <line num="65" count="0" type="stmt"/>
        <line num="66" count="0" type="stmt"/>
        <line num="67" count="0" type="stmt"/>
        <line num="68" count="0" type="stmt"/>
      </file>
    </package>
    <package name="workspace.src.data">
      <metrics statements="18" coveredstatements="18" conditionals="0" coveredconditionals="0" methods="0" coveredmethods="0"/>
      <file name="fallbackPlayers.ts" path="/workspace/src/data/fallbackPlayers.ts">
        <metrics statements="18" coveredstatements="18" conditionals="0" coveredconditionals="0" methods="0" coveredmethods="0"/>
        <line num="3" count="1" type="stmt"/>
        <line num="4" count="1" type="stmt"/>
        <line num="5" count="1" type="stmt"/>
        <line num="6" count="1" type="stmt"/>
        <line num="7" count="1" type="stmt"/>
        <line num="8" count="1" type="stmt"/>
        <line num="10" count="1" type="stmt"/>
        <line num="11" count="1" type="stmt"/>
        <line num="12" count="1" type="stmt"/>
        <line num="13" count="1" type="stmt"/>
        <line num="14" count="1" type="stmt"/>
        <line num="15" count="1" type="stmt"/>
        <line num="16" count="1" type="stmt"/>
        <line num="17" count="1" type="stmt"/>
        <line num="18" count="1" type="stmt"/>
        <line num="19" count="1" type="stmt"/>
        <line num="20" count="1" type="stmt"/>
        <line num="21" count="1" type="stmt"/>
      </file>
    </package>
    <package name="workspace.src.hooks">
      <metrics statements="157" coveredstatements="0" conditionals="2" coveredconditionals="0" methods="2" coveredmethods="0"/>
      <file name="usePerformanceMonitor.ts" path="/workspace/src/hooks/usePerformanceMonitor.ts">
        <metrics statements="132" coveredstatements="0" conditionals="1" coveredconditionals="0" methods="1" coveredmethods="0"/>
        <line num="1" count="0" type="cond" truecount="0" falsecount="1"/>
        <line num="34" count="0" type="stmt"/>
        <line num="35" count="0" type="stmt"/>
        <line num="36" count="0" type="stmt"/>
        <line num="38" count="0" type="stmt"/>
        <line num="39" count="0" type="stmt"/>
        <line num="40" count="0" type="stmt"/>
        <line num="41" count="0" type="stmt"/>
        <line num="42" count="0" type="stmt"/>
        <line num="43" count="0" type="stmt"/>
        <line num="45" count="0" type="stmt"/>
        <line num="46" count="0" type="stmt"/>
        <line num="47" count="0" type="stmt"/>
        <line num="50" count="0" type="stmt"/>
        <line num="51" count="0" type="stmt"/>
        <line num="52" count="0" type="stmt"/>
        <line num="53" count="0" type="stmt"/>
        <line num="54" count="0" type="stmt"/>
        <line num="56" count="0" type="stmt"/>
        <line num="57" count="0" type="stmt"/>
        <line num="59" count="0" type="stmt"/>
        <line num="60" count="0" type="stmt"/>
        <line num="61" count="0" type="stmt"/>
        <line num="62" count="0" type="stmt"/>
        <line num="64" count="0" type="stmt"/>
        <line num="65" count="0" type="stmt"/>
        <line num="66" count="0" type="stmt"/>
        <line num="67" count="0" type="stmt"/>
        <line num="69" count="0" type="stmt"/>
        <line num="72" count="0" type="stmt"/>
        <line num="73" count="0" type="stmt"/>
        <line num="75" count="0" type="stmt"/>
        <line num="76" count="0" type="stmt"/>
        <line num="78" count="0" type="stmt"/>
        <line num="79" count="0" type="stmt"/>
        <line num="80" count="0" type="stmt"/>
        <line num="81" count="0" type="stmt"/>
        <line num="82" count="0" type="stmt"/>
        <line num="83" count="0" type="stmt"/>
        <line num="84" count="0" type="stmt"/>
        <line num="85" count="0" type="stmt"/>
        <line num="88" count="0" type="stmt"/>
        <line num="91" count="0" type="stmt"/>
        <line num="92" count="0" type="stmt"/>
        <line num="94" count="0" type="stmt"/>
        <line num="95" count="0" type="stmt"/>
        <line num="96" count="0" type="stmt"/>
        <line num="98" count="0" type="stmt"/>
        <line num="99" count="0" type="stmt"/>
        <line num="100" count="0" type="stmt"/>
        <line num="101" count="0" type="stmt"/>
        <line num="102" count="0" type="stmt"/>
        <line num="103" count="0" type="stmt"/>
        <line num="105" count="0" type="stmt"/>
        <line num="106" count="0" type="stmt"/>
        <line num="109" count="0" type="stmt"/>
        <line num="111" count="0" type="stmt"/>
        <line num="112" count="0" type="stmt"/>
        <line num="113" count="0" type="stmt"/>
        <line num="116" count="0" type="stmt"/>
        <line num="117" count="0" type="stmt"/>
        <line num="118" count="0" type="stmt"/>
        <line num="119" count="0" type="stmt"/>
        <line num="120" count="0" type="stmt"/>
        <line num="121" count="0" type="stmt"/>
        <line num="123" count="0" type="stmt"/>
        <line num="124" count="0" type="stmt"/>
        <line num="127" count="0" type="stmt"/>
        <line num="128" count="0" type="stmt"/>
        <line num="129" count="0" type="stmt"/>
        <line num="130" count="0" type="stmt"/>
        <line num="131" count="0" type="stmt"/>
        <line num="132" count="0" type="stmt"/>
        <line num="134" count="0" type="stmt"/>
        <line num="135" count="0" type="stmt"/>
        <line num="136" count="0" type="stmt"/>
        <line num="137" count="0" type="stmt"/>
        <line num="139" count="0" type="stmt"/>
        <line num="140" count="0" type="stmt"/>
        <line num="141" count="0" type="stmt"/>
        <line num="142" count="0" type="stmt"/>
        <line num="143" count="0" type="stmt"/>
        <line num="144" count="0" type="stmt"/>
        <line num="145" count="0" type="stmt"/>
        <line num="146" count="0" type="stmt"/>
        <line num="147" count="0" type="stmt"/>
        <line num="148" count="0" type="stmt"/>
        <line num="150" count="0" type="stmt"/>
        <line num="151" count="0" type="stmt"/>
        <line num="152" count="0" type="stmt"/>
        <line num="155" count="0" type="stmt"/>
        <line num="156" count="0" type="stmt"/>
        <line num="158" count="0" type="stmt"/>
        <line num="159" count="0" type="stmt"/>
        <line num="161" count="0" type="stmt"/>
        <line num="162" count="0" type="stmt"/>
        <line num="165" count="0" type="stmt"/>
        <line num="166" count="0" type="stmt"/>
        <line num="167" count="0" type="stmt"/>
        <line num="168" count="0" type="stmt"/>
        <line num="169" count="0" type="stmt"/>
        <line num="170" count="0" type="stmt"/>
        <line num="171" count="0" type="stmt"/>
        <line num="172" count="0" type="stmt"/>
        <line num="173" count="0" type="stmt"/>
        <line num="174" count="0" type="stmt"/>
        <line num="177" count="0" type="stmt"/>
        <line num="178" count="0" type="stmt"/>
        <line num="179" count="0" type="stmt"/>
        <line num="180" count="0" type="stmt"/>
        <line num="181" count="0" type="stmt"/>
        <line num="182" count="0" type="stmt"/>
        <line num="183" count="0" type="stmt"/>
        <line num="184" count="0" type="stmt"/>
        <line num="185" count="0" type="stmt"/>
        <line num="186" count="0" type="stmt"/>
        <line num="189" count="0" type="stmt"/>
        <line num="190" count="0" type="stmt"/>
        <line num="192" count="0" type="stmt"/>
        <line num="193" count="0" type="stmt"/>
        <line num="194" count="0" type="stmt"/>
        <line num="195" count="0" type="stmt"/>
        <line num="196" count="0" type="stmt"/>
        <line num="197" count="0" type="stmt"/>
        <line num="198" count="0" type="stmt"/>
        <line num="199" count="0" type="stmt"/>
        <line num="200" count="0" type="stmt"/>
        <line num="201" count="0" type="stmt"/>
        <line num="202" count="0" type="stmt"/>
        <line num="203" count="0" type="stmt"/>
        <line num="204" count="0" type="stmt"/>
        <line num="205" count="0" type="stmt"/>
      </file>
      <file name="useVisibilityPause.ts" path="/workspace/src/hooks/useVisibilityPause.ts">
        <metrics statements="25" coveredstatements="0" conditionals="1" coveredconditionals="0" methods="1" coveredmethods="0"/>
        <line num="1" count="0" type="cond" truecount="0" falsecount="1"/>
        <line num="7" count="0" type="stmt"/>
        <line num="8" count="0" type="stmt"/>
        <line num="9" count="0" type="stmt"/>
        <line num="10" count="0" type="stmt"/>
        <line num="12" count="0" type="stmt"/>
        <line num="13" count="0" type="stmt"/>
        <line num="14" count="0" type="stmt"/>
        <line num="15" count="0" type="stmt"/>
        <line num="16" count="0" type="stmt"/>
        <line num="17" count="0" type="stmt"/>
        <line num="18" count="0" type="stmt"/>
        <line num="19" count="0" type="stmt"/>
        <line num="21" count="0" type="stmt"/>
        <line num="22" count="0" type="stmt"/>
        <line num="23" count="0" type="stmt"/>
        <line num="24" count="0" type="stmt"/>
        <line num="26" count="0" type="stmt"/>
        <line num="27" count="0" type="stmt"/>
        <line num="28" count="0" type="stmt"/>
        <line num="29" count="0" type="stmt"/>
        <line num="30" count="0" type="stmt"/>
        <line num="31" count="0" type="stmt"/>
        <line num="33" count="0" type="stmt"/>
        <line num="34" count="0" type="stmt"/>
      </file>
    </package>
    <package name="workspace.src.pages">
      <metrics statements="166" coveredstatements="0" conditionals="2" coveredconditionals="0" methods="2" coveredmethods="0"/>
      <file name="Daily.tsx" path="/workspace/src/pages/Daily.tsx">
        <metrics statements="83" coveredstatements="0" conditionals="1" coveredconditionals="0" methods="1" coveredmethods="0"/>
        <line num="1" count="0" type="cond" truecount="0" falsecount="1"/>
        <line num="16" count="0" type="stmt"/>
        <line num="17" count="0" type="stmt"/>
        <line num="18" count="0" type="stmt"/>
        <line num="19" count="0" type="stmt"/>
        <line num="20" count="0" type="stmt"/>
        <line num="21" count="0" type="stmt"/>
        <line num="22" count="0" type="stmt"/>
        <line num="23" count="0" type="stmt"/>
        <line num="24" count="0" type="stmt"/>
        <line num="26" count="0" type="stmt"/>
        <line num="27" count="0" type="stmt"/>
        <line num="28" count="0" type="stmt"/>
        <line num="29" count="0" type="stmt"/>
        <line num="30" count="0" type="stmt"/>
        <line num="32" count="0" type="stmt"/>
        <line num="33" count="0" type="stmt"/>
        <line num="34" count="0" type="stmt"/>
        <line num="35" count="0" type="stmt"/>
        <line num="36" count="0" type="stmt"/>
        <line num="38" count="0" type="stmt"/>
        <line num="40" count="0" type="stmt"/>
        <line num="41" count="0" type="stmt"/>
        <line num="42" count="0" type="stmt"/>
        <line num="43" count="0" type="stmt"/>
        <line num="44" count="0" type="stmt"/>
        <line num="45" count="0" type="stmt"/>
        <line num="47" count="0" type="stmt"/>
        <line num="48" count="0" type="stmt"/>
        <line num="49" count="0" type="stmt"/>
        <line num="51" count="0" type="stmt"/>
        <line num="52" count="0" type="stmt"/>
        <line num="53" count="0" type="stmt"/>
        <line num="55" count="0" type="stmt"/>
        <line num="56" count="0" type="stmt"/>
        <line num="57" count="0" type="stmt"/>
        <line num="59" count="0" type="stmt"/>
        <line num="60" count="0" type="stmt"/>
        <line num="61" count="0" type="stmt"/>
        <line num="62" count="0" type="stmt"/>
        <line num="63" count="0" type="stmt"/>
        <line num="64" count="0" type="stmt"/>
        <line num="65" count="0" type="stmt"/>
        <line num="66" count="0" type="stmt"/>
        <line num="67" count="0" type="stmt"/>
        <line num="68" count="0" type="stmt"/>
        <line num="69" count="0" type="stmt"/>
        <line num="70" count="0" type="stmt"/>
        <line num="72" count="0" type="stmt"/>
        <line num="73" count="0" type="stmt"/>
        <line num="74" count="0" type="stmt"/>
        <line num="75" count="0" type="stmt"/>
        <line num="76" count="0" type="stmt"/>
        <line num="77" count="0" type="stmt"/>
        <line num="78" count="0" type="stmt"/>
        <line num="79" count="0" type="stmt"/>
        <line num="80" count="0" type="stmt"/>
        <line num="81" count="0" type="stmt"/>
        <line num="82" count="0" type="stmt"/>
        <line num="83" count="0" type="stmt"/>
        <line num="84" count="0" type="stmt"/>
        <line num="85" count="0" type="stmt"/>
        <line num="86" count="0" type="stmt"/>
        <line num="87" count="0" type="stmt"/>
        <line num="88" count="0" type="stmt"/>
        <line num="89" count="0" type="stmt"/>
        <line num="91" count="0" type="stmt"/>
        <line num="92" count="0" type="stmt"/>
        <line num="93" count="0" type="stmt"/>
        <line num="94" count="0" type="stmt"/>
        <line num="95" count="0" type="stmt"/>
        <line num="96" count="0" type="stmt"/>
        <line num="97" count="0" type="stmt"/>
        <line num="98" count="0" type="stmt"/>
        <line num="99" count="0" type="stmt"/>
        <line num="100" count="0" type="stmt"/>
        <line num="101" count="0" type="stmt"/>
        <line num="102" count="0" type="stmt"/>
        <line num="103" count="0" type="stmt"/>
        <line num="104" count="0" type="stmt"/>
        <line num="106" count="0" type="stmt"/>
        <line num="108" count="0" type="stmt"/>
        <line num="110" count="0" type="stmt"/>
      </file>
      <file name="Game.tsx" path="/workspace/src/pages/Game.tsx">
        <metrics statements="83" coveredstatements="0" conditionals="1" coveredconditionals="0" methods="1" coveredmethods="0"/>
        <line num="1" count="0" type="cond" truecount="0" falsecount="1"/>
        <line num="15" count="0" type="stmt"/>
        <line num="16" count="0" type="stmt"/>
        <line num="17" count="0" type="stmt"/>
        <line num="18" count="0" type="stmt"/>
        <line num="19" count="0" type="stmt"/>
        <line num="20" count="0" type="stmt"/>
        <line num="21" count="0" type="stmt"/>
        <line num="22" count="0" type="stmt"/>
        <line num="23" count="0" type="stmt"/>
        <line num="25" count="0" type="stmt"/>
        <line num="26" count="0" type="stmt"/>
        <line num="27" count="0" type="stmt"/>
        <line num="28" count="0" type="stmt"/>
        <line num="29" count="0" type="stmt"/>
        <line num="31" count="0" type="stmt"/>
        <line num="32" count="0" type="stmt"/>
        <line num="33" count="0" type="stmt"/>
        <line num="34" count="0" type="stmt"/>
        <line num="35" count="0" type="stmt"/>
        <line num="37" count="0" type="stmt"/>
        <line num="39" count="0" type="stmt"/>
        <line num="40" count="0" type="stmt"/>
        <line num="41" count="0" type="stmt"/>
        <line num="42" count="0" type="stmt"/>
        <line num="43" count="0" type="stmt"/>
        <line num="44" count="0" type="stmt"/>
        <line num="46" count="0" type="stmt"/>
        <line num="47" count="0" type="stmt"/>
        <line num="48" count="0" type="stmt"/>
        <line num="50" count="0" type="stmt"/>
        <line num="51" count="0" type="stmt"/>
        <line num="52" count="0" type="stmt"/>
        <line num="54" count="0" type="stmt"/>
        <line num="55" count="0" type="stmt"/>
        <line num="56" count="0" type="stmt"/>
        <line num="58" count="0" type="stmt"/>
        <line num="59" count="0" type="stmt"/>
        <line num="60" count="0" type="stmt"/>
        <line num="61" count="0" type="stmt"/>
        <line num="62" count="0" type="stmt"/>
        <line num="63" count="0" type="stmt"/>
        <line num="64" count="0" type="stmt"/>
        <line num="65" count="0" type="stmt"/>
        <line num="66" count="0" type="stmt"/>
        <line num="67" count="0" type="stmt"/>
        <line num="68" count="0" type="stmt"/>
        <line num="69" count="0" type="stmt"/>
        <line num="72" count="0" type="stmt"/>
        <line num="73" count="0" type="stmt"/>
        <line num="74" count="0" type="stmt"/>
        <line num="75" count="0" type="stmt"/>
        <line num="76" count="0" type="stmt"/>
        <line num="77" count="0" type="stmt"/>
        <line num="78" count="0" type="stmt"/>
        <line num="79" count="0" type="stmt"/>
        <line num="80" count="0" type="stmt"/>
        <line num="81" count="0" type="stmt"/>
        <line num="82" count="0" type="stmt"/>
        <line num="83" count="0" type="stmt"/>
        <line num="84" count="0" type="stmt"/>
        <line num="85" count="0" type="stmt"/>
        <line num="86" count="0" type="stmt"/>
        <line num="87" count="0" type="stmt"/>
        <line num="88" count="0" type="stmt"/>
        <line num="89" count="0" type="stmt"/>
        <line num="92" count="0" type="stmt"/>
        <line num="93" count="0" type="stmt"/>
        <line num="94" count="0" type="stmt"/>
        <line num="95" count="0" type="stmt"/>
        <line num="96" count="0" type="stmt"/>
        <line num="97" count="0" type="stmt"/>
        <line num="98" count="0" type="stmt"/>
        <line num="99" count="0" type="stmt"/>
        <line num="100" count="0" type="stmt"/>
        <line num="101" count="0" type="stmt"/>
        <line num="102" count="0" type="stmt"/>
        <line num="103" count="0" type="stmt"/>
        <line num="104" count="0" type="stmt"/>
        <line num="105" count="0" type="stmt"/>
        <line num="107" count="0" type="stmt"/>
        <line num="109" count="0" type="stmt"/>
        <line num="111" count="0" type="stmt"/>
      </file>
    </package>
    <package name="workspace.src.services">
      <metrics statements="266" coveredstatements="112" conditionals="34" coveredconditionals="31" methods="29" coveredmethods="14"/>
      <file name="dataService.ts" path="/workspace/src/services/dataService.ts">
        <metrics statements="266" coveredstatements="112" conditionals="34" coveredconditionals="31" methods="29" coveredmethods="14"/>
        <line num="1" count="1" type="stmt"/>
        <line num="7" count="1" type="cond" truecount="1" falsecount="0"/>
        <line num="8" count="1" type="stmt"/>
        <line num="9" count="1" type="stmt"/>
        <line num="11" count="1" type="cond" truecount="1" falsecount="0"/>
        <line num="12" count="1" type="stmt"/>
        <line num="13" count="1" type="stmt"/>
        <line num="15" count="1" type="stmt"/>
        <line num="16" count="0" type="stmt"/>
        <line num="17" count="0" type="stmt"/>
        <line num="19" count="0" type="stmt"/>
        <line num="20" count="0" type="stmt"/>
        <line num="21" count="0" type="stmt"/>
        <line num="22" count="0" type="stmt"/>
        <line num="23" count="0" type="stmt"/>
        <line num="25" count="1" type="stmt"/>
        <line num="26" count="0" type="stmt"/>
        <line num="27" count="0" type="stmt"/>
        <line num="28" count="0" type="stmt"/>
        <line num="30" count="0" type="stmt"/>
        <line num="31" count="0" type="stmt"/>
        <line num="32" count="0" type="stmt"/>
        <line num="33" count="0" type="stmt"/>
        <line num="34" count="0" type="stmt"/>
        <line num="35" count="0" type="stmt"/>
        <line num="36" count="0" type="stmt"/>
        <line num="38" count="1" type="stmt"/>
        <line num="39" count="0" type="stmt"/>
        <line num="40" count="0" type="stmt"/>
        <line num="42" count="1" type="stmt"/>
        <line num="43" count="0" type="stmt"/>
        <line num="44" count="0" type="stmt"/>
        <line num="45" count="1" type="stmt"/>
        <line num="48" count="1" type="cond" truecount="1" falsecount="0"/>
        <line num="49" count="22" type="stmt"/>
        <line num="50" count="22" type="stmt"/>
        <line num="51" count="22" type="stmt"/>
        <line num="53" count="22" type="cond" truecount="1" falsecount="0"/>
        <line num="54" count="22" type="stmt"/>
        <line num="55" count="22" type="stmt"/>
        <line num="57" count="22" type="cond" truecount="1" falsecount="0"/>
        <line num="59" count="22" type="cond" truecount="1" falsecount="0"/>
        <line num="60" count="57" type="stmt"/>
        <line num="62" count="57" type="cond" truecount="1" falsecount="0"/>
        <line num="63" count="57" type="stmt"/>
        <line num="64" count="57" type="stmt"/>
        <line num="67" count="57" type="stmt"/>
        <line num="68" count="57" type="stmt"/>
        <line num="69" count="22" type="stmt"/>
        <line num="71" count="22" type="cond" truecount="1" falsecount="0"/>
        <line num="72" count="57" type="stmt"/>
        <line num="75" count="57" type="cond" truecount="1" falsecount="0"/>
        <line num="76" count="445" type="cond" truecount="2" falsecount="0"/>
        <line num="77" count="439" type="stmt"/>
        <line num="78" count="439" type="stmt"/>
        <line num="79" count="439" type="stmt"/>
        <line num="80" count="439" type="cond" truecount="1" falsecount="0"/>
        <line num="81" count="268" type="stmt"/>
        <line num="82" count="268" type="stmt"/>
        <line num="83" count="439" type="stmt"/>
        <line num="84" count="439" type="stmt"/>
        <line num="85" count="439" type="stmt"/>
        <line num="86" count="445" type="stmt"/>
        <line num="88" count="57" type="stmt"/>
        <line num="89" count="57" type="stmt"/>
        <line num="90" count="57" type="stmt"/>
        <line num="91" count="57" type="stmt"/>
        <line num="92" count="57" type="stmt"/>
        <line num="95" count="57" type="cond" truecount="1" falsecount="0"/>
        <line num="96" count="20" type="cond" truecount="1" falsecount="0"/>
        <line num="97" count="46" type="stmt"/>
        <line num="98" count="46" type="stmt"/>
        <line num="99" count="20" type="stmt"/>
        <line num="102" count="57" type="stmt"/>
        <line num="103" count="57" type="cond" truecount="1" falsecount="0"/>
        <line num="104" count="114" type="stmt"/>
        <line num="105" count="114" type="stmt"/>
        <line num="106" count="57" type="stmt"/>
        <line num="108" count="22" type="cond" truecount="1" falsecount="0"/>
        <line num="109" count="503" type="cond" truecount="0" falsecount="1"/>
        <line num="110" count="0" type="stmt"/>
        <line num="111" count="0" type="stmt"/>
        <line num="113" count="503" type="stmt"/>
        <line num="114" count="503" type="stmt"/>
        <line num="115" count="503" type="stmt"/>
        <line num="116" count="503" type="stmt"/>
        <line num="117" count="503" type="stmt"/>
        <line num="118" count="503" type="stmt"/>
        <line num="119" count="503" type="stmt"/>
        <line num="120" count="503" type="stmt"/>
        <line num="121" count="503" type="cond" truecount="0" falsecount="1"/>
        <line num="122" count="0" type="stmt"/>
        <line num="123" count="0" type="stmt"/>
        <line num="124" count="0" type="stmt"/>
        <line num="125" count="503" type="stmt"/>
        <line num="127" count="22" type="cond" truecount="1" falsecount="0"/>
        <line num="128" count="57" type="stmt"/>
        <line num="129" count="57" type="stmt"/>
        <line num="131" count="22" type="cond" truecount="1" falsecount="0"/>
        <line num="132" count="8" type="stmt"/>
        <line num="133" count="8" type="stmt"/>
        <line num="135" count="22" type="cond" truecount="1" falsecount="0"/>
        <line num="136" count="4" type="cond" truecount="1" falsecount="0"/>
        <line num="137" count="4" type="stmt"/>
        <line num="139" count="22" type="cond" truecount="1" falsecount="0"/>
        <line num="140" count="10" type="cond" truecount="2" falsecount="0"/>
        <line num="141" count="3" type="stmt"/>
        <line num="142" count="3" type="cond" truecount="1" falsecount="0"/>
        <line num="144" count="7" type="stmt"/>
        <line num="145" count="10" type="cond" truecount="0" falsecount="1"/>
        <line num="146" count="0" type="stmt"/>
        <line num="147" count="0" type="cond" truecount="1" falsecount="0"/>
        <line num="149" count="7" type="stmt"/>
        <line num="151" count="10" type="cond" truecount="2" falsecount="0"/>
        <line num="153" count="5" type="stmt"/>
        <line num="154" count="5" type="cond" truecount="1" falsecount="0"/>
        <line num="155" count="5" type="cond" truecount="1" falsecount="0"/>
        <line num="156" count="10" type="stmt"/>
        <line num="158" count="22" type="cond" truecount="1" falsecount="0"/>
        <line num="159" count="4" type="stmt"/>
        <line num="160" count="4" type="stmt"/>
        <line num="161" count="22" type="stmt"/>
        <line num="164" count="1" type="cond" truecount="1" falsecount="0"/>
        <line num="165" count="1" type="stmt"/>
        <line num="166" count="1" type="stmt"/>
        <line num="167" count="1" type="stmt"/>
        <line num="168" count="1" type="stmt"/>
        <line num="170" count="1" type="stmt"/>
        <line num="171" count="0" type="stmt"/>
        <line num="172" count="0" type="stmt"/>
        <line num="174" count="0" type="stmt"/>
        <line num="175" count="0" type="stmt"/>
        <line num="176" count="0" type="stmt"/>
        <line num="178" count="0" type="stmt"/>
        <line num="179" count="0" type="stmt"/>
        <line num="180" count="0" type="stmt"/>
        <line num="181" count="0" type="stmt"/>
        <line num="182" count="0" type="stmt"/>
        <line num="183" count="0" type="stmt"/>
        <line num="184" count="0" type="stmt"/>
        <line num="185" count="0" type="stmt"/>
        <line num="186" count="0" type="stmt"/>
        <line num="187" count="0" type="stmt"/>
        <line num="188" count="0" type="stmt"/>
        <line num="189" count="0" type="stmt"/>
        <line num="191" count="0" type="stmt"/>
        <line num="192" count="0" type="stmt"/>
        <line num="193" count="0" type="stmt"/>
        <line num="194" count="0" type="stmt"/>
        <line num="195" count="0" type="stmt"/>
        <line num="197" count="0" type="stmt"/>
        <line num="198" count="0" type="stmt"/>
        <line num="199" count="0" type="stmt"/>
        <line num="200" count="0" type="stmt"/>
        <line num="201" count="0" type="stmt"/>
        <line num="203" count="0" type="stmt"/>
        <line num="204" count="0" type="stmt"/>
        <line num="205" count="0" type="stmt"/>
        <line num="207" count="0" type="stmt"/>
        <line num="208" count="0" type="stmt"/>
        <line num="209" count="0" type="stmt"/>
        <line num="211" count="0" type="stmt"/>
        <line num="212" count="0" type="stmt"/>
        <line num="213" count="0" type="stmt"/>
        <line num="214" count="0" type="stmt"/>
        <line num="215" count="0" type="stmt"/>
        <line num="217" count="1" type="stmt"/>
        <line num="219" count="0" type="stmt"/>
        <line num="220" count="0" type="stmt"/>
        <line num="221" count="0" type="stmt"/>
        <line num="222" count="0" type="stmt"/>
        <line num="225" count="0" type="stmt"/>
        <line num="226" count="0" type="stmt"/>
        <line num="227" count="0" type="stmt"/>
        <line num="228" count="0" type="stmt"/>
        <line num="231" count="0" type="stmt"/>
        <line num="232" count="0" type="stmt"/>
        <line num="234" count="0" type="stmt"/>
        <line num="235" count="0" type="stmt"/>
        <line num="236" count="0" type="stmt"/>
        <line num="237" count="0" type="stmt"/>
        <line num="238" count="0" type="stmt"/>
        <line num="239" count="0" type="stmt"/>
        <line num="240" count="0" type="stmt"/>
        <line num="241" count="0" type="stmt"/>
        <line num="243" count="1" type="stmt"/>
        <line num="244" count="0" type="stmt"/>
        <line num="245" count="0" type="stmt"/>
        <line num="247" count="0" type="stmt"/>
        <line num="248" count="0" type="stmt"/>
        <line num="249" count="0" type="stmt"/>
        <line num="251" count="0" type="stmt"/>
        <line num="252" count="0" type="stmt"/>
        <line num="253" count="0" type="stmt"/>
        <line num="254" count="0" type="stmt"/>
        <line num="256" count="0" type="stmt"/>
        <line num="257" count="0" type="stmt"/>
        <line num="258" count="0" type="stmt"/>
        <line num="259" count="0" type="stmt"/>
        <line num="260" count="0" type="stmt"/>
        <line num="262" count="1" type="stmt"/>
        <line num="263" count="0" type="stmt"/>
        <line num="264" count="0" type="stmt"/>
        <line num="265" count="0" type="stmt"/>
        <line num="266" count="0" type="stmt"/>
        <line num="267" count="0" type="stmt"/>
        <line num="268" count="0" type="stmt"/>
        <line num="269" count="0" type="stmt"/>
        <line num="270" count="0" type="stmt"/>
        <line num="272" count="1" type="stmt"/>
        <line num="274" count="0" type="stmt"/>
        <line num="275" count="0" type="stmt"/>
        <line num="276" count="0" type="stmt"/>
        <line num="277" count="0" type="stmt"/>
        <line num="279" count="0" type="stmt"/>
        <line num="280" count="0" type="stmt"/>
        <line num="281" count="0" type="stmt"/>
        <line num="282" count="0" type="stmt"/>
        <line num="283" count="0" type="stmt"/>
        <line num="284" count="0" type="stmt"/>
        <line num="285" count="0" type="stmt"/>
        <line num="286" count="0" type="stmt"/>
        <line num="287" count="0" type="stmt"/>
        <line num="288" count="0" type="stmt"/>
        <line num="290" count="1" type="stmt"/>
        <line num="291" count="0" type="stmt"/>
        <line num="293" count="0" type="stmt"/>
        <line num="294" count="0" type="stmt"/>
        <line num="295" count="0" type="stmt"/>
        <line num="296" count="0" type="stmt"/>
        <line num="297" count="0" type="stmt"/>
        <line num="299" count="0" type="stmt"/>
        <line num="300" count="0" type="stmt"/>
        <line num="301" count="0" type="stmt"/>
        <line num="303" count="0" type="stmt"/>
        <line num="304" count="0" type="stmt"/>
        <line num="306" count="1" type="stmt"/>
        <line num="307" count="0" type="stmt"/>
        <line num="308" count="0" type="stmt"/>
        <line num="309" count="0" type="stmt"/>
        <line num="310" count="0" type="stmt"/>
        <line num="311" count="0" type="stmt"/>
        <line num="312" count="0" type="stmt"/>
        <line num="313" count="0" type="stmt"/>
        <line num="314" count="0" type="stmt"/>
        <line num="315" count="0" type="stmt"/>
        <line num="316" count="0" type="stmt"/>
        <line num="317" count="0" type="stmt"/>
        <line num="318" count="0" type="stmt"/>
        <line num="319" count="0" type="stmt"/>
        <line num="321" count="1" type="stmt"/>
        <line num="322" count="0" type="stmt"/>
        <line num="323" count="0" type="stmt"/>
        <line num="325" count="1" type="stmt"/>
        <line num="326" count="0" type="stmt"/>
        <line num="327" count="0" type="stmt"/>
        <line num="330" count="1" type="stmt"/>
        <line num="331" count="0" type="stmt"/>
        <line num="332" count="0" type="stmt"/>
        <line num="333" count="0" type="stmt"/>
        <line num="336" count="1" type="stmt"/>
        <line num="337" count="0" type="stmt"/>
        <line num="338" count="0" type="stmt"/>
        <line num="339" count="0" type="stmt"/>
        <line num="340" count="1" type="stmt"/>
        <line num="343" count="1" type="stmt"/>
      </file>
    </package>
    <package name="workspace.src.state">
      <metrics statements="292" coveredstatements="229" conditionals="81" coveredconditionals="69" methods="10" coveredmethods="10"/>
      <file name="gameMachine.ts" path="/workspace/src/state/gameMachine.ts">
        <metrics statements="292" coveredstatements="229" conditionals="81" coveredconditionals="69" methods="10" coveredmethods="10"/>
        <line num="1" count="1" type="stmt"/>
        <line num="5" count="1" type="stmt"/>
        <line num="6" count="1" type="stmt"/>
        <line num="7" count="1" type="stmt"/>
        <line num="8" count="1" type="stmt"/>
        <line num="9" count="1" type="stmt"/>
        <line num="16" count="1" type="stmt"/>
        <line num="17" count="1" type="cond" truecount="1" falsecount="0"/>
        <line num="18" count="1" type="stmt"/>
        <line num="19" count="1" type="stmt"/>
        <line num="20" count="1" type="stmt"/>
        <line num="23" count="1" type="stmt"/>
        <line num="25" count="1" type="cond" truecount="1" falsecount="0"/>
        <line num="26" count="32" type="stmt"/>
        <line num="27" count="32" type="stmt"/>
        <line num="29" count="1" type="cond" truecount="1" falsecount="0"/>
        <line num="30" count="32" type="stmt"/>
        <line num="31" count="32" type="stmt"/>
        <line num="34" count="1" type="stmt"/>
        <line num="35" count="1" type="cond" truecount="1" falsecount="0"/>
        <line num="36" count="39" type="stmt"/>
        <line num="37" count="39" type="stmt"/>
        <line num="38" count="39" type="stmt"/>
        <line num="39" count="39" type="stmt"/>
        <line num="40" count="39" type="stmt"/>
        <line num="41" count="39" type="stmt"/>
        <line num="42" count="39" type="stmt"/>
        <line num="43" count="39" type="stmt"/>
        <line num="44" count="1" type="stmt"/>
        <line num="55" count="95" type="cond" truecount="1" falsecount="0"/>
        <line num="56" count="95" type="cond" truecount="0" falsecount="1"/>
        <line num="58" count="95" type="stmt"/>
        <line num="60" count="95" type="stmt"/>
        <line num="61" count="95" type="cond" truecount="1" falsecount="0"/>
        <line num="62" count="95" type="cond" truecount="1" falsecount="0"/>
        <line num="63" count="95" type="cond" truecount="1" falsecount="0"/>
        <line num="64" count="46" type="stmt"/>
        <line num="65" count="95" type="cond" truecount="1" falsecount="0"/>
        <line num="66" count="12" type="cond" truecount="2" falsecount="0"/>
        <line num="67" count="95" type="cond" truecount="1" falsecount="0"/>
        <line num="68" count="21" type="cond" truecount="1" falsecount="0"/>
        <line num="69" count="19" type="stmt"/>
        <line num="70" count="95" type="cond" truecount="1" falsecount="0"/>
        <line num="71" count="14" type="cond" truecount="1" falsecount="0"/>
        <line num="72" count="12" type="stmt"/>
        <line num="73" count="95" type="cond" truecount="1" falsecount="0"/>
        <line num="74" count="2" type="stmt"/>
        <line num="75" count="95" type="stmt"/>
        <line num="76" count="95" type="stmt"/>
        <line num="78" count="150" type="cond" truecount="1" falsecount="0"/>
        <line num="79" count="150" type="cond" truecount="0" falsecount="1"/>
        <line num="81" count="150" type="stmt"/>
        <line num="83" count="150" type="cond" truecount="0" falsecount="1"/>
        <line num="85" count="150" type="stmt"/>
        <line num="86" count="150" type="cond" truecount="1" falsecount="0"/>
        <line num="87" count="42" type="stmt"/>
        <line num="88" count="150" type="cond" truecount="1" falsecount="0"/>
        <line num="89" count="84" type="cond" truecount="1" falsecount="0"/>
        <line num="90" count="83" type="cond" truecount="1" falsecount="0"/>
        <line num="91" count="83" type="cond" truecount="1" falsecount="0"/>
        <line num="92" count="83" type="cond" truecount="2" falsecount="0"/>
        <line num="93" count="83" type="cond" truecount="1" falsecount="0"/>
        <line num="94" count="83" type="cond" truecount="1" falsecount="0"/>
        <line num="95" count="83" type="cond" truecount="1" falsecount="0"/>
        <line num="96" count="83" type="cond" truecount="1" falsecount="0"/>
        <line num="97" count="83" type="cond" truecount="1" falsecount="0"/>
        <line num="98" count="83" type="cond" truecount="1" falsecount="0"/>
        <line num="99" count="83" type="cond" truecount="1" falsecount="0"/>
        <line num="100" count="82" type="cond" truecount="1" falsecount="0"/>
        <line num="101" count="82" type="stmt"/>
        <line num="102" count="150" type="cond" truecount="1" falsecount="0"/>
        <line num="103" count="22" type="stmt"/>
        <line num="104" count="22" type="stmt"/>
        <line num="105" count="22" type="stmt"/>
        <line num="106" count="22" type="stmt"/>
        <line num="107" count="22" type="stmt"/>
        <line num="108" count="22" type="stmt"/>
        <line num="109" count="22" type="stmt"/>
        <line num="110" count="22" type="cond" truecount="1" falsecount="0"/>
        <line num="111" count="22" type="stmt"/>
        <line num="112" count="22" type="stmt"/>
        <line num="113" count="22" type="stmt"/>
        <line num="114" count="150" type="cond" truecount="1" falsecount="0"/>
        <line num="115" count="2" type="stmt"/>
        <line num="116" count="150" type="stmt"/>
        <line num="117" count="150" type="stmt"/>
        <line num="119" count="12" type="cond" truecount="1" falsecount="0"/>
        <line num="120" count="12" type="stmt"/>
        <line num="121" count="12" type="stmt"/>
        <line num="122" count="12" type="stmt"/>
        <line num="123" count="12" type="stmt"/>
        <line num="124" count="12" type="stmt"/>
        <line num="126" count="22" type="cond" truecount="1" falsecount="0"/>
        <line num="127" count="22" type="stmt"/>
        <line num="128" count="22" type="stmt"/>
        <line num="130" count="1" type="cond" truecount="1" falsecount="0"/>
        <line num="131" count="29" type="stmt"/>
        <line num="132" count="29" type="stmt"/>
        <line num="134" count="1" type="cond" truecount="1" falsecount="0"/>
        <line num="136" count="99" type="cond" truecount="1" falsecount="0"/>
        <line num="137" count="4" type="stmt"/>
        <line num="138" count="4" type="stmt"/>
        <line num="139" count="4" type="stmt"/>
        <line num="140" count="4" type="stmt"/>
        <line num="141" count="4" type="stmt"/>
        <line num="142" count="4" type="stmt"/>
        <line num="143" count="4" type="cond" truecount="1" falsecount="0"/>
        <line num="145" count="99" type="cond" truecount="1" falsecount="0"/>
        <line num="146" count="12" type="stmt"/>
        <line num="147" count="12" type="stmt"/>
        <line num="148" count="12" type="stmt"/>
        <line num="149" count="12" type="stmt"/>
        <line num="150" count="12" type="stmt"/>
        <line num="151" count="12" type="stmt"/>
        <line num="152" count="12" type="cond" truecount="1" falsecount="0"/>
        <line num="154" count="83" type="stmt"/>
        <line num="155" count="83" type="stmt"/>
        <line num="156" count="99" type="cond" truecount="1" falsecount="0"/>
        <line num="157" count="30" type="cond" truecount="1" falsecount="0"/>
        <line num="158" count="20" type="stmt"/>
        <line num="159" count="20" type="stmt"/>
        <line num="160" count="20" type="stmt"/>
        <line num="161" count="20" type="stmt"/>
        <line num="162" count="20" type="stmt"/>
        <line num="163" count="20" type="stmt"/>
        <line num="164" count="20" type="stmt"/>
        <line num="165" count="20" type="stmt"/>
        <line num="166" count="20" type="stmt"/>
        <line num="168" count="20" type="cond" truecount="0" falsecount="1"/>
        <line num="169" count="0" type="stmt"/>
        <line num="170" count="0" type="stmt"/>
        <line num="171" count="0" type="stmt"/>
        <line num="172" count="0" type="stmt"/>
        <line num="173" count="0" type="stmt"/>
        <line num="174" count="0" type="stmt"/>
        <line num="175" count="0" type="stmt"/>
        <line num="177" count="20" type="stmt"/>
        <line num="178" count="20" type="cond" truecount="1" falsecount="0"/>
        <line num="181" count="30" type="cond" truecount="1" falsecount="0"/>
        <line num="182" count="9" type="stmt"/>
        <line num="183" count="9" type="stmt"/>
        <line num="184" count="9" type="stmt"/>
        <line num="185" count="9" type="stmt"/>
        <line num="186" count="9" type="stmt"/>
        <line num="187" count="9" type="stmt"/>
        <line num="188" count="9" type="cond" truecount="1" falsecount="0"/>
        <line num="190" count="1" type="stmt"/>
        <line num="191" count="1" type="stmt"/>
        <line num="193" count="99" type="cond" truecount="1" falsecount="0"/>
        <line num="194" count="41" type="cond" truecount="1" falsecount="0"/>
        <line num="196" count="4" type="cond" truecount="1" falsecount="0"/>
        <line num="197" count="2" type="stmt"/>
        <line num="198" count="2" type="stmt"/>
        <line num="199" count="2" type="stmt"/>
        <line num="200" count="2" type="stmt"/>
        <line num="201" count="2" type="stmt"/>
        <line num="202" count="2" type="stmt"/>
        <line num="203" count="2" type="stmt"/>
        <line num="205" count="4" type="cond" truecount="1" falsecount="0"/>
        <line num="206" count="1" type="stmt"/>
        <line num="207" count="1" type="stmt"/>
        <line num="208" count="1" type="stmt"/>
        <line num="209" count="1" type="stmt"/>
        <line num="210" count="1" type="stmt"/>
        <line num="211" count="1" type="stmt"/>
        <line num="212" count="1" type="stmt"/>
        <line num="213" count="1" type="stmt"/>
        <line num="215" count="1" type="cond" truecount="0" falsecount="1"/>
        <line num="216" count="0" type="stmt"/>
        <line num="217" count="0" type="stmt"/>
        <line num="218" count="0" type="stmt"/>
        <line num="219" count="0" type="stmt"/>
        <line num="220" count="0" type="stmt"/>
        <line num="221" count="0" type="stmt"/>
        <line num="222" count="0" type="stmt"/>
        <line num="224" count="1" type="stmt"/>
        <line num="225" count="1" type="stmt"/>
        <line num="226" count="1" type="stmt"/>
        <line num="227" count="1" type="cond" truecount="1" falsecount="0"/>
        <line num="229" count="41" type="cond" truecount="1" falsecount="0"/>
        <line num="231" count="12" type="stmt"/>
        <line num="232" count="12" type="cond" truecount="1" falsecount="0"/>
        <line num="233" count="1" type="stmt"/>
        <line num="234" count="1" type="cond" truecount="1" falsecount="0"/>
        <line num="236" count="11" type="stmt"/>
        <line num="238" count="12" type="cond" truecount="1" falsecount="0"/>
        <line num="239" count="2" type="stmt"/>
        <line num="240" count="2" type="stmt"/>
        <line num="241" count="2" type="stmt"/>
        <line num="242" count="2" type="stmt"/>
        <line num="243" count="2" type="stmt"/>
        <line num="244" count="2" type="stmt"/>
        <line num="245" count="2" type="stmt"/>
        <line num="246" count="2" type="stmt"/>
        <line num="248" count="2" type="cond" truecount="0" falsecount="1"/>
        <line num="249" count="0" type="stmt"/>
        <line num="250" count="0" type="stmt"/>
        <line num="251" count="0" type="stmt"/>
        <line num="252" count="0" type="stmt"/>
        <line num="253" count="0" type="stmt"/>
        <line num="254" count="0" type="stmt"/>
        <line num="255" count="0" type="stmt"/>
        <line num="257" count="2" type="stmt"/>
        <line num="258" count="2" type="cond" truecount="1" falsecount="0"/>
        <line num="260" count="9" type="stmt"/>
        <line num="262" count="12" type="cond" truecount="0" falsecount="1"/>
        <line num="263" count="0" type="stmt"/>
        <line num="264" count="0" type="stmt"/>
        <line num="265" count="0" type="stmt"/>
        <line num="266" count="0" type="stmt"/>
        <line num="267" count="0" type="stmt"/>
        <line num="268" count="0" type="stmt"/>
        <line num="269" count="0" type="cond" truecount="1" falsecount="0"/>
        <line num="271" count="9" type="stmt"/>
        <line num="272" count="9" type="cond" truecount="1" falsecount="0"/>
        <line num="274" count="41" type="cond" truecount="1" falsecount="0"/>
        <line num="276" count="18" type="cond" truecount="1" falsecount="0"/>
        <line num="277" count="6" type="stmt"/>
        <line num="278" count="6" type="cond" truecount="1" falsecount="0"/>
        <line num="280" count="12" type="stmt"/>
        <line num="281" count="12" type="stmt"/>
        <line num="282" count="12" type="stmt"/>
        <line num="283" count="12" type="stmt"/>
        <line num="284" count="12" type="stmt"/>
        <line num="286" count="18" type="cond" truecount="0" falsecount="1"/>
        <line num="287" count="0" type="stmt"/>
        <line num="288" count="0" type="stmt"/>
        <line num="289" count="0" type="stmt"/>
        <line num="290" count="0" type="stmt"/>
        <line num="291" count="0" type="stmt"/>
        <line num="292" count="0" type="stmt"/>
        <line num="293" count="0" type="cond" truecount="1" falsecount="0"/>
        <line num="295" count="12" type="stmt"/>
        <line num="296" count="12" type="cond" truecount="1" falsecount="0"/>
        <line num="298" count="7" type="stmt"/>
        <line num="299" count="7" type="stmt"/>
        <line num="300" count="7" type="stmt"/>
        <line num="301" count="7" type="stmt"/>
        <line num="302" count="7" type="stmt"/>
        <line num="303" count="7" type="stmt"/>
        <line num="304" count="7" type="stmt"/>
        <line num="305" count="7" type="stmt"/>
        <line num="306" count="7" type="stmt"/>
        <line num="308" count="7" type="cond" truecount="0" falsecount="1"/>
        <line num="309" count="0" type="stmt"/>
        <line num="310" count="0" type="stmt"/>
        <line num="311" count="0" type="stmt"/>
        <line num="312" count="0" type="stmt"/>
        <line num="313" count="0" type="stmt"/>
        <line num="314" count="0" type="stmt"/>
        <line num="315" count="0" type="stmt"/>
        <line num="317" count="7" type="stmt"/>
        <line num="318" count="7" type="cond" truecount="0" falsecount="1"/>
        <line num="321" count="0" type="stmt"/>
        <line num="322" count="0" type="stmt"/>
        <line num="323" count="0" type="stmt"/>
        <line num="324" count="0" type="stmt"/>
        <line num="325" count="0" type="stmt"/>
        <line num="326" count="0" type="stmt"/>
        <line num="327" count="0" type="stmt"/>
        <line num="329" count="99" type="cond" truecount="1" falsecount="0"/>
        <line num="330" count="12" type="cond" truecount="1" falsecount="0"/>
        <line num="331" count="1" type="stmt"/>
        <line num="332" count="1" type="cond" truecount="1" falsecount="0"/>
        <line num="335" count="11" type="stmt"/>
        <line num="336" count="11" type="stmt"/>
        <line num="337" count="11" type="stmt"/>
        <line num="338" count="11" type="stmt"/>
        <line num="339" count="11" type="stmt"/>
        <line num="340" count="11" type="stmt"/>
        <line num="341" count="11" type="stmt"/>
        <line num="343" count="99" type="cond" truecount="0" falsecount="1"/>
        <line num="344" count="0" type="stmt"/>
        <line num="345" count="0" type="stmt"/>
        <line num="346" count="0" type="stmt"/>
        <line num="347" count="0" type="stmt"/>
        <line num="348" count="0" type="stmt"/>
        <line num="349" count="0" type="stmt"/>
        <line num="350" count="0" type="stmt"/>
        <line num="351" count="99" type="stmt"/>
        <line num="352" count="99" type="cond" truecount="1" falsecount="0"/>
        <line num="353" count="22" type="stmt"/>
        <line num="354" count="22" type="stmt"/>
        <line num="355" count="22" type="cond" truecount="0" falsecount="1"/>
        <line num="357" count="0" type="stmt"/>
        <line num="358" count="0" type="stmt"/>
        <line num="359" count="0" type="stmt"/>
        <line num="360" count="0" type="stmt"/>
        <line num="361" count="0" type="stmt"/>
        <line num="362" count="0" type="stmt"/>
        <line num="363" count="0" type="stmt"/>
        <line num="364" count="99" type="stmt"/>
      </file>
    </package>
    <package name="workspace.src.utils">
      <metrics statements="1159" coveredstatements="519" conditionals="191" coveredconditionals="144" methods="51" coveredmethods="44"/>
      <file name="date.ts" path="/workspace/src/utils/date.ts">
        <metrics statements="24" coveredstatements="17" conditionals="8" coveredconditionals="4" methods="2" coveredmethods="1"/>
        <line num="2" count="1" type="cond" truecount="1" falsecount="0"/>
        <line num="6" count="1" type="stmt"/>
        <line num="7" count="1" type="stmt"/>
        <line num="8" count="1" type="stmt"/>
        <line num="9" count="1" type="stmt"/>
        <line num="10" count="1" type="stmt"/>
        <line num="11" count="1" type="stmt"/>
        <line num="12" count="1" type="stmt"/>
        <line num="13" count="1" type="stmt"/>
        <line num="14" count="1" type="cond" truecount="1" falsecount="1"/>
        <line num="15" count="1" type="cond" truecount="1" falsecount="1"/>
        <line num="16" count="1" type="cond" truecount="1" falsecount="1"/>
        <line num="17" count="1" type="stmt"/>
        <line num="18" count="1" type="cond" truecount="0" falsecount="1"/>
        <line num="20" count="0" type="stmt"/>
        <line num="21" count="0" type="stmt"/>
        <line num="22" count="0" type="stmt"/>
        <line num="23" count="0" type="stmt"/>
        <line num="24" count="0" type="stmt"/>
        <line num="25" count="1" type="stmt"/>
        <line num="27" count="1" type="stmt"/>
        <line num="29" count="1" type="stmt"/>
        <line num="30" count="0" type="stmt"/>
        <line num="31" count="0" type="stmt"/>
      </file>
      <file name="fuzzy.ts" path="/workspace/src/utils/fuzzy.ts">
        <metrics statements="42" coveredstatements="0" conditionals="1" coveredconditionals="1" methods="1" coveredmethods="1"/>
        <line num="3" count="0" type="stmt"/>
        <line num="4" count="0" type="stmt"/>
        <line num="5" count="0" type="stmt"/>
        <line num="7" count="0" type="stmt"/>
        <line num="8" count="0" type="stmt"/>
        <line num="9" count="0" type="stmt"/>
        <line num="10" count="0" type="stmt"/>
        <line num="11" count="0" type="stmt"/>
        <line num="12" count="0" type="stmt"/>
        <line num="13" count="0" type="stmt"/>
        <line num="15" count="0" type="stmt"/>
        <line num="16" count="0" type="stmt"/>
        <line num="17" count="0" type="stmt"/>
        <line num="20" count="0" type="stmt"/>
        <line num="21" count="0" type="stmt"/>
        <line num="22" count="0" type="stmt"/>
        <line num="23" count="0" type="stmt"/>
        <line num="24" count="0" type="stmt"/>
        <line num="25" count="0" type="stmt"/>
        <line num="26" count="0" type="stmt"/>
        <line num="27" count="0" type="stmt"/>
        <line num="28" count="0" type="stmt"/>
        <line num="29" count="0" type="stmt"/>
        <line num="30" count="0" type="stmt"/>
        <line num="32" count="0" type="stmt"/>
        <line num="33" count="0" type="stmt"/>
        <line num="34" count="0" type="stmt"/>
        <line num="35" count="0" type="stmt"/>
        <line num="37" count="0" type="stmt"/>
        <line num="38" count="0" type="stmt"/>
        <line num="41" count="0" type="stmt"/>
        <line num="42" count="0" type="stmt"/>
        <line num="43" count="0" type="stmt"/>
        <line num="46" count="0" type="stmt"/>
        <line num="47" count="0" type="stmt"/>
        <line num="50" count="0" type="stmt"/>
        <line num="51" count="0" type="stmt"/>
        <line num="52" count="0" type="stmt"/>
        <line num="53" count="0" type="stmt"/>
        <line num="54" count="0" type="stmt"/>
        <line num="56" count="0" type="stmt"/>
        <line num="57" count="0" type="stmt"/>
      </file>
      <file name="normalize.ts" path="/workspace/src/utils/normalize.ts">
        <metrics statements="29" coveredstatements="2" conditionals="0" coveredconditionals="0" methods="2" coveredmethods="0"/>
        <line num="3" count="1" type="stmt"/>
        <line num="4" count="0" type="stmt"/>
        <line num="5" count="0" type="stmt"/>
        <line num="6" count="0" type="stmt"/>
        <line num="7" count="0" type="stmt"/>
        <line num="8" count="0" type="stmt"/>
        <line num="9" count="0" type="stmt"/>
        <line num="10" count="0" type="stmt"/>
        <line num="11" count="0" type="stmt"/>
        <line num="12" count="0" type="stmt"/>
        <line num="13" count="0" type="stmt"/>
        <line num="15" count="1" type="stmt"/>
        <line num="16" count="0" type="stmt"/>
        <line num="17" count="0" type="stmt"/>
        <line num="18" count="0" type="stmt"/>
        <line num="19" count="0" type="stmt"/>
        <line num="20" count="0" type="stmt"/>
        <line num="21" count="0" type="stmt"/>
        <line num="22" count="0" type="stmt"/>
        <line num="23" count="0" type="stmt"/>
        <line num="24" count="0" type="stmt"/>
        <line num="25" count="0" type="stmt"/>
        <line num="26" count="0" type="stmt"/>
        <line num="27" count="0" type="stmt"/>
        <line num="28" count="0" type="stmt"/>
        <line num="29" count="0" type="stmt"/>
        <line num="30" count="0" type="stmt"/>
        <line num="31" count="0" type="stmt"/>
        <line num="32" count="0" type="stmt"/>
      </file>
      <file name="optimizedFuzzy.ts" path="/workspace/src/utils/optimizedFuzzy.ts">
        <metrics statements="363" coveredstatements="293" conditionals="103" coveredconditionals="81" methods="30" coveredmethods="29"/>
        <line num="4" count="1" type="stmt"/>
        <line num="5" count="1" type="stmt"/>
        <line num="6" count="1" type="stmt"/>
        <line num="7" count="1" type="stmt"/>
        <line num="10" count="1" type="stmt"/>
        <line num="11" count="1" type="cond" truecount="1" falsecount="0"/>
        <line num="12" count="18" type="stmt"/>
        <line num="13" count="18" type="stmt"/>
        <line num="14" count="18" type="stmt"/>
        <line num="15" count="18" type="stmt"/>
        <line num="16" count="18" type="stmt"/>
        <line num="17" count="18" type="stmt"/>
        <line num="18" count="18" type="stmt"/>
        <line num="19" count="1" type="stmt"/>
        <line num="22" count="1" type="cond" truecount="1" falsecount="0"/>
        <line num="23" count="1" type="stmt"/>
        <line num="24" count="1" type="stmt"/>
        <line num="25" count="1" type="stmt"/>
        <line num="27" count="1" type="cond" truecount="1" falsecount="0"/>
        <line num="28" count="1" type="stmt"/>
        <line num="29" count="1" type="stmt"/>
        <line num="31" count="1" type="cond" truecount="1" falsecount="0"/>
        <line num="32" count="1134" type="stmt"/>
        <line num="33" count="1134" type="cond" truecount="1" falsecount="0"/>
        <line num="35" count="1" type="stmt"/>
        <line num="36" count="1" type="stmt"/>
        <line num="37" count="1134" type="stmt"/>
        <line num="38" count="1134" type="stmt"/>
        <line num="40" count="1" type="cond" truecount="1" falsecount="0"/>
        <line num="41" count="1133" type="cond" truecount="0" falsecount="1"/>
        <line num="42" count="0" type="stmt"/>
        <line num="43" count="0" type="stmt"/>
        <line num="44" count="1133" type="stmt"/>
        <line num="45" count="1133" type="cond" truecount="1" falsecount="0"/>
        <line num="46" count="100" type="stmt"/>
        <line num="47" count="100" type="stmt"/>
        <line num="48" count="1133" type="stmt"/>
        <line num="49" count="1133" type="stmt"/>
        <line num="50" count="1133" type="stmt"/>
        <line num="51" count="1133" type="stmt"/>
        <line num="53" count="1" type="cond" truecount="1" falsecount="0"/>
        <line num="54" count="1" type="stmt"/>
        <line num="55" count="1" type="stmt"/>
        <line num="56" count="1" type="stmt"/>
        <line num="57" count="1" type="stmt"/>
        <line num="58" count="1" type="stmt"/>
        <line num="59" count="1" type="stmt"/>
        <line num="61" count="1" type="cond" truecount="1" falsecount="0"/>
        <line num="62" count="100" type="stmt"/>
        <line num="63" count="100" type="stmt"/>
        <line num="64" count="100" type="stmt"/>
        <line num="65" count="100" type="stmt"/>
        <line num="66" count="100" type="stmt"/>
        <line num="68" count="1" type="cond" truecount="1" falsecount="0"/>
        <line num="69" count="43" type="stmt"/>
        <line num="70" count="43" type="stmt"/>
        <line num="71" count="43" type="stmt"/>
        <line num="73" count="1" type="cond" truecount="1" falsecount="0"/>
        <line num="74" count="14" type="stmt"/>
        <line num="75" count="14" type="stmt"/>
        <line num="77" count="1" type="cond" truecount="1" falsecount="0"/>
        <line num="78" count="14" type="stmt"/>
        <line num="79" count="14" type="stmt"/>
        <line num="80" count="1" type="stmt"/>
        <line num="83" count="1" type="stmt"/>
        <line num="86" count="1143" type="cond" truecount="1" falsecount="0"/>
        <line num="87" count="1143" type="cond" truecount="1" falsecount="0"/>
        <line num="88" count="3" type="stmt"/>
        <line num="89" count="3" type="stmt"/>
        <line num="90" count="3" type="stmt"/>
        <line num="91" count="3" type="stmt"/>
        <line num="92" count="3" type="cond" truecount="1" falsecount="0"/>
        <line num="94" count="1143" type="cond" truecount="1" falsecount="0"/>
        <line num="95" count="1" type="stmt"/>
        <line num="96" count="1" type="cond" truecount="1" falsecount="0"/>
        <line num="98" count="1143" type="cond" truecount="1" falsecount="0"/>
        <line num="99" count="2" type="stmt"/>
        <line num="100" count="2" type="stmt"/>
        <line num="101" count="2" type="stmt"/>
        <line num="102" count="2" type="stmt"/>
        <line num="103" count="2" type="cond" truecount="1" falsecount="0"/>
        <line num="105" count="1137" type="stmt"/>
        <line num="106" count="1137" type="stmt"/>
        <line num="108" count="1229" type="cond" truecount="1" falsecount="0"/>
        <line num="109" count="1229" type="cond" truecount="2" falsecount="0"/>
        <line num="110" count="3" type="stmt"/>
        <line num="111" count="3" type="stmt"/>
        <line num="112" count="3" type="stmt"/>
        <line num="113" count="3" type="stmt"/>
        <line num="114" count="3" type="cond" truecount="1" falsecount="0"/>
        <line num="116" count="1226" type="stmt"/>
        <line num="118" count="1229" type="cond" truecount="2" falsecount="0"/>
        <line num="119" count="3" type="stmt"/>
        <line num="120" count="3" type="stmt"/>
        <line num="121" count="3" type="stmt"/>
        <line num="122" count="3" type="stmt"/>
        <line num="123" count="3" type="cond" truecount="1" falsecount="0"/>
        <line num="125" count="1223" type="stmt"/>
        <line num="126" count="1223" type="stmt"/>
        <line num="128" count="2718" type="cond" truecount="1" falsecount="0"/>
        <line num="129" count="2718" type="stmt"/>
        <line num="130" count="2718" type="stmt"/>
        <line num="131" count="2718" type="cond" truecount="0" falsecount="1"/>
        <line num="133" count="0" type="stmt"/>
        <line num="134" count="0" type="stmt"/>
        <line num="135" count="0" type="stmt"/>
        <line num="136" count="2718" type="stmt"/>
        <line num="138" count="2718" type="cond" truecount="1" falsecount="0"/>
        <line num="139" count="2718" type="cond" truecount="0" falsecount="1"/>
        <line num="140" count="0" type="stmt"/>
        <line num="141" count="0" type="stmt"/>
        <line num="143" count="2718" type="cond" truecount="0" falsecount="1"/>
        <line num="144" count="0" type="stmt"/>
        <line num="145" count="0" type="stmt"/>
        <line num="147" count="2718" type="stmt"/>
        <line num="148" count="2718" type="stmt"/>
        <line num="149" count="2718" type="stmt"/>
        <line num="150" count="2718" type="stmt"/>
        <line num="151" count="2718" type="stmt"/>
        <line num="152" count="2718" type="stmt"/>
        <line num="155" count="2718" type="cond" truecount="1" falsecount="0"/>
        <line num="156" count="4" type="stmt"/>
        <line num="157" count="4" type="stmt"/>
        <line num="159" count="2718" type="stmt"/>
        <line num="160" count="2718" type="cond" truecount="0" falsecount="1"/>
        <line num="161" count="0" type="stmt"/>
        <line num="162" count="0" type="stmt"/>
        <line num="163" count="0" type="stmt"/>
        <line num="164" count="2718" type="stmt"/>
        <line num="166" count="1197" type="cond" truecount="1" falsecount="0"/>
        <line num="167" count="1197" type="stmt"/>
        <line num="168" count="1197" type="stmt"/>
        <line num="169" count="1197" type="cond" truecount="0" falsecount="1"/>
        <line num="170" count="0" type="stmt"/>
        <line num="171" count="0" type="stmt"/>
        <line num="173" count="1197" type="stmt"/>
        <line num="176" count="1197" type="stmt"/>
        <line num="177" count="1197" type="cond" truecount="0" falsecount="1"/>
        <line num="178" count="0" type="stmt"/>
        <line num="179" count="0" type="stmt"/>
        <line num="180" count="0" type="stmt"/>
[...]
        <line num="18" count="0" type="stmt"/>
        <line num="19" count="0" type="stmt"/>
        <line num="20" count="0" type="stmt"/>
        <line num="21" count="0" type="stmt"/>
        <line num="23" count="0" type="stmt"/>
        <line num="24" count="0" type="stmt"/>
        <line num="25" count="0" type="stmt"/>
        <line num="26" count="0" type="stmt"/>
        <line num="27" count="0" type="stmt"/>
        <line num="28" count="0" type="stmt"/>
        <line num="30" count="0" type="stmt"/>
        <line num="32" count="0" type="stmt"/>
        <line num="33" count="0" type="stmt"/>
        <line num="34" count="0" type="stmt"/>
        <line num="35" count="0" type="stmt"/>
        <line num="36" count="0" type="stmt"/>
        <line num="37" count="0" type="stmt"/>
        <line num="38" count="0" type="stmt"/>
        <line num="39" count="0" type="stmt"/>
        <line num="40" count="0" type="stmt"/>
        <line num="41" count="0" type="stmt"/>
        <line num="42" count="0" type="stmt"/>
      </file>
      <file name="retry.ts" path="/workspace/src/utils/retry.ts">
        <metrics statements="38" coveredstatements="0" conditionals="0" coveredconditionals="0" methods="1" coveredmethods="0"/>
        <line num="1" count="0" type="stmt"/>
        <line num="2" count="0" type="stmt"/>
        <line num="3" count="0" type="stmt"/>
        <line num="4" count="0" type="stmt"/>
        <line num="5" count="0" type="stmt"/>
        <line num="6" count="0" type="stmt"/>
        <line num="7" count="0" type="stmt"/>
        <line num="8" count="0" type="stmt"/>
        <line num="9" count="0" type="stmt"/>
        <line num="10" count="0" type="stmt"/>
        <line num="12" count="0" type="stmt"/>
        <line num="14" count="0" type="stmt"/>
        <line num="15" count="0" type="stmt"/>
        <line num="17" count="0" type="stmt"/>
        <line num="18" count="0" type="stmt"/>
        <line num="20" count="0" type="stmt"/>
        <line num="21" count="0" type="stmt"/>
        <line num="22" count="0" type="stmt"/>
        <line num="23" count="0" type="stmt"/>
        <line num="24" count="0" type="stmt"/>
        <line num="26" count="0" type="stmt"/>
        <line num="28" count="0" type="stmt"/>
        <line num="29" count="0" type="stmt"/>
        <line num="30" count="0" type="stmt"/>
        <line num="31" count="0" type="stmt"/>
        <line num="32" count="0" type="stmt"/>
        <line num="33" count="0" type="stmt"/>
        <line num="34" count="0" type="stmt"/>
        <line num="36" count="0" type="stmt"/>
        <line num="37" count="0" type="stmt"/>
        <line num="38" count="0" type="stmt"/>
        <line num="39" count="0" type="stmt"/>
        <line num="40" count="0" type="stmt"/>
        <line num="41" count="0" type="stmt"/>
        <line num="43" count="0" type="stmt"/>
        <line num="45" count="0" type="stmt"/>
        <line num="46" count="0" type="stmt"/>
        <line num="47" count="0" type="stmt"/>
      </file>
      <file name="storage.ts" path="/workspace/src/utils/storage.ts">
        <metrics statements="305" coveredstatements="207" conditionals="76" coveredconditionals="56" methods="12" coveredmethods="11"/>
        <line num="1" count="1" type="stmt"/>
        <line num="2" count="1" type="stmt"/>
        <line num="3" count="1" type="stmt"/>
        <line num="4" count="1" type="stmt"/>
        <line num="15" count="1" type="stmt"/>
        <line num="16" count="1" type="stmt"/>
        <line num="17" count="1" type="stmt"/>
        <line num="18" count="1" type="stmt"/>
        <line num="19" count="1" type="stmt"/>
        <line num="20" count="1" type="stmt"/>
        <line num="21" count="1" type="stmt"/>
        <line num="22" count="1" type="stmt"/>
        <line num="25" count="1" type="stmt"/>
        <line num="26" count="1" type="cond" truecount="1" falsecount="0"/>
        <line num="27" count="6" type="stmt"/>
        <line num="28" count="6" type="stmt"/>
        <line num="29" count="6" type="stmt"/>
        <line num="30" count="6" type="stmt"/>
        <line num="31" count="6" type="stmt"/>
        <line num="32" count="6" type="stmt"/>
        <line num="33" count="6" type="stmt"/>
        <line num="34" count="1" type="stmt"/>
        <line num="37" count="7698" type="cond" truecount="1" falsecount="0"/>
        <line num="38" count="7698" type="cond" truecount="0" falsecount="1"/>
        <line num="40" count="7698" type="stmt"/>
        <line num="42" count="7698" type="stmt"/>
        <line num="43" count="7698" type="stmt"/>
        <line num="44" count="7698" type="cond" truecount="1" falsecount="0"/>
        <line num="45" count="7698" type="stmt"/>
        <line num="46" count="7698" type="stmt"/>
        <line num="47" count="7698" type="stmt"/>
        <line num="48" count="7698" type="stmt"/>
        <line num="49" count="7698" type="stmt"/>
        <line num="50" count="7698" type="stmt"/>
        <line num="51" count="7698" type="cond" truecount="1" falsecount="0"/>
        <line num="52" count="7698" type="cond" truecount="1" falsecount="0"/>
        <line num="53" count="7698" type="cond" truecount="1" falsecount="0"/>
        <line num="55" count="7698" type="stmt"/>
        <line num="57" count="7698" type="cond" truecount="1" falsecount="0"/>
        <line num="58" count="7698" type="cond" truecount="0" falsecount="1"/>
        <line num="59" count="0" type="stmt"/>
        <line num="60" count="0" type="stmt"/>
        <line num="62" count="7698" type="stmt"/>
        <line num="65" count="7698" type="stmt"/>
        <line num="66" count="7698" type="stmt"/>
        <line num="67" count="7698" type="stmt"/>
        <line num="68" count="7698" type="cond" truecount="2" falsecount="0"/>
        <line num="69" count="7698" type="stmt"/>
        <line num="70" count="7698" type="stmt"/>
        <line num="73" count="7698" type="cond" truecount="1" falsecount="0"/>
        <line num="74" count="15396" type="cond" truecount="2" falsecount="0"/>
        <line num="75" count="15392" type="stmt"/>
        <line num="76" count="15392" type="cond" truecount="1" falsecount="0"/>
        <line num="77" count="4" type="stmt"/>
        <line num="78" count="15396" type="stmt"/>
        <line num="81" count="7698" type="cond" truecount="1" falsecount="0"/>
        <line num="82" count="23094" type="cond" truecount="2" falsecount="0"/>
        <line num="83" count="3736" type="stmt"/>
        <line num="84" count="3736" type="cond" truecount="1" falsecount="0"/>
        <line num="85" count="19358" type="stmt"/>
        <line num="86" count="23094" type="stmt"/>
        <line num="88" count="7698" type="stmt"/>
        <line num="89" count="7698" type="stmt"/>
        <line num="90" count="7698" type="stmt"/>
        <line num="91" count="7698" type="stmt"/>
        <line num="92" count="7698" type="stmt"/>
        <line num="93" count="7698" type="stmt"/>
        <line num="94" count="7698" type="stmt"/>
        <line num="95" count="7698" type="stmt"/>
        <line num="96" count="7698" type="stmt"/>
        <line num="98" count="123" type="cond" truecount="1" falsecount="0"/>
        <line num="99" count="123" type="stmt"/>
        <line num="100" count="123" type="stmt"/>
        <line num="101" count="123" type="stmt"/>
        <line num="103" count="123" type="cond" truecount="0" falsecount="1"/>
        <line num="104" count="0" type="stmt"/>
        <line num="105" count="0" type="stmt"/>
        <line num="106" count="0" type="stmt"/>
        <line num="107" count="0" type="stmt"/>
        <line num="108" count="0" type="cond" truecount="1" falsecount="0"/>
        <line num="110" count="121" type="stmt"/>
        <line num="111" count="123" type="cond" truecount="1" falsecount="0"/>
        <line num="112" count="2" type="cond" truecount="0" falsecount="1"/>
        <line num="113" count="0" type="stmt"/>
        <line num="114" count="0" type="stmt"/>
        <line num="115" count="2" type="stmt"/>
        <line num="116" count="2" type="stmt"/>
        <line num="117" count="2" type="stmt"/>
        <line num="118" count="2" type="cond" truecount="0" falsecount="1"/>
        <line num="119" count="2" type="stmt"/>
        <line num="120" count="2" type="stmt"/>
        <line num="121" count="123" type="stmt"/>
        <line num="123" count="1" type="cond" truecount="1" falsecount="0"/>
        <line num="124" count="3862" type="stmt"/>
        <line num="126" count="3862" type="stmt"/>
        <line num="127" count="3862" type="cond" truecount="1" falsecount="0"/>
        <line num="128" count="120" type="stmt"/>
        <line num="129" count="120" type="stmt"/>
        <line num="130" count="120" type="cond" truecount="1" falsecount="0"/>
        <line num="131" count="1" type="stmt"/>
        <line num="133" count="1" type="stmt"/>
        <line num="134" count="120" type="cond" truecount="1" falsecount="0"/>
        <line num="137" count="3741" type="stmt"/>
        <line num="138" count="3862" type="cond" truecount="1" falsecount="0"/>
        <line num="139" count="2" type="stmt"/>
        <line num="140" count="2" type="stmt"/>
        <line num="141" count="2" type="stmt"/>
        <line num="142" count="3862" type="stmt"/>
        <line num="144" count="3741" type="cond" truecount="1" falsecount="0"/>
        <line num="145" count="3741" type="stmt"/>
        <line num="146" count="3741" type="stmt"/>
        <line num="147" count="3741" type="stmt"/>
        <line num="148" count="3741" type="cond" truecount="1" falsecount="0"/>
        <line num="149" count="3731" type="stmt"/>
        <line num="150" count="3731" type="stmt"/>
        <line num="151" count="3731" type="cond" truecount="0" falsecount="1"/>
        <line num="152" count="0" type="cond" truecount="1" falsecount="0"/>
        <line num="153" count="3730" type="cond" truecount="1" falsecount="0"/>
        <line num="154" count="1865" type="cond" truecount="1" falsecount="0"/>
        <line num="155" count="1865" type="stmt"/>
        <line num="156" count="3731" type="stmt"/>
        <line num="157" count="3731" type="cond" truecount="2" falsecount="1"/>
        <line num="158" count="3731" type="stmt"/>
        <line num="159" count="3731" type="cond" truecount="1" falsecount="2"/>
        <line num="160" count="3731" type="cond" truecount="2" falsecount="0"/>
        <line num="161" count="3731" type="cond" truecount="1" falsecount="1"/>
        <line num="162" count="3731" type="cond" truecount="1" falsecount="1"/>
        <line num="163" count="3731" type="stmt"/>
        <line num="166" count="3731" type="stmt"/>
        <line num="167" count="3731" type="cond" truecount="1" falsecount="0"/>
        <line num="168" count="3730" type="stmt"/>
        <line num="169" count="3730" type="stmt"/>
        <line num="170" count="3730" type="stmt"/>
        <line num="171" count="3730" type="stmt"/>
        <line num="172" count="3730" type="cond" truecount="1" falsecount="0"/>
        <line num="173" count="1" type="stmt"/>
        <line num="174" count="1" type="stmt"/>
        <line num="175" count="1" type="stmt"/>
        <line num="176" count="3730" type="stmt"/>
        <line num="177" count="3731" type="stmt"/>
        <line num="178" count="3741" type="cond" truecount="1" falsecount="0"/>
        <line num="179" count="1" type="stmt"/>
        <line num="181" count="1" type="stmt"/>
        <line num="182" count="3741" type="cond" truecount="1" falsecount="0"/>
        <line num="184" count="11" type="stmt"/>
        <line num="185" count="11" type="stmt"/>
        <line num="187" count="1" type="cond" truecount="1" falsecount="0"/>
        <line num="188" count="3849" type="stmt"/>
        <line num="190" count="3849" type="cond" truecount="2" falsecount="0"/>
        <line num="192" count="3847" type="stmt"/>
        <line num="195" count="3847" type="stmt"/>
        <line num="198" count="3847" type="stmt"/>
        <line num="201" count="3847" type="cond" truecount="0" falsecount="1"/>
        <line num="202" count="0" type="stmt"/>
        <line num="203" count="0" type="stmt"/>
        <line num="204" count="0" type="stmt"/>
        <line num="205" count="0" type="stmt"/>
        <line num="206" count="0" type="stmt"/>
        <line num="209" count="3847" type="stmt"/>
        <line num="210" count="3847" type="stmt"/>
        <line num="212" count="3849" type="cond" truecount="1" falsecount="0"/>
        <line num="213" count="2" type="stmt"/>
        <line num="214" count="2" type="stmt"/>
        <line num="215" count="2" type="stmt"/>
        <line num="216" count="2" type="stmt"/>
        <line num="217" count="2" type="stmt"/>
        <line num="218" count="3849" type="cond" truecount="1" falsecount="0"/>
        <line num="219" count="3" type="stmt"/>
        <line num="221" count="3" type="cond" truecount="0" falsecount="1"/>
        <line num="222" count="0" type="stmt"/>
        <line num="223" count="0" type="stmt"/>
        <line num="224" count="0" type="stmt"/>
        <line num="226" count="0" type="stmt"/>
        <line num="227" count="0" type="stmt"/>
        <line num="228" count="0" type="stmt"/>
        <line num="229" count="0" type="stmt"/>
        <line num="230" count="0" type="stmt"/>
        <line num="231" count="0" type="stmt"/>
        <line num="232" count="0" type="stmt"/>
        <line num="233" count="0" type="stmt"/>
        <line num="234" count="0" type="stmt"/>
        <line num="235" count="0" type="stmt"/>
        <line num="236" count="0" type="stmt"/>
        <line num="237" count="0" type="stmt"/>
        <line num="238" count="0" type="stmt"/>
        <line num="239" count="0" type="stmt"/>
        <line num="240" count="0" type="stmt"/>
        <line num="241" count="0" type="stmt"/>
        <line num="242" count="0" type="stmt"/>
        <line num="245" count="3" type="cond" truecount="0" falsecount="1"/>
        <line num="246" count="0" type="stmt"/>
        <line num="247" count="0" type="stmt"/>
        <line num="248" count="0" type="stmt"/>
        <line num="249" count="0" type="stmt"/>
        <line num="250" count="0" type="stmt"/>
        <line num="251" count="0" type="stmt"/>
        <line num="253" count="3" type="stmt"/>
        <line num="254" count="3" type="stmt"/>
        <line num="255" count="3" type="cond" truecount="0" falsecount="1"/>
        <line num="256" count="0" type="stmt"/>
        <line num="257" count="0" type="stmt"/>
        <line num="258" count="3" type="stmt"/>
        <line num="259" count="3849" type="stmt"/>
        <line num="262" count="0" type="stmt"/>
        <line num="263" count="0" type="stmt"/>
        <line num="265" count="0" type="stmt"/>
        <line num="266" count="0" type="stmt"/>
        <line num="267" count="0" type="stmt"/>
        <line num="268" count="0" type="stmt"/>
        <line num="271" count="0" type="stmt"/>
        <line num="272" count="0" type="stmt"/>
        <line num="273" count="0" type="stmt"/>
        <line num="274" count="0" type="stmt"/>
        <line num="275" count="0" type="stmt"/>
        <line num="276" count="0" type="stmt"/>
        <line num="277" count="0" type="stmt"/>
        <line num="279" count="0" type="stmt"/>
        <line num="280" count="0" type="stmt"/>
        <line num="281" count="0" type="stmt"/>
        <line num="282" count="0" type="stmt"/>
        <line num="283" count="0" type="stmt"/>
        <line num="284" count="0" type="stmt"/>
        <line num="287" count="1" type="cond" truecount="1" falsecount="0"/>
        <line num="292" count="5" type="stmt"/>
        <line num="293" count="5" type="stmt"/>
        <line num="294" count="5" type="stmt"/>
        <line num="295" count="5" type="stmt"/>
        <line num="296" count="5" type="stmt"/>
        <line num="297" count="5" type="stmt"/>
        <line num="299" count="5" type="stmt"/>
        <line num="300" count="5" type="stmt"/>
        <line num="301" count="5" type="stmt"/>
        <line num="302" count="5" type="cond" truecount="2" falsecount="0"/>
        <line num="303" count="5" type="cond" truecount="0" falsecount="1"/>
        <line num="305" count="0" type="stmt"/>
        <line num="306" count="0" type="stmt"/>
        <line num="307" count="0" type="stmt"/>
        <line num="308" count="0" type="stmt"/>
        <line num="309" count="0" type="stmt"/>
        <line num="310" count="0" type="stmt"/>
        <line num="311" count="0" type="stmt"/>
        <line num="313" count="5" type="stmt"/>
        <line num="314" count="5" type="cond" truecount="2" falsecount="0"/>
        <line num="315" count="3" type="stmt"/>
        <line num="316" count="3" type="stmt"/>
        <line num="317" count="3" type="cond" truecount="1" falsecount="0"/>
        <line num="318" count="1" type="stmt"/>
        <line num="319" count="1" type="stmt"/>
        <line num="320" count="3" type="stmt"/>
        <line num="322" count="5" type="stmt"/>
        <line num="323" count="5" type="stmt"/>
        <line num="324" count="5" type="stmt"/>
        <line num="325" count="5" type="stmt"/>
        <line num="326" count="5" type="stmt"/>
        <line num="327" count="5" type="stmt"/>
        <line num="328" count="5" type="cond" truecount="0" falsecount="1"/>
        <line num="329" count="0" type="stmt"/>
        <line num="330" count="0" type="stmt"/>
        <line num="331" count="0" type="stmt"/>
        <line num="332" count="0" type="stmt"/>
        <line num="333" count="0" type="stmt"/>
        <line num="334" count="0" type="stmt"/>
        <line num="335" count="0" type="stmt"/>
        <line num="336" count="5" type="stmt"/>
        <line num="338" count="1" type="cond" truecount="1" falsecount="0"/>
        <line num="339" count="2" type="stmt"/>
        <line num="341" count="2" type="stmt"/>
        <line num="344" count="2" type="stmt"/>
        <line num="345" count="2" type="cond" truecount="1" falsecount="0"/>
        <line num="346" count="4" type="stmt"/>
        <line num="347" count="4" type="cond" truecount="1" falsecount="0"/>
        <line num="348" count="3" type="stmt"/>
        <line num="349" count="3" type="stmt"/>
        <line num="350" count="4" type="stmt"/>
        <line num="351" count="2" type="cond" truecount="0" falsecount="1"/>
        <line num="352" count="0" type="stmt"/>
        <line num="353" count="0" type="stmt"/>
        <line num="354" count="0" type="stmt"/>
        <line num="355" count="0" type="stmt"/>
        <line num="356" count="0" type="stmt"/>
        <line num="357" count="0" type="stmt"/>
        <line num="360" count="2" type="cond" truecount="1" falsecount="0"/>
        <line num="361" count="3" type="stmt"/>
        <line num="362" count="3" type="stmt"/>
        <line num="363" count="3" type="cond" truecount="0" falsecount="1"/>
        <line num="364" count="0" type="stmt"/>
        <line num="365" count="0" type="stmt"/>
        <line num="366" count="0" type="stmt"/>
        <line num="367" count="0" type="stmt"/>
        <line num="368" count="0" type="stmt"/>
        <line num="369" count="0" type="stmt"/>
        <line num="370" count="3" type="stmt"/>
        <line num="372" count="2" type="stmt"/>
        <line num="373" count="2" type="cond" truecount="0" falsecount="1"/>
        <line num="374" count="0" type="stmt"/>
        <line num="375" count="0" type="stmt"/>
        <line num="376" count="0" type="stmt"/>
        <line num="377" count="0" type="stmt"/>
        <line num="378" count="0" type="stmt"/>
        <line num="379" count="0" type="stmt"/>
        <line num="380" count="0" type="stmt"/>
        <line num="381" count="0" type="stmt"/>
        <line num="382" count="0" type="stmt"/>
        <line num="383" count="0" type="stmt"/>
        <line num="384" count="2" type="stmt"/>
      </file>
    </package>
  </project>
</coverage>
