{"/workspace/playwright.config.ts": {"path":"/workspace/playwright.config.ts","all":true,"statementMap":{"0":{"start":{"line":1,"column":0},"end":{"line":1,"column":57}},"2":{"start":{"line":3,"column":0},"end":{"line":3,"column":29}},"3":{"start":{"line":4,"column":0},"end":{"line":4,"column":25}},"4":{"start":{"line":5,"column":0},"end":{"line":5,"column":21}},"5":{"start":{"line":6,"column":0},"end":{"line":6,"column":8}},"6":{"start":{"line":7,"column":0},"end":{"line":7,"column":21}},"7":{"start":{"line":8,"column":0},"end":{"line":8,"column":37}},"8":{"start":{"line":9,"column":0},"end":{"line":9,"column":28}},"9":{"start":{"line":10,"column":0},"end":{"line":10,"column":4}},"10":{"start":{"line":11,"column":0},"end":{"line":11,"column":13}},"11":{"start":{"line":12,"column":0},"end":{"line":12,"column":5}},"12":{"start":{"line":13,"column":0},"end":{"line":13,"column":23}},"13":{"start":{"line":14,"column":0},"end":{"line":14,"column":44}},"14":{"start":{"line":15,"column":0},"end":{"line":15,"column":5}},"15":{"start":{"line":16,"column":0},"end":{"line":16,"column":4}},"16":{"start":{"line":17,"column":0},"end":{"line":17,"column":14}},"17":{"start":{"line":18,"column":0},"end":{"line":18,"column":27}},"18":{"start":{"line":19,"column":0},"end":{"line":19,"column":15}},"19":{"start":{"line":20,"column":0},"end":{"line":20,"column":41}},"20":{"start":{"line":21,"column":0},"end":{"line":21,"column":4}},"21":{"start":{"line":22,"column":0},"end":{"line":22,"column":3}}},"s":{"0":0,"2":0,"3":0,"4":0,"5":0,"6":0,"7":0,"8":0,"9":0,"10":0,"11":0,"12":0,"13":0,"14":0,"15":0,"16":0,"17":0,"18":0,"19":0,"20":0,"21":0},"branchMap":{"0":{"type":"branch","line":1,"loc":{"start":{"line":1,"column":0},"end":{"line":22,"column":-118}},"locations":[{"start":{"line":1,"column":0},"end":{"line":22,"column":-118}}]}},"b":{"0":[0]},"fnMap":{"0":{"name":"(empty-report)","decl":{"start":{"line":1,"column":0},"end":{"line":22,"column":-118}},"loc":{"start":{"line":1,"column":0},"end":{"line":22,"column":-118}},"line":1}},"f":{"0":0}}
,"/workspace/src/App.tsx": {"path":"/workspace/src/App.tsx","all":true,"statementMap":{"0":{"start":{"line":1,"column":0},"end":{"line":1,"column":26}},"5":{"start":{"line":6,"column":0},"end":{"line":6,"column":27}},"7":{"start":{"line":8,"column":0},"end":{"line":8,"column":36}},"8":{"start":{"line":9,"column":0},"end":{"line":9,"column":51}},"9":{"start":{"line":10,"column":0},"end":{"line":10,"column":10}},"10":{"start":{"line":11,"column":0},"end":{"line":11,"column":9}},"11":{"start":{"line":12,"column":0},"end":{"line":12,"column":51}},"12":{"start":{"line":13,"column":0},"end":{"line":13,"column":29}},"13":{"start":{"line":14,"column":0},"end":{"line":14,"column":57}},"14":{"start":{"line":15,"column":0},"end":{"line":15,"column":34}},"15":{"start":{"line":16,"column":0},"end":{"line":16,"column":37}},"16":{"start":{"line":17,"column":0},"end":{"line":17,"column":40}},"17":{"start":{"line":18,"column":0},"end":{"line":18,"column":92}},"18":{"start":{"line":19,"column":0},"end":{"line":19,"column":14}},"19":{"start":{"line":20,"column":0},"end":{"line":20,"column":12}},"20":{"start":{"line":21,"column":0},"end":{"line":21,"column":16}},"23":{"start":{"line":24,"column":0},"end":{"line":24,"column":78}},"24":{"start":{"line":25,"column":0},"end":{"line":25,"column":61}},"25":{"start":{"line":26,"column":0},"end":{"line":26,"column":58}},"26":{"start":{"line":27,"column":0},"end":{"line":27,"column":51}},"27":{"start":{"line":28,"column":0},"end":{"line":28,"column":42}},"28":{"start":{"line":29,"column":0},"end":{"line":29,"column":87}},"29":{"start":{"line":30,"column":0},"end":{"line":30,"column":81}},"30":{"start":{"line":31,"column":0},"end":{"line":31,"column":93}},"31":{"start":{"line":32,"column":0},"end":{"line":32,"column":97}},"32":{"start":{"line":33,"column":0},"end":{"line":33,"column":18}},"33":{"start":{"line":34,"column":0},"end":{"line":34,"column":20}},"34":{"start":{"line":35,"column":0},"end":{"line":35,"column":14}},"37":{"start":{"line":38,"column":0},"end":{"line":38,"column":43}},"39":{"start":{"line":40,"column":0},"end":{"line":40,"column":15}},"40":{"start":{"line":41,"column":0},"end":{"line":41,"column":10}},"42":{"start":{"line":43,"column":0},"end":{"line":43,"column":2}}},"s":{"0":0,"5":0,"7":0,"8":0,"9":0,"10":0,"11":0,"12":0,"13":0,"14":0,"15":0,"16":0,"17":0,"18":0,"19":0,"20":0,"23":0,"24":0,"25":0,"26":0,"27":0,"28":0,"29":0,"30":0,"31":0,"32":0,"33":0,"34":0,"37":0,"39":0,"40":0,"42":0},"branchMap":{"0":{"type":"branch","line":1,"loc":{"start":{"line":1,"column":0},"end":{"line":43,"column":-1128}},"locations":[{"start":{"line":1,"column":0},"end":{"line":43,"column":-1128}}]}},"b":{"0":[0]},"fnMap":{"0":{"name":"(empty-report)","decl":{"start":{"line":1,"column":0},"end":{"line":43,"column":-1128}},"loc":{"start":{"line":1,"column":0},"end":{"line":43,"column":-1128}},"line":1}},"f":{"0":0}}
,"/workspace/src/main.tsx": {"path":"/workspace/src/main.tsx","all":true,"statementMap":{"0":{"start":{"line":1,"column":0},"end":{"line":1,"column":26}},"1":{"start":{"line":2,"column":0},"end":{"line":2,"column":40}},"2":{"start":{"line":3,"column":0},"end":{"line":3,"column":38}},"3":{"start":{"line":4,"column":0},"end":{"line":4,"column":53}},"4":{"start":{"line":5,"column":0},"end":{"line":5,"column":22}},"6":{"start":{"line":7,"column":0},"end":{"line":7,"column":20}},"7":{"start":{"line":8,"column":0},"end":{"line":8,"column":20}},"8":{"start":{"line":9,"column":0},"end":{"line":9,"column":18}},"9":{"start":{"line":10,"column":0},"end":{"line":10,"column":20}},"10":{"start":{"line":11,"column":0},"end":{"line":11,"column":19}},"11":{"start":{"line":12,"column":0},"end":{"line":12,"column":21}},"14":{"start":{"line":15,"column":0},"end":{"line":15,"column":44}},"15":{"start":{"line":16,"column":0},"end":{"line":16,"column":41}},"18":{"start":{"line":19,"column":0},"end":{"line":19,"column":59}},"19":{"start":{"line":20,"column":0},"end":{"line":20,"column":41}},"20":{"start":{"line":21,"column":0},"end":{"line":21,"column":60}},"22":{"start":{"line":23,"column":0},"end":{"line":23,"column":7}},"23":{"start":{"line":24,"column":0},"end":{"line":24,"column":5}},"24":{"start":{"line":25,"column":0},"end":{"line":25,"column":1}}},"s":{"0":0,"1":0,"2":0,"3":0,"4":0,"6":0,"7":0,"8":0,"9":0,"10":0,"11":0,"14":0,"15":0,"18":0,"19":0,"20":0,"22":0,"23":0,"24":0},"branchMap":{"0":{"type":"branch","line":1,"loc":{"start":{"line":1,"column":0},"end":{"line":25,"column":-445}},"locations":[{"start":{"line":1,"column":0},"end":{"line":25,"column":-445}}]}},"b":{"0":[0]},"fnMap":{"0":{"name":"(empty-report)","decl":{"start":{"line":1,"column":0},"end":{"line":25,"column":-445}},"loc":{"start":{"line":1,"column":0},"end":{"line":25,"column":-445}},"line":1}},"f":{"0":0}}
,"/workspace/src/router.tsx": {"path":"/workspace/src/router.tsx","all":true,"statementMap":{"0":{"start":{"line":1,"column":0},"end":{"line":1,"column":40}},"5":{"start":{"line":6,"column":0},"end":{"line":6,"column":97}},"6":{"start":{"line":7,"column":0},"end":{"line":7,"column":100}},"9":{"start":{"line":10,"column":0},"end":{"line":10,"column":36}},"10":{"start":{"line":11,"column":0},"end":{"line":11,"column":78}},"11":{"start":{"line":12,"column":0},"end":{"line":12,"column":25}},"12":{"start":{"line":13,"column":0},"end":{"line":13,"column":8}},"15":{"start":{"line":16,"column":0},"end":{"line":16,"column":43}},"16":{"start":{"line":17,"column":0},"end":{"line":17,"column":3}},"17":{"start":{"line":18,"column":0},"end":{"line":18,"column":14}},"18":{"start":{"line":19,"column":0},"end":{"line":19,"column":21}},"19":{"start":{"line":20,"column":0},"end":{"line":20,"column":15}},"20":{"start":{"line":21,"column":0},"end":{"line":21,"column":8}},"21":{"start":{"line":22,"column":0},"end":{"line":22,"column":21}},"22":{"start":{"line":23,"column":0},"end":{"line":23,"column":18}},"23":{"start":{"line":24,"column":0},"end":{"line":24,"column":46}},"24":{"start":{"line":25,"column":0},"end":{"line":25,"column":20}},"25":{"start":{"line":26,"column":0},"end":{"line":26,"column":21}},"27":{"start":{"line":28,"column":0},"end":{"line":28,"column":8}},"28":{"start":{"line":29,"column":0},"end":{"line":29,"column":8}},"29":{"start":{"line":30,"column":0},"end":{"line":30,"column":23}},"30":{"start":{"line":31,"column":0},"end":{"line":31,"column":18}},"31":{"start":{"line":32,"column":0},"end":{"line":32,"column":46}},"32":{"start":{"line":33,"column":0},"end":{"line":33,"column":21}},"33":{"start":{"line":34,"column":0},"end":{"line":34,"column":21}},"35":{"start":{"line":36,"column":0},"end":{"line":36,"column":7}},"36":{"start":{"line":37,"column":0},"end":{"line":37,"column":5}},"37":{"start":{"line":38,"column":0},"end":{"line":38,"column":3}},"38":{"start":{"line":39,"column":0},"end":{"line":39,"column":3}},"40":{"start":{"line":41,"column":0},"end":{"line":41,"column":77}}},"s":{"0":0,"5":0,"6":0,"9":0,"10":0,"11":0,"12":0,"15":0,"16":0,"17":0,"18":0,"19":0,"20":0,"21":0,"22":0,"23":0,"24":0,"25":0,"27":0,"28":0,"29":0,"30":0,"31":0,"32":0,"33":0,"35":0,"36":0,"37":0,"38":0,"40":0},"branchMap":{"0":{"type":"branch","line":1,"loc":{"start":{"line":1,"column":0},"end":{"line":41,"column":-470}},"locations":[{"start":{"line":1,"column":0},"end":{"line":41,"column":-470}}]}},"b":{"0":[0]},"fnMap":{"0":{"name":"(empty-report)","decl":{"start":{"line":1,"column":0},"end":{"line":41,"column":-470}},"loc":{"start":{"line":1,"column":0},"end":{"line":41,"column":-470}},"line":1}},"f":{"0":0}}
,"/workspace/src/service-worker.ts": {"path":"/workspace/src/service-worker.ts","all":true,"statementMap":{"0":{"start":{"line":1,"column":0},"end":{"line":1,"column":41}},"1":{"start":{"line":2,"column":0},"end":{"line":2,"column":58}},"3":{"start":{"line":4,"column":0},"end":{"line":4,"column":50}},"4":{"start":{"line":5,"column":0},"end":{"line":5,"column":18}},"5":{"start":{"line":6,"column":0},"end":{"line":6,"column":45}},"6":{"start":{"line":7,"column":0},"end":{"line":7,"column":37}},"7":{"start":{"line":8,"column":0},"end":{"line":8,"column":6}},"8":{"start":{"line":9,"column":0},"end":{"line":9,"column":4}},"9":{"start":{"line":10,"column":0},"end":{"line":10,"column":3}},"11":{"start":{"line":12,"column":0},"end":{"line":12,"column":51}},"12":{"start":{"line":13,"column":0},"end":{"line":13,"column":18}},"13":{"start":{"line":14,"column":0},"end":{"line":14,"column":32}},"14":{"start":{"line":15,"column":0},"end":{"line":15,"column":86}},"15":{"start":{"line":16,"column":0},"end":{"line":16,"column":6}},"16":{"start":{"line":17,"column":0},"end":{"line":17,"column":4}},"17":{"start":{"line":18,"column":0},"end":{"line":18,"column":3}},"19":{"start":{"line":20,"column":0},"end":{"line":20,"column":48}},"20":{"start":{"line":21,"column":0},"end":{"line":21,"column":39}},"21":{"start":{"line":22,"column":0},"end":{"line":22,"column":31}},"23":{"start":{"line":24,"column":0},"end":{"line":24,"column":78}},"24":{"start":{"line":25,"column":0},"end":{"line":25,"column":22}},"25":{"start":{"line":26,"column":0},"end":{"line":26,"column":42}},"26":{"start":{"line":27,"column":0},"end":{"line":27,"column":62}},"27":{"start":{"line":28,"column":0},"end":{"line":28,"column":30}},"28":{"start":{"line":29,"column":0},"end":{"line":29,"column":88}},"29":{"start":{"line":30,"column":0},"end":{"line":30,"column":11}},"30":{"start":{"line":31,"column":0},"end":{"line":31,"column":28}},"31":{"start":{"line":32,"column":0},"end":{"line":32,"column":51}},"32":{"start":{"line":33,"column":0},"end":{"line":33,"column":38}},"33":{"start":{"line":34,"column":0},"end":{"line":34,"column":9}},"34":{"start":{"line":35,"column":0},"end":{"line":35,"column":6}},"35":{"start":{"line":36,"column":0},"end":{"line":36,"column":3}},"36":{"start":{"line":37,"column":0},"end":{"line":37,"column":3}}},"s":{"0":0,"1":0,"3":0,"4":0,"5":0,"6":0,"7":0,"8":0,"9":0,"11":0,"12":0,"13":0,"14":0,"15":0,"16":0,"17":0,"19":0,"20":0,"21":0,"23":0,"24":0,"25":0,"26":0,"27":0,"28":0,"29":0,"30":0,"31":0,"32":0,"33":0,"34":0,"35":0,"36":0},"branchMap":{"0":{"type":"branch","line":1,"loc":{"start":{"line":1,"column":1126},"end":{"line":37,"column":3}},"locations":[{"start":{"line":1,"column":1126},"end":{"line":37,"column":3}}]}},"b":{"0":[0]},"fnMap":{"0":{"name":"(empty-report)","decl":{"start":{"line":1,"column":1126},"end":{"line":37,"column":3}},"loc":{"start":{"line":1,"column":1126},"end":{"line":37,"column":3}},"line":1}},"f":{"0":0}}
,"/workspace/src/types.ts": {"path":"/workspace/src/types.ts","all":true,"statementMap":{},"s":{},"branchMap":{"0":{"type":"branch","line":1,"loc":{"start":{"line":1,"column":887},"end":{"line":46,"column":6}},"locations":[{"start":{"line":1,"column":887},"end":{"line":46,"column":6}}]}},"b":{"0":[1]},"fnMap":{"0":{"name":"(empty-report)","decl":{"start":{"line":1,"column":887},"end":{"line":46,"column":6}},"loc":{"start":{"line":1,"column":887},"end":{"line":46,"column":6}},"line":1}},"f":{"0":1}}
,"/workspace/src/components/DataStatusBanner.tsx": {"path":"/workspace/src/components/DataStatusBanner.tsx","all":true,"statementMap":{"0":{"start":{"line":1,"column":0},"end":{"line":1,"column":26}},"3":{"start":{"line":4,"column":0},"end":{"line":4,"column":60}},"4":{"start":{"line":5,"column":0},"end":{"line":5,"column":39}},"5":{"start":{"line":6,"column":0},"end":{"line":6,"column":52}},"6":{"start":{"line":7,"column":0},"end":{"line":7,"column":10}},"7":{"start":{"line":8,"column":0},"end":{"line":8,"column":88}},"8":{"start":{"line":9,"column":0},"end":{"line":9,"column":23}},"9":{"start":{"line":10,"column":0},"end":{"line":10,"column":98}},"11":{"start":{"line":12,"column":0},"end":{"line":12,"column":76}},"13":{"start":{"line":14,"column":0},"end":{"line":14,"column":50}},"14":{"start":{"line":15,"column":0},"end":{"line":15,"column":45}},"15":{"start":{"line":16,"column":0},"end":{"line":16,"column":12}},"16":{"start":{"line":17,"column":0},"end":{"line":17,"column":36}},"17":{"start":{"line":18,"column":0},"end":{"line":18,"column":55}},"18":{"start":{"line":19,"column":0},"end":{"line":19,"column":12}},"19":{"start":{"line":20,"column":0},"end":{"line":20,"column":10}},"21":{"start":{"line":22,"column":0},"end":{"line":22,"column":3}}},"s":{"0":0,"3":0,"4":0,"5":0,"6":0,"7":0,"8":0,"9":0,"11":0,"13":0,"14":0,"15":0,"16":0,"17":0,"18":0,"19":0,"21":0},"branchMap":{"0":{"type":"branch","line":1,"loc":{"start":{"line":1,"column":0},"end":{"line":22,"column":-337}},"locations":[{"start":{"line":1,"column":0},"end":{"line":22,"column":-337}}]}},"b":{"0":[0]},"fnMap":{"0":{"name":"(empty-report)","decl":{"start":{"line":1,"column":0},"end":{"line":22,"column":-337}},"loc":{"start":{"line":1,"column":0},"end":{"line":22,"column":-337}},"line":1}},"f":{"0":0}}
,"/workspace/src/components/GuessInput.tsx": {"path":"/workspace/src/components/GuessInput.tsx","all":true,"statementMap":{"0":{"start":{"line":1,"column":0},"end":{"line":1,"column":26}},"7":{"start":{"line":8,"column":0},"end":{"line":8,"column":88}},"8":{"start":{"line":9,"column":0},"end":{"line":9,"column":45}},"10":{"start":{"line":11,"column":0},"end":{"line":11,"column":62}},"11":{"start":{"line":12,"column":0},"end":{"line":12,"column":23}},"12":{"start":{"line":13,"column":0},"end":{"line":13,"column":29}},"13":{"start":{"line":14,"column":0},"end":{"line":14,"column":24}},"14":{"start":{"line":15,"column":0},"end":{"line":15,"column":16}},"15":{"start":{"line":16,"column":0},"end":{"line":16,"column":28}},"17":{"start":{"line":18,"column":0},"end":{"line":18,"column":10}},"18":{"start":{"line":19,"column":0},"end":{"line":19,"column":70}},"19":{"start":{"line":20,"column":0},"end":{"line":20,"column":12}},"20":{"start":{"line":21,"column":0},"end":{"line":21,"column":24}},"21":{"start":{"line":22,"column":0},"end":{"line":22,"column":19}},"22":{"start":{"line":23,"column":0},"end":{"line":23,"column":37}},"23":{"start":{"line":24,"column":0},"end":{"line":24,"column":41}},"24":{"start":{"line":25,"column":0},"end":{"line":25,"column":20}},"25":{"start":{"line":26,"column":0},"end":{"line":26,"column":49}},"26":{"start":{"line":27,"column":0},"end":{"line":27,"column":27}},"27":{"start":{"line":28,"column":0},"end":{"line":28,"column":8}},"28":{"start":{"line":29,"column":0},"end":{"line":29,"column":62}},"29":{"start":{"line":30,"column":0},"end":{"line":30,"column":11}},"31":{"start":{"line":32,"column":0},"end":{"line":32,"column":3}}},"s":{"0":0,"7":0,"8":0,"10":0,"11":0,"12":0,"13":0,"14":0,"15":0,"17":0,"18":0,"19":0,"20":0,"21":0,"22":0,"23":0,"24":0,"25":0,"26":0,"27":0,"28":0,"29":0,"31":0},"branchMap":{"0":{"type":"branch","line":1,"loc":{"start":{"line":1,"column":0},"end":{"line":32,"column":-231}},"locations":[{"start":{"line":1,"column":0},"end":{"line":32,"column":-231}}]}},"b":{"0":[0]},"fnMap":{"0":{"name":"(empty-report)","decl":{"start":{"line":1,"column":0},"end":{"line":32,"column":-231}},"loc":{"start":{"line":1,"column":0},"end":{"line":32,"column":-231}},"line":1}},"f":{"0":0}}
,"/workspace/src/components/HintButtons.tsx": {"path":"/workspace/src/components/HintButtons.tsx","all":true,"statementMap":{"0":{"start":{"line":1,"column":0},"end":{"line":1,"column":26}},"8":{"start":{"line":9,"column":0},"end":{"line":9,"column":92}},"9":{"start":{"line":10,"column":0},"end":{"line":10,"column":10}},"10":{"start":{"line":11,"column":0},"end":{"line":11,"column":25}},"11":{"start":{"line":12,"column":0},"end":{"line":12,"column":94}},"12":{"start":{"line":13,"column":0},"end":{"line":13,"column":94}},"13":{"start":{"line":14,"column":0},"end":{"line":14,"column":10}},"15":{"start":{"line":16,"column":0},"end":{"line":16,"column":3}}},"s":{"0":0,"8":0,"9":0,"10":0,"11":0,"12":0,"13":0,"15":0},"branchMap":{"0":{"type":"branch","line":1,"loc":{"start":{"line":1,"column":0},"end":{"line":16,"column":-192}},"locations":[{"start":{"line":1,"column":0},"end":{"line":16,"column":-192}}]}},"b":{"0":[0]},"fnMap":{"0":{"name":"(empty-report)","decl":{"start":{"line":1,"column":0},"end":{"line":16,"column":-192}},"loc":{"start":{"line":1,"column":0},"end":{"line":16,"column":-192}},"line":1}},"f":{"0":0}}
,"/workspace/src/components/KeyboardShortcuts.tsx": {"path":"/workspace/src/components/KeyboardShortcuts.tsx","all":true,"statementMap":{"0":{"start":{"line":1,"column":0},"end":{"line":1,"column":26}},"9":{"start":{"line":10,"column":0},"end":{"line":10,"column":107}},"10":{"start":{"line":11,"column":0},"end":{"line":11,"column":25}},"11":{"start":{"line":12,"column":0},"end":{"line":12,"column":25}},"12":{"start":{"line":13,"column":0},"end":{"line":13,"column":59}},"13":{"start":{"line":14,"column":0},"end":{"line":14,"column":44}},"14":{"start":{"line":15,"column":0},"end":{"line":15,"column":52}},"15":{"start":{"line":16,"column":0},"end":{"line":16,"column":54}},"16":{"start":{"line":17,"column":0},"end":{"line":17,"column":26}},"17":{"start":{"line":18,"column":0},"end":{"line":18,"column":85}},"18":{"start":{"line":19,"column":0},"end":{"line":19,"column":20}},"19":{"start":{"line":20,"column":0},"end":{"line":20,"column":27}},"20":{"start":{"line":21,"column":0},"end":{"line":21,"column":7}},"21":{"start":{"line":22,"column":0},"end":{"line":22,"column":37}},"22":{"start":{"line":23,"column":0},"end":{"line":23,"column":46}},"23":{"start":{"line":24,"column":0},"end":{"line":24,"column":62}},"24":{"start":{"line":25,"column":0},"end":{"line":25,"column":44}},"26":{"start":{"line":27,"column":0},"end":{"line":27,"column":10}},"27":{"start":{"line":28,"column":0},"end":{"line":28,"column":48}},"28":{"start":{"line":29,"column":0},"end":{"line":29,"column":102}},"29":{"start":{"line":30,"column":0},"end":{"line":30,"column":10}},"31":{"start":{"line":32,"column":0},"end":{"line":32,"column":3}}},"s":{"0":0,"9":0,"10":0,"11":0,"12":0,"13":0,"14":0,"15":0,"16":0,"17":0,"18":0,"19":0,"20":0,"21":0,"22":0,"23":0,"24":0,"26":0,"27":0,"28":0,"29":0,"31":0},"branchMap":{"0":{"type":"branch","line":1,"loc":{"start":{"line":1,"column":0},"end":{"line":32,"column":-163}},"locations":[{"start":{"line":1,"column":0},"end":{"line":32,"column":-163}}]}},"b":{"0":[0]},"fnMap":{"0":{"name":"(empty-report)","decl":{"start":{"line":1,"column":0},"end":{"line":32,"column":-163}},"loc":{"start":{"line":1,"column":0},"end":{"line":32,"column":-163}},"line":1}},"f":{"0":0}}
,"/workspace/src/components/ScoreBoard.tsx": {"path":"/workspace/src/components/ScoreBoard.tsx","all":true,"statementMap":{"0":{"start":{"line":1,"column":0},"end":{"line":1,"column":26}},"2":{"start":{"line":3,"column":0},"end":{"line":3,"column":130}},"3":{"start":{"line":4,"column":0},"end":{"line":4,"column":10}},"4":{"start":{"line":5,"column":0},"end":{"line":5,"column":25}},"5":{"start":{"line":6,"column":0},"end":{"line":6,"column":52}},"6":{"start":{"line":7,"column":0},"end":{"line":7,"column":56}},"7":{"start":{"line":8,"column":0},"end":{"line":8,"column":57}},"8":{"start":{"line":9,"column":0},"end":{"line":9,"column":10}},"10":{"start":{"line":11,"column":0},"end":{"line":11,"column":3}}},"s":{"0":0,"2":0,"3":0,"4":0,"5":0,"6":0,"7":0,"8":0,"10":0},"branchMap":{"0":{"type":"branch","line":1,"loc":{"start":{"line":1,"column":0},"end":{"line":11,"column":-177}},"locations":[{"start":{"line":1,"column":0},"end":{"line":11,"column":-177}}]}},"b":{"0":[0]},"fnMap":{"0":{"name":"(empty-report)","decl":{"start":{"line":1,"column":0},"end":{"line":11,"column":-177}},"loc":{"start":{"line":1,"column":0},"end":{"line":11,"column":-177}},"line":1}},"f":{"0":0}}
,"/workspace/src/components/Timer.tsx": {"path":"/workspace/src/components/Timer.tsx","all":true,"statementMap":{"0":{"start":{"line":1,"column":0},"end":{"line":1,"column":26}},"4":{"start":{"line":5,"column":0},"end":{"line":5,"column":117}},"5":{"start":{"line":6,"column":0},"end":{"line":6,"column":54}},"6":{"start":{"line":7,"column":0},"end":{"line":7,"column":44}},"7":{"start":{"line":8,"column":0},"end":{"line":8,"column":47}},"8":{"start":{"line":9,"column":0},"end":{"line":9,"column":35}},"11":{"start":{"line":12,"column":0},"end":{"line":12,"column":20}},"12":{"start":{"line":13,"column":0},"end":{"line":13,"column":40}},"13":{"start":{"line":14,"column":0},"end":{"line":14,"column":60}},"15":{"start":{"line":16,"column":0},"end":{"line":16,"column":78}},"16":{"start":{"line":17,"column":0},"end":{"line":17,"column":33}},"18":{"start":{"line":19,"column":0},"end":{"line":19,"column":30}},"19":{"start":{"line":20,"column":0},"end":{"line":20,"column":31}},"20":{"start":{"line":21,"column":0},"end":{"line":21,"column":7}},"21":{"start":{"line":22,"column":0},"end":{"line":22,"column":31}},"22":{"start":{"line":23,"column":0},"end":{"line":23,"column":8}},"23":{"start":{"line":24,"column":0},"end":{"line":24,"column":4}},"26":{"start":{"line":27,"column":0},"end":{"line":27,"column":25}},"27":{"start":{"line":28,"column":0},"end":{"line":28,"column":27}},"28":{"start":{"line":29,"column":0},"end":{"line":29,"column":80}},"29":{"start":{"line":30,"column":0},"end":{"line":30,"column":35}},"30":{"start":{"line":31,"column":0},"end":{"line":31,"column":19}},"32":{"start":{"line":33,"column":0},"end":{"line":33,"column":10}},"33":{"start":{"line":34,"column":0},"end":{"line":34,"column":47}},"34":{"start":{"line":35,"column":0},"end":{"line":35,"column":49}},"35":{"start":{"line":36,"column":0},"end":{"line":36,"column":10}},"37":{"start":{"line":38,"column":0},"end":{"line":38,"column":3}}},"s":{"0":0,"4":0,"5":0,"6":0,"7":0,"8":0,"11":0,"12":0,"13":0,"15":0,"16":0,"18":0,"19":0,"20":0,"21":0,"22":0,"23":0,"26":0,"27":0,"28":0,"29":0,"30":0,"32":0,"33":0,"34":0,"35":0,"37":0},"branchMap":{"0":{"type":"branch","line":1,"loc":{"start":{"line":1,"column":0},"end":{"line":38,"column":-299}},"locations":[{"start":{"line":1,"column":0},"end":{"line":38,"column":-299}}]}},"b":{"0":[0]},"fnMap":{"0":{"name":"(empty-report)","decl":{"start":{"line":1,"column":0},"end":{"line":38,"column":-299}},"loc":{"start":{"line":1,"column":0},"end":{"line":38,"column":-299}},"line":1}},"f":{"0":0}}
,"/workspace/src/context/DataContext.tsx": {"path":"/workspace/src/context/DataContext.tsx","all":true,"statementMap":{"0":{"start":{"line":1,"column":0},"end":{"line":1,"column":100}},"17":{"start":{"line":18,"column":0},"end":{"line":18,"column":62}},"19":{"start":{"line":20,"column":0},"end":{"line":20,"column":88}},"20":{"start":{"line":21,"column":0},"end":{"line":21,"column":69}},"21":{"start":{"line":22,"column":0},"end":{"line":22,"column":64}},"22":{"start":{"line":23,"column":0},"end":{"line":23,"column":40}},"24":{"start":{"line":25,"column":0},"end":{"line":25,"column":76}},"25":{"start":{"line":26,"column":0},"end":{"line":26,"column":62}},"26":{"start":{"line":27,"column":0},"end":{"line":27,"column":9}},"28":{"start":{"line":29,"column":0},"end":{"line":29,"column":19}},"29":{"start":{"line":30,"column":0},"end":{"line":30,"column":26}},"30":{"start":{"line":31,"column":0},"end":{"line":31,"column":18}},"31":{"start":{"line":32,"column":0},"end":{"line":32,"column":63}},"32":{"start":{"line":33,"column":0},"end":{"line":33,"column":23}},"33":{"start":{"line":34,"column":0},"end":{"line":34,"column":26}},"34":{"start":{"line":35,"column":0},"end":{"line":35,"column":20}},"35":{"start":{"line":36,"column":0},"end":{"line":36,"column":48}},"37":{"start":{"line":38,"column":0},"end":{"line":38,"column":42}},"38":{"start":{"line":39,"column":0},"end":{"line":39,"column":19}},"39":{"start":{"line":40,"column":0},"end":{"line":40,"column":20}},"40":{"start":{"line":41,"column":0},"end":{"line":41,"column":18}},"41":{"start":{"line":42,"column":0},"end":{"line":42,"column":34}},"42":{"start":{"line":43,"column":0},"end":{"line":43,"column":13}},"43":{"start":{"line":44,"column":0},"end":{"line":44,"column":9}},"44":{"start":{"line":45,"column":0},"end":{"line":45,"column":7}},"45":{"start":{"line":46,"column":0},"end":{"line":46,"column":9}},"46":{"start":{"line":47,"column":0},"end":{"line":47,"column":39}},"47":{"start":{"line":48,"column":0},"end":{"line":48,"column":38}},"49":{"start":{"line":50,"column":0},"end":{"line":50,"column":36}},"50":{"start":{"line":51,"column":0},"end":{"line":51,"column":30}},"51":{"start":{"line":52,"column":0},"end":{"line":52,"column":27}},"52":{"start":{"line":53,"column":0},"end":{"line":53,"column":9}},"54":{"start":{"line":55,"column":0},"end":{"line":55,"column":35}},"55":{"start":{"line":56,"column":0},"end":{"line":56,"column":12}},"56":{"start":{"line":57,"column":0},"end":{"line":57,"column":10}},"57":{"start":{"line":58,"column":0},"end":{"line":58,"column":10}},"58":{"start":{"line":59,"column":0},"end":{"line":59,"column":30}},"60":{"start":{"line":61,"column":0},"end":{"line":61,"column":77}},"61":{"start":{"line":62,"column":0},"end":{"line":62,"column":2}},"63":{"start":{"line":64,"column":0},"end":{"line":64,"column":32}},"64":{"start":{"line":65,"column":0},"end":{"line":65,"column":38}},"65":{"start":{"line":66,"column":0},"end":{"line":66,"column":72}},"66":{"start":{"line":67,"column":0},"end":{"line":67,"column":13}},"67":{"start":{"line":68,"column":0},"end":{"line":68,"column":1}}},"s":{"0":0,"17":0,"19":0,"20":0,"21":0,"22":0,"24":0,"25":0,"26":0,"28":0,"29":0,"30":0,"31":0,"32":0,"33":0,"34":0,"35":0,"37":0,"38":0,"39":0,"40":0,"41":0,"42":0,"43":0,"44":0,"45":0,"46":0,"47":0,"49":0,"50":0,"51":0,"52":0,"54":0,"55":0,"56":0,"57":0,"58":0,"60":0,"61":0,"63":0,"64":0,"65":0,"66":0,"67":0},"branchMap":{"0":{"type":"branch","line":1,"loc":{"start":{"line":1,"column":0},"end":{"line":68,"column":-231}},"locations":[{"start":{"line":1,"column":0},"end":{"line":68,"column":-231}}]}},"b":{"0":[0]},"fnMap":{"0":{"name":"(empty-report)","decl":{"start":{"line":1,"column":0},"end":{"line":68,"column":-231}},"loc":{"start":{"line":1,"column":0},"end":{"line":68,"column":-231}},"line":1}},"f":{"0":0}}
,"/workspace/src/data/fallbackPlayers.ts": {"path":"/workspace/src/data/fallbackPlayers.ts","all":false,"statementMap":{"2":{"start":{"line":3,"column":0},"end":{"line":3,"column":34}},"3":{"start":{"line":4,"column":0},"end":{"line":4,"column":147}},"4":{"start":{"line":5,"column":0},"end":{"line":5,"column":158}},"5":{"start":{"line":6,"column":0},"end":{"line":6,"column":148}},"6":{"start":{"line":7,"column":0},"end":{"line":7,"column":157}},"7":{"start":{"line":8,"column":0},"end":{"line":8,"column":2}},"9":{"start":{"line":10,"column":0},"end":{"line":10,"column":39}},"10":{"start":{"line":11,"column":0},"end":{"line":11,"column":90}},"11":{"start":{"line":12,"column":0},"end":{"line":12,"column":2}},"12":{"start":{"line":13,"column":0},"end":{"line":13,"column":39}},"13":{"start":{"line":14,"column":0},"end":{"line":14,"column":96}},"14":{"start":{"line":15,"column":0},"end":{"line":15,"column":2}},"15":{"start":{"line":16,"column":0},"end":{"line":16,"column":39}},"16":{"start":{"line":17,"column":0},"end":{"line":17,"column":80}},"17":{"start":{"line":18,"column":0},"end":{"line":18,"column":2}},"18":{"start":{"line":19,"column":0},"end":{"line":19,"column":39}},"19":{"start":{"line":20,"column":0},"end":{"line":20,"column":79}},"20":{"start":{"line":21,"column":0},"end":{"line":21,"column":2}}},"s":{"2":1,"3":1,"4":1,"5":1,"6":1,"7":1,"9":1,"10":1,"11":1,"12":1,"13":1,"14":1,"15":1,"16":1,"17":1,"18":1,"19":1,"20":1},"branchMap":{},"b":{},"fnMap":{},"f":{}}
,"/workspace/src/hooks/usePerformanceMonitor.ts": {"path":"/workspace/src/hooks/usePerformanceMonitor.ts","all":true,"statementMap":{"0":{"start":{"line":1,"column":0},"end":{"line":1,"column":65}},"33":{"start":{"line":34,"column":0},"end":{"line":34,"column":26}},"34":{"start":{"line":35,"column":0},"end":{"line":35,"column":45}},"35":{"start":{"line":36,"column":0},"end":{"line":36,"column":31}},"37":{"start":{"line":38,"column":0},"end":{"line":38,"column":47}},"38":{"start":{"line":39,"column":0},"end":{"line":39,"column":30}},"39":{"start":{"line":40,"column":0},"end":{"line":40,"column":52}},"40":{"start":{"line":41,"column":0},"end":{"line":41,"column":27}},"41":{"start":{"line":42,"column":0},"end":{"line":42,"column":5}},"42":{"start":{"line":43,"column":0},"end":{"line":43,"column":3}},"44":{"start":{"line":45,"column":0},"end":{"line":45,"column":32}},"45":{"start":{"line":46,"column":0},"end":{"line":46,"column":66}},"46":{"start":{"line":47,"column":0},"end":{"line":47,"column":38}},"49":{"start":{"line":50,"column":0},"end":{"line":50,"column":22}},"50":{"start":{"line":51,"column":0},"end":{"line":51,"column":77}},"51":{"start":{"line":52,"column":0},"end":{"line":52,"column":72}},"52":{"start":{"line":53,"column":0},"end":{"line":53,"column":85}},"53":{"start":{"line":54,"column":0},"end":{"line":54,"column":6}},"55":{"start":{"line":56,"column":0},"end":{"line":56,"column":42}},"56":{"start":{"line":57,"column":0},"end":{"line":57,"column":3}},"58":{"start":{"line":59,"column":0},"end":{"line":59,"column":45}},"59":{"start":{"line":60,"column":0},"end":{"line":60,"column":38}},"60":{"start":{"line":61,"column":0},"end":{"line":61,"column":69}},"61":{"start":{"line":62,"column":0},"end":{"line":62,"column":3}},"63":{"start":{"line":64,"column":0},"end":{"line":64,"column":17}},"64":{"start":{"line":65,"column":0},"end":{"line":65,"column":22}},"65":{"start":{"line":66,"column":0},"end":{"line":66,"column":3}},"66":{"start":{"line":67,"column":0},"end":{"line":67,"column":1}},"68":{"start":{"line":69,"column":0},"end":{"line":69,"column":52}},"71":{"start":{"line":72,"column":0},"end":{"line":72,"column":67}},"72":{"start":{"line":73,"column":0},"end":{"line":73,"column":42}},"74":{"start":{"line":75,"column":0},"end":{"line":75,"column":19}},"75":{"start":{"line":76,"column":0},"end":{"line":76,"column":47}},"77":{"start":{"line":78,"column":0},"end":{"line":78,"column":18}},"78":{"start":{"line":79,"column":0},"end":{"line":79,"column":35}},"79":{"start":{"line":80,"column":0},"end":{"line":80,"column":70}},"80":{"start":{"line":81,"column":0},"end":{"line":81,"column":82}},"81":{"start":{"line":82,"column":0},"end":{"line":82,"column":7}},"82":{"start":{"line":83,"column":0},"end":{"line":83,"column":6}},"83":{"start":{"line":84,"column":0},"end":{"line":84,"column":5}},"84":{"start":{"line":85,"column":0},"end":{"line":85,"column":1}},"87":{"start":{"line":88,"column":0},"end":{"line":88,"column":43}},"90":{"start":{"line":91,"column":0},"end":{"line":91,"column":3}},"91":{"start":{"line":92,"column":0},"end":{"line":92,"column":40}},"93":{"start":{"line":94,"column":0},"end":{"line":94,"column":41}},"94":{"start":{"line":95,"column":0},"end":{"line":95,"column":45}},"95":{"start":{"line":96,"column":0},"end":{"line":96,"column":9}},"97":{"start":{"line":98,"column":0},"end":{"line":98,"column":39}},"98":{"start":{"line":99,"column":0},"end":{"line":99,"column":31}},"99":{"start":{"line":100,"column":0},"end":{"line":100,"column":64}},"100":{"start":{"line":101,"column":0},"end":{"line":101,"column":64}},"101":{"start":{"line":102,"column":0},"end":{"line":102,"column":5}},"102":{"start":{"line":103,"column":0},"end":{"line":103,"column":9}},"104":{"start":{"line":105,"column":0},"end":{"line":105,"column":36}},"105":{"start":{"line":106,"column":0},"end":{"line":106,"column":1}},"108":{"start":{"line":109,"column":0},"end":{"line":109,"column":40}},"110":{"start":{"line":111,"column":0},"end":{"line":111,"column":3}},"111":{"start":{"line":112,"column":0},"end":{"line":112,"column":69}},"112":{"start":{"line":113,"column":0},"end":{"line":113,"column":36}},"115":{"start":{"line":116,"column":0},"end":{"line":116,"column":33}},"116":{"start":{"line":117,"column":0},"end":{"line":117,"column":48}},"117":{"start":{"line":118,"column":0},"end":{"line":118,"column":62}},"118":{"start":{"line":119,"column":0},"end":{"line":119,"column":17}},"119":{"start":{"line":120,"column":0},"end":{"line":120,"column":7}},"120":{"start":{"line":121,"column":0},"end":{"line":121,"column":9}},"122":{"start":{"line":123,"column":0},"end":{"line":123,"column":33}},"123":{"start":{"line":124,"column":0},"end":{"line":124,"column":1}},"126":{"start":{"line":127,"column":0},"end":{"line":127,"column":59}},"127":{"start":{"line":128,"column":0},"end":{"line":128,"column":56}},"128":{"start":{"line":129,"column":0},"end":{"line":129,"column":18}},"129":{"start":{"line":130,"column":0},"end":{"line":130,"column":16}},"130":{"start":{"line":131,"column":0},"end":{"line":131,"column":72}},"131":{"start":{"line":132,"column":0},"end":{"line":132,"column":5}},"133":{"start":{"line":134,"column":0},"end":{"line":134,"column":19}},"134":{"start":{"line":135,"column":0},"end":{"line":135,"column":31}},"135":{"start":{"line":136,"column":0},"end":{"line":136,"column":46}},"136":{"start":{"line":137,"column":0},"end":{"line":137,"column":41}},"138":{"start":{"line":139,"column":0},"end":{"line":139,"column":42}},"139":{"start":{"line":140,"column":0},"end":{"line":140,"column":75}},"140":{"start":{"line":141,"column":0},"end":{"line":141,"column":59}},"141":{"start":{"line":142,"column":0},"end":{"line":142,"column":63}},"142":{"start":{"line":143,"column":0},"end":{"line":143,"column":46}},"143":{"start":{"line":144,"column":0},"end":{"line":144,"column":51}},"144":{"start":{"line":145,"column":0},"end":{"line":145,"column":61}},"145":{"start":{"line":146,"column":0},"end":{"line":146,"column":70}},"146":{"start":{"line":147,"column":0},"end":{"line":147,"column":29}},"147":{"start":{"line":148,"column":0},"end":{"line":148,"column":8}},"149":{"start":{"line":150,"column":0},"end":{"line":150,"column":43}},"150":{"start":{"line":151,"column":0},"end":{"line":151,"column":46}},"151":{"start":{"line":152,"column":0},"end":{"line":152,"column":6}},"154":{"start":{"line":155,"column":0},"end":{"line":155,"column":52}},"155":{"start":{"line":156,"column":0},"end":{"line":156,"column":36}},"157":{"start":{"line":158,"column":0},"end":{"line":158,"column":41}},"158":{"start":{"line":159,"column":0},"end":{"line":159,"column":9}},"160":{"start":{"line":161,"column":0},"end":{"line":161,"column":15}},"161":{"start":{"line":162,"column":0},"end":{"line":162,"column":1}},"164":{"start":{"line":165,"column":0},"end":{"line":165,"column":38}},"165":{"start":{"line":166,"column":0},"end":{"line":166,"column":14}},"166":{"start":{"line":167,"column":0},"end":{"line":167,"column":15}},"167":{"start":{"line":168,"column":0},"end":{"line":168,"column":6}},"168":{"start":{"line":169,"column":0},"end":{"line":169,"column":34}},"169":{"start":{"line":170,"column":0},"end":{"line":170,"column":22}},"170":{"start":{"line":171,"column":0},"end":{"line":171,"column":32}},"171":{"start":{"line":172,"column":0},"end":{"line":172,"column":59}},"172":{"start":{"line":173,"column":0},"end":{"line":173,"column":16}},"173":{"start":{"line":174,"column":0},"end":{"line":174,"column":1}},"176":{"start":{"line":177,"column":0},"end":{"line":177,"column":49}},"177":{"start":{"line":178,"column":0},"end":{"line":178,"column":23}},"178":{"start":{"line":179,"column":0},"end":{"line":179,"column":15}},"179":{"start":{"line":180,"column":0},"end":{"line":180,"column":15}},"180":{"start":{"line":181,"column":0},"end":{"line":181,"column":34}},"181":{"start":{"line":182,"column":0},"end":{"line":182,"column":28}},"182":{"start":{"line":183,"column":0},"end":{"line":183,"column":32}},"183":{"start":{"line":184,"column":0},"end":{"line":184,"column":59}},"184":{"start":{"line":185,"column":0},"end":{"line":185,"column":16}},"185":{"start":{"line":186,"column":0},"end":{"line":186,"column":1}},"188":{"start":{"line":189,"column":0},"end":{"line":189,"column":50}},"189":{"start":{"line":190,"column":0},"end":{"line":190,"column":47}},"191":{"start":{"line":192,"column":0},"end":{"line":192,"column":23}},"192":{"start":{"line":193,"column":0},"end":{"line":193,"column":50}},"193":{"start":{"line":194,"column":0},"end":{"line":194,"column":26}},"194":{"start":{"line":195,"column":0},"end":{"line":195,"column":48}},"195":{"start":{"line":196,"column":0},"end":{"line":196,"column":37}},"196":{"start":{"line":197,"column":0},"end":{"line":197,"column":46}},"197":{"start":{"line":198,"column":0},"end":{"line":198,"column":46}},"198":{"start":{"line":199,"column":0},"end":{"line":199,"column":11}},"199":{"start":{"line":200,"column":0},"end":{"line":200,"column":49}},"200":{"start":{"line":201,"column":0},"end":{"line":201,"column":27}},"201":{"start":{"line":202,"column":0},"end":{"line":202,"column":7}},"202":{"start":{"line":203,"column":0},"end":{"line":203,"column":14}},"203":{"start":{"line":204,"column":0},"end":{"line":204,"column":3}},"204":{"start":{"line":205,"column":0},"end":{"line":205,"column":1}}},"s":{"0":0,"33":0,"34":0,"35":0,"37":0,"38":0,"39":0,"40":0,"41":0,"42":0,"44":0,"45":0,"46":0,"49":0,"50":0,"51":0,"52":0,"53":0,"55":0,"56":0,"58":0,"59":0,"60":0,"61":0,"63":0,"64":0,"65":0,"66":0,"68":0,"71":0,"72":0,"74":0,"75":0,"77":0,"78":0,"79":0,"80":0,"81":0,"82":0,"83":0,"84":0,"87":0,"90":0,"91":0,"93":0,"94":0,"95":0,"97":0,"98":0,"99":0,"100":0,"101":0,"102":0,"104":0,"105":0,"108":0,"110":0,"111":0,"112":0,"115":0,"116":0,"117":0,"118":0,"119":0,"120":0,"122":0,"123":0,"126":0,"127":0,"128":0,"129":0,"130":0,"131":0,"133":0,"134":0,"135":0,"136":0,"138":0,"139":0,"140":0,"141":0,"142":0,"143":0,"144":0,"145":0,"146":0,"147":0,"149":0,"150":0,"151":0,"154":0,"155":0,"157":0,"158":0,"160":0,"161":0,"164":0,"165":0,"166":0,"167":0,"168":0,"169":0,"170":0,"171":0,"172":0,"173":0,"176":0,"177":0,"178":0,"179":0,"180":0,"181":0,"182":0,"183":0,"184":0,"185":0,"188":0,"189":0,"191":0,"192":0,"193":0,"194":0,"195":0,"196":0,"197":0,"198":0,"199":0,"200":0,"201":0,"202":0,"203":0,"204":0},"branchMap":{"0":{"type":"branch","line":1,"loc":{"start":{"line":1,"column":5939},"end":{"line":208,"column":30}},"locations":[{"start":{"line":1,"column":5939},"end":{"line":208,"column":30}}]}},"b":{"0":[0]},"fnMap":{"0":{"name":"(empty-report)","decl":{"start":{"line":1,"column":5939},"end":{"line":208,"column":30}},"loc":{"start":{"line":1,"column":5939},"end":{"line":208,"column":30}},"line":1}},"f":{"0":0}}
,"/workspace/src/hooks/useVisibilityPause.ts": {"path":"/workspace/src/hooks/useVisibilityPause.ts","all":true,"statementMap":{"0":{"start":{"line":1,"column":0},"end":{"line":1,"column":52}},"6":{"start":{"line":7,"column":0},"end":{"line":7,"column":57}},"7":{"start":{"line":8,"column":0},"end":{"line":8,"column":53}},"8":{"start":{"line":9,"column":0},"end":{"line":9,"column":43}},"9":{"start":{"line":10,"column":0},"end":{"line":10,"column":45}},"11":{"start":{"line":12,"column":0},"end":{"line":12,"column":19}},"12":{"start":{"line":13,"column":0},"end":{"line":13,"column":25}},"13":{"start":{"line":14,"column":0},"end":{"line":14,"column":42}},"14":{"start":{"line":15,"column":0},"end":{"line":15,"column":35}},"15":{"start":{"line":16,"column":0},"end":{"line":16,"column":6}},"16":{"start":{"line":17,"column":0},"end":{"line":17,"column":57}},"17":{"start":{"line":18,"column":0},"end":{"line":18,"column":73}},"18":{"start":{"line":19,"column":0},"end":{"line":19,"column":9}},"20":{"start":{"line":21,"column":0},"end":{"line":21,"column":19}},"21":{"start":{"line":22,"column":0},"end":{"line":22,"column":23}},"22":{"start":{"line":23,"column":0},"end":{"line":23,"column":72}},"23":{"start":{"line":24,"column":0},"end":{"line":24,"column":3}},"25":{"start":{"line":26,"column":0},"end":{"line":26,"column":19}},"26":{"start":{"line":27,"column":0},"end":{"line":27,"column":11}},"27":{"start":{"line":28,"column":0},"end":{"line":28,"column":18}},"28":{"start":{"line":29,"column":0},"end":{"line":29,"column":55}},"29":{"start":{"line":30,"column":0},"end":{"line":30,"column":6}},"30":{"start":{"line":31,"column":0},"end":{"line":31,"column":9}},"32":{"start":{"line":33,"column":0},"end":{"line":33,"column":32}},"33":{"start":{"line":34,"column":0},"end":{"line":34,"column":1}}},"s":{"0":0,"6":0,"7":0,"8":0,"9":0,"11":0,"12":0,"13":0,"14":0,"15":0,"16":0,"17":0,"18":0,"20":0,"21":0,"22":0,"23":0,"25":0,"26":0,"27":0,"28":0,"29":0,"30":0,"32":0,"33":0},"branchMap":{"0":{"type":"branch","line":1,"loc":{"start":{"line":1,"column":956},"end":{"line":34,"column":1}},"locations":[{"start":{"line":1,"column":956},"end":{"line":34,"column":1}}]}},"b":{"0":[0]},"fnMap":{"0":{"name":"(empty-report)","decl":{"start":{"line":1,"column":956},"end":{"line":34,"column":1}},"loc":{"start":{"line":1,"column":956},"end":{"line":34,"column":1}},"line":1}},"f":{"0":0}}
,"/workspace/src/pages/Daily.tsx": {"path":"/workspace/src/pages/Daily.tsx","all":true,"statementMap":{"0":{"start":{"line":1,"column":0},"end":{"line":1,"column":26}},"15":{"start":{"line":16,"column":0},"end":{"line":16,"column":47}},"16":{"start":{"line":17,"column":0},"end":{"line":17,"column":39}},"17":{"start":{"line":18,"column":0},"end":{"line":18,"column":45}},"18":{"start":{"line":19,"column":0},"end":{"line":19,"column":25}},"19":{"start":{"line":20,"column":0},"end":{"line":20,"column":60}},"20":{"start":{"line":21,"column":0},"end":{"line":21,"column":24}},"21":{"start":{"line":22,"column":0},"end":{"line":22,"column":54}},"22":{"start":{"line":23,"column":0},"end":{"line":23,"column":11}},"23":{"start":{"line":24,"column":0},"end":{"line":24,"column":1}},"25":{"start":{"line":26,"column":0},"end":{"line":26,"column":49}},"26":{"start":{"line":27,"column":0},"end":{"line":27,"column":37}},"27":{"start":{"line":28,"column":0},"end":{"line":28,"column":66}},"28":{"start":{"line":29,"column":0},"end":{"line":29,"column":79}},"29":{"start":{"line":30,"column":0},"end":{"line":30,"column":60}},"31":{"start":{"line":32,"column":0},"end":{"line":32,"column":25}},"32":{"start":{"line":33,"column":0},"end":{"line":33,"column":56}},"33":{"start":{"line":34,"column":0},"end":{"line":34,"column":41}},"34":{"start":{"line":35,"column":0},"end":{"line":35,"column":5}},"35":{"start":{"line":36,"column":0},"end":{"line":36,"column":24}},"37":{"start":{"line":38,"column":0},"end":{"line":38,"column":75}},"39":{"start":{"line":40,"column":0},"end":{"line":40,"column":61}},"40":{"start":{"line":41,"column":0},"end":{"line":41,"column":50}},"41":{"start":{"line":42,"column":0},"end":{"line":42,"column":44}},"42":{"start":{"line":43,"column":0},"end":{"line":43,"column":38}},"43":{"start":{"line":44,"column":0},"end":{"line":44,"column":62}},"44":{"start":{"line":45,"column":0},"end":{"line":45,"column":26}},"46":{"start":{"line":47,"column":0},"end":{"line":47,"column":43}},"47":{"start":{"line":48,"column":0},"end":{"line":48,"column":60}},"48":{"start":{"line":49,"column":0},"end":{"line":49,"column":18}},"50":{"start":{"line":51,"column":0},"end":{"line":51,"column":45}},"51":{"start":{"line":52,"column":0},"end":{"line":52,"column":80}},"52":{"start":{"line":53,"column":0},"end":{"line":53,"column":18}},"54":{"start":{"line":55,"column":0},"end":{"line":55,"column":46}},"55":{"start":{"line":56,"column":0},"end":{"line":56,"column":81}},"56":{"start":{"line":57,"column":0},"end":{"line":57,"column":18}},"58":{"start":{"line":59,"column":0},"end":{"line":59,"column":10}},"59":{"start":{"line":60,"column":0},"end":{"line":60,"column":31}},"60":{"start":{"line":61,"column":0},"end":{"line":61,"column":28}},"61":{"start":{"line":62,"column":0},"end":{"line":62,"column":26}},"62":{"start":{"line":63,"column":0},"end":{"line":63,"column":66}},"63":{"start":{"line":64,"column":0},"end":{"line":64,"column":34}},"64":{"start":{"line":65,"column":0},"end":{"line":65,"column":30}},"65":{"start":{"line":66,"column":0},"end":{"line":66,"column":36}},"66":{"start":{"line":67,"column":0},"end":{"line":67,"column":33}},"67":{"start":{"line":68,"column":0},"end":{"line":68,"column":60}},"68":{"start":{"line":69,"column":0},"end":{"line":69,"column":51}},"69":{"start":{"line":70,"column":0},"end":{"line":70,"column":18}},"71":{"start":{"line":72,"column":0},"end":{"line":72,"column":38}},"72":{"start":{"line":73,"column":0},"end":{"line":73,"column":14}},"73":{"start":{"line":74,"column":0},"end":{"line":74,"column":35}},"74":{"start":{"line":75,"column":0},"end":{"line":75,"column":38}},"75":{"start":{"line":76,"column":0},"end":{"line":76,"column":94}},"76":{"start":{"line":77,"column":0},"end":{"line":77,"column":22}},"77":{"start":{"line":78,"column":0},"end":{"line":78,"column":77}},"78":{"start":{"line":79,"column":0},"end":{"line":79,"column":20}},"79":{"start":{"line":80,"column":0},"end":{"line":80,"column":60}},"80":{"start":{"line":81,"column":0},"end":{"line":81,"column":77}},"81":{"start":{"line":82,"column":0},"end":{"line":82,"column":20}},"82":{"start":{"line":83,"column":0},"end":{"line":83,"column":44}},"83":{"start":{"line":84,"column":0},"end":{"line":84,"column":84}},"84":{"start":{"line":85,"column":0},"end":{"line":85,"column":20}},"85":{"start":{"line":86,"column":0},"end":{"line":86,"column":44}},"86":{"start":{"line":87,"column":0},"end":{"line":87,"column":108}},"87":{"start":{"line":88,"column":0},"end":{"line":88,"column":20}},"88":{"start":{"line":89,"column":0},"end":{"line":89,"column":15}},"90":{"start":{"line":91,"column":0},"end":{"line":91,"column":40}},"91":{"start":{"line":92,"column":0},"end":{"line":92,"column":14}},"92":{"start":{"line":93,"column":0},"end":{"line":93,"column":35}},"93":{"start":{"line":94,"column":0},"end":{"line":94,"column":38}},"94":{"start":{"line":95,"column":0},"end":{"line":95,"column":55}},"95":{"start":{"line":96,"column":0},"end":{"line":96,"column":51}},"96":{"start":{"line":97,"column":0},"end":{"line":97,"column":22}},"97":{"start":{"line":98,"column":0},"end":{"line":98,"column":77}},"98":{"start":{"line":99,"column":0},"end":{"line":99,"column":20}},"99":{"start":{"line":100,"column":0},"end":{"line":100,"column":61}},"100":{"start":{"line":101,"column":0},"end":{"line":101,"column":92}},"101":{"start":{"line":102,"column":0},"end":{"line":102,"column":48}},"102":{"start":{"line":103,"column":0},"end":{"line":103,"column":20}},"103":{"start":{"line":104,"column":0},"end":{"line":104,"column":15}},"105":{"start":{"line":106,"column":0},"end":{"line":106,"column":14}},"107":{"start":{"line":108,"column":0},"end":{"line":108,"column":10}},"109":{"start":{"line":110,"column":0},"end":{"line":110,"column":3}}},"s":{"0":0,"15":0,"16":0,"17":0,"18":0,"19":0,"20":0,"21":0,"22":0,"23":0,"25":0,"26":0,"27":0,"28":0,"29":0,"31":0,"32":0,"33":0,"34":0,"35":0,"37":0,"39":0,"40":0,"41":0,"42":0,"43":0,"44":0,"46":0,"47":0,"48":0,"50":0,"51":0,"52":0,"54":0,"55":0,"56":0,"58":0,"59":0,"60":0,"61":0,"62":0,"63":0,"64":0,"65":0,"66":0,"67":0,"68":0,"69":0,"71":0,"72":0,"73":0,"74":0,"75":0,"76":0,"77":0,"78":0,"79":0,"80":0,"81":0,"82":0,"83":0,"84":0,"85":0,"86":0,"87":0,"88":0,"90":0,"91":0,"92":0,"93":0,"94":0,"95":0,"96":0,"97":0,"98":0,"99":0,"100":0,"101":0,"102":0,"103":0,"105":0,"107":0,"109":0},"branchMap":{"0":{"type":"branch","line":1,"loc":{"start":{"line":1,"column":0},"end":{"line":110,"column":-1819}},"locations":[{"start":{"line":1,"column":0},"end":{"line":110,"column":-1819}}]}},"b":{"0":[0]},"fnMap":{"0":{"name":"(empty-report)","decl":{"start":{"line":1,"column":0},"end":{"line":110,"column":-1819}},"loc":{"start":{"line":1,"column":0},"end":{"line":110,"column":-1819}},"line":1}},"f":{"0":0}}
,"/workspace/src/pages/Game.tsx": {"path":"/workspace/src/pages/Game.tsx","all":true,"statementMap":{"0":{"start":{"line":1,"column":0},"end":{"line":1,"column":26}},"14":{"start":{"line":15,"column":0},"end":{"line":15,"column":48}},"15":{"start":{"line":16,"column":0},"end":{"line":16,"column":28}},"16":{"start":{"line":17,"column":0},"end":{"line":17,"column":91}},"17":{"start":{"line":18,"column":0},"end":{"line":18,"column":40}},"18":{"start":{"line":19,"column":0},"end":{"line":19,"column":25}},"19":{"start":{"line":20,"column":0},"end":{"line":20,"column":54}},"20":{"start":{"line":21,"column":0},"end":{"line":21,"column":42}},"21":{"start":{"line":22,"column":0},"end":{"line":22,"column":11}},"22":{"start":{"line":23,"column":0},"end":{"line":23,"column":1}},"24":{"start":{"line":25,"column":0},"end":{"line":25,"column":48}},"25":{"start":{"line":26,"column":0},"end":{"line":26,"column":28}},"26":{"start":{"line":27,"column":0},"end":{"line":27,"column":37}},"27":{"start":{"line":28,"column":0},"end":{"line":28,"column":66}},"28":{"start":{"line":29,"column":0},"end":{"line":29,"column":79}},"30":{"start":{"line":31,"column":0},"end":{"line":31,"column":25}},"31":{"start":{"line":32,"column":0},"end":{"line":32,"column":56}},"32":{"start":{"line":33,"column":0},"end":{"line":33,"column":42}},"33":{"start":{"line":34,"column":0},"end":{"line":34,"column":5}},"34":{"start":{"line":35,"column":0},"end":{"line":35,"column":24}},"36":{"start":{"line":37,"column":0},"end":{"line":37,"column":75}},"38":{"start":{"line":39,"column":0},"end":{"line":39,"column":61}},"39":{"start":{"line":40,"column":0},"end":{"line":40,"column":50}},"40":{"start":{"line":41,"column":0},"end":{"line":41,"column":44}},"41":{"start":{"line":42,"column":0},"end":{"line":42,"column":38}},"42":{"start":{"line":43,"column":0},"end":{"line":43,"column":62}},"43":{"start":{"line":44,"column":0},"end":{"line":44,"column":26}},"45":{"start":{"line":46,"column":0},"end":{"line":46,"column":43}},"46":{"start":{"line":47,"column":0},"end":{"line":47,"column":60}},"47":{"start":{"line":48,"column":0},"end":{"line":48,"column":18}},"49":{"start":{"line":50,"column":0},"end":{"line":50,"column":45}},"50":{"start":{"line":51,"column":0},"end":{"line":51,"column":80}},"51":{"start":{"line":52,"column":0},"end":{"line":52,"column":18}},"53":{"start":{"line":54,"column":0},"end":{"line":54,"column":46}},"54":{"start":{"line":55,"column":0},"end":{"line":55,"column":81}},"55":{"start":{"line":56,"column":0},"end":{"line":56,"column":18}},"57":{"start":{"line":58,"column":0},"end":{"line":58,"column":10}},"58":{"start":{"line":59,"column":0},"end":{"line":59,"column":31}},"59":{"start":{"line":60,"column":0},"end":{"line":60,"column":27}},"60":{"start":{"line":61,"column":0},"end":{"line":61,"column":26}},"61":{"start":{"line":62,"column":0},"end":{"line":62,"column":66}},"62":{"start":{"line":63,"column":0},"end":{"line":63,"column":34}},"63":{"start":{"line":64,"column":0},"end":{"line":64,"column":30}},"64":{"start":{"line":65,"column":0},"end":{"line":65,"column":36}},"65":{"start":{"line":66,"column":0},"end":{"line":66,"column":33}},"66":{"start":{"line":67,"column":0},"end":{"line":67,"column":60}},"67":{"start":{"line":68,"column":0},"end":{"line":68,"column":72}},"68":{"start":{"line":69,"column":0},"end":{"line":69,"column":18}},"71":{"start":{"line":72,"column":0},"end":{"line":72,"column":38}},"72":{"start":{"line":73,"column":0},"end":{"line":73,"column":14}},"73":{"start":{"line":74,"column":0},"end":{"line":74,"column":35}},"74":{"start":{"line":75,"column":0},"end":{"line":75,"column":38}},"75":{"start":{"line":76,"column":0},"end":{"line":76,"column":90}},"76":{"start":{"line":77,"column":0},"end":{"line":77,"column":22}},"77":{"start":{"line":78,"column":0},"end":{"line":78,"column":77}},"78":{"start":{"line":79,"column":0},"end":{"line":79,"column":20}},"79":{"start":{"line":80,"column":0},"end":{"line":80,"column":60}},"80":{"start":{"line":81,"column":0},"end":{"line":81,"column":77}},"81":{"start":{"line":82,"column":0},"end":{"line":82,"column":20}},"82":{"start":{"line":83,"column":0},"end":{"line":83,"column":44}},"83":{"start":{"line":84,"column":0},"end":{"line":84,"column":84}},"84":{"start":{"line":85,"column":0},"end":{"line":85,"column":20}},"85":{"start":{"line":86,"column":0},"end":{"line":86,"column":44}},"86":{"start":{"line":87,"column":0},"end":{"line":87,"column":131}},"87":{"start":{"line":88,"column":0},"end":{"line":88,"column":20}},"88":{"start":{"line":89,"column":0},"end":{"line":89,"column":15}},"91":{"start":{"line":92,"column":0},"end":{"line":92,"column":40}},"92":{"start":{"line":93,"column":0},"end":{"line":93,"column":14}},"93":{"start":{"line":94,"column":0},"end":{"line":94,"column":35}},"94":{"start":{"line":95,"column":0},"end":{"line":95,"column":38}},"95":{"start":{"line":96,"column":0},"end":{"line":96,"column":55}},"96":{"start":{"line":97,"column":0},"end":{"line":97,"column":51}},"97":{"start":{"line":98,"column":0},"end":{"line":98,"column":22}},"98":{"start":{"line":99,"column":0},"end":{"line":99,"column":77}},"99":{"start":{"line":100,"column":0},"end":{"line":100,"column":20}},"100":{"start":{"line":101,"column":0},"end":{"line":101,"column":61}},"101":{"start":{"line":102,"column":0},"end":{"line":102,"column":152}},"102":{"start":{"line":103,"column":0},"end":{"line":103,"column":79}},"103":{"start":{"line":104,"column":0},"end":{"line":104,"column":20}},"104":{"start":{"line":105,"column":0},"end":{"line":105,"column":15}},"106":{"start":{"line":107,"column":0},"end":{"line":107,"column":14}},"108":{"start":{"line":109,"column":0},"end":{"line":109,"column":10}},"110":{"start":{"line":111,"column":0},"end":{"line":111,"column":3}}},"s":{"0":0,"14":0,"15":0,"16":0,"17":0,"18":0,"19":0,"20":0,"21":0,"22":0,"24":0,"25":0,"26":0,"27":0,"28":0,"30":0,"31":0,"32":0,"33":0,"34":0,"36":0,"38":0,"39":0,"40":0,"41":0,"42":0,"43":0,"45":0,"46":0,"47":0,"49":0,"50":0,"51":0,"53":0,"54":0,"55":0,"57":0,"58":0,"59":0,"60":0,"61":0,"62":0,"63":0,"64":0,"65":0,"66":0,"67":0,"68":0,"71":0,"72":0,"73":0,"74":0,"75":0,"76":0,"77":0,"78":0,"79":0,"80":0,"81":0,"82":0,"83":0,"84":0,"85":0,"86":0,"87":0,"88":0,"91":0,"92":0,"93":0,"94":0,"95":0,"96":0,"97":0,"98":0,"99":0,"100":0,"101":0,"102":0,"103":0,"104":0,"106":0,"108":0,"110":0},"branchMap":{"0":{"type":"branch","line":1,"loc":{"start":{"line":1,"column":0},"end":{"line":111,"column":-1866}},"locations":[{"start":{"line":1,"column":0},"end":{"line":111,"column":-1866}}]}},"b":{"0":[0]},"fnMap":{"0":{"name":"(empty-report)","decl":{"start":{"line":1,"column":0},"end":{"line":111,"column":-1866}},"loc":{"start":{"line":1,"column":0},"end":{"line":111,"column":-1866}},"line":1}},"f":{"0":0}}
,"/workspace/src/services/dataService.ts": {"path":"/workspace/src/services/dataService.ts","all":false,"statementMap":{"0":{"start":{"line":1,"column":0},"end":{"line":1,"column":67}},"6":{"start":{"line":7,"column":0},"end":{"line":7,"column":22}},"7":{"start":{"line":8,"column":0},"end":{"line":8,"column":34}},"8":{"start":{"line":9,"column":0},"end":{"line":9,"column":26}},"10":{"start":{"line":11,"column":0},"end":{"line":11,"column":37}},"11":{"start":{"line":12,"column":0},"end":{"line":12,"column":27}},"12":{"start":{"line":13,"column":0},"end":{"line":13,"column":3}},"14":{"start":{"line":15,"column":0},"end":{"line":15,"column":30}},"15":{"start":{"line":16,"column":0},"end":{"line":16,"column":38}},"16":{"start":{"line":17,"column":0},"end":{"line":17,"column":30}},"18":{"start":{"line":19,"column":0},"end":{"line":19,"column":29}},"19":{"start":{"line":20,"column":0},"end":{"line":20,"column":33}},"20":{"start":{"line":21,"column":0},"end":{"line":21,"column":5}},"21":{"start":{"line":22,"column":0},"end":{"line":22,"column":17}},"22":{"start":{"line":23,"column":0},"end":{"line":23,"column":3}},"24":{"start":{"line":25,"column":0},"end":{"line":25,"column":31}},"25":{"start":{"line":26,"column":0},"end":{"line":26,"column":30}},"26":{"start":{"line":27,"column":0},"end":{"line":27,"column":29}},"27":{"start":{"line":28,"column":0},"end":{"line":28,"column":49}},"29":{"start":{"line":30,"column":0},"end":{"line":30,"column":54}},"30":{"start":{"line":31,"column":0},"end":{"line":31,"column":35}},"31":{"start":{"line":32,"column":0},"end":{"line":32,"column":36}},"32":{"start":{"line":33,"column":0},"end":{"line":33,"column":7}},"33":{"start":{"line":34,"column":0},"end":{"line":34,"column":5}},"34":{"start":{"line":35,"column":0},"end":{"line":35,"column":31}},"35":{"start":{"line":36,"column":0},"end":{"line":36,"column":3}},"37":{"start":{"line":38,"column":0},"end":{"line":38,"column":24}},"38":{"start":{"line":39,"column":0},"end":{"line":39,"column":31}},"39":{"start":{"line":40,"column":0},"end":{"line":40,"column":3}},"41":{"start":{"line":42,"column":0},"end":{"line":42,"column":17}},"42":{"start":{"line":43,"column":0},"end":{"line":43,"column":23}},"43":{"start":{"line":44,"column":0},"end":{"line":44,"column":3}},"44":{"start":{"line":45,"column":0},"end":{"line":45,"column":1}},"47":{"start":{"line":48,"column":0},"end":{"line":48,"column":24}},"48":{"start":{"line":49,"column":0},"end":{"line":49,"column":49}},"49":{"start":{"line":50,"column":0},"end":{"line":50,"column":60}},"50":{"start":{"line":51,"column":0},"end":{"line":51,"column":96}},"52":{"start":{"line":53,"column":0},"end":{"line":53,"column":34}},"53":{"start":{"line":54,"column":0},"end":{"line":54,"column":29}},"54":{"start":{"line":55,"column":0},"end":{"line":55,"column":3}},"56":{"start":{"line":57,"column":0},"end":{"line":57,"column":47}},"58":{"start":{"line":59,"column":0},"end":{"line":59,"column":35}},"59":{"start":{"line":60,"column":0},"end":{"line":60,"column":45}},"61":{"start":{"line":62,"column":0},"end":{"line":62,"column":80}},"62":{"start":{"line":63,"column":0},"end":{"line":63,"column":35}},"63":{"start":{"line":64,"column":0},"end":{"line":64,"column":67}},"66":{"start":{"line":67,"column":0},"end":{"line":67,"column":42}},"67":{"start":{"line":68,"column":0},"end":{"line":68,"column":5}},"68":{"start":{"line":69,"column":0},"end":{"line":69,"column":3}},"70":{"start":{"line":71,"column":0},"end":{"line":71,"column":56}},"71":{"start":{"line":72,"column":0},"end":{"line":72,"column":36}},"74":{"start":{"line":75,"column":0},"end":{"line":75,"column":58}},"75":{"start":{"line":76,"column":0},"end":{"line":76,"column":56}},"76":{"start":{"line":77,"column":0},"end":{"line":77,"column":58}},"77":{"start":{"line":78,"column":0},"end":{"line":78,"column":50}},"78":{"start":{"line":79,"column":0},"end":{"line":79,"column":32}},"79":{"start":{"line":80,"column":0},"end":{"line":80,"column":50}},"80":{"start":{"line":81,"column":0},"end":{"line":81,"column":56}},"81":{"start":{"line":82,"column":0},"end":{"line":82,"column":11}},"82":{"start":{"line":83,"column":0},"end":{"line":83,"column":59}},"83":{"start":{"line":84,"column":0},"end":{"line":84,"column":9}},"84":{"start":{"line":85,"column":0},"end":{"line":85,"column":7}},"85":{"start":{"line":86,"column":0},"end":{"line":86,"column":6}},"87":{"start":{"line":88,"column":0},"end":{"line":88,"column":32}},"88":{"start":{"line":89,"column":0},"end":{"line":89,"column":30}},"89":{"start":{"line":90,"column":0},"end":{"line":90,"column":29}},"90":{"start":{"line":91,"column":0},"end":{"line":91,"column":54}},"91":{"start":{"line":92,"column":0},"end":{"line":92,"column":55}},"94":{"start":{"line":95,"column":0},"end":{"line":95,"column":40}},"95":{"start":{"line":96,"column":0},"end":{"line":96,"column":43}},"96":{"start":{"line":97,"column":0},"end":{"line":97,"column":23}},"97":{"start":{"line":98,"column":0},"end":{"line":98,"column":7}},"98":{"start":{"line":99,"column":0},"end":{"line":99,"column":5}},"101":{"start":{"line":102,"column":0},"end":{"line":102,"column":53}},"102":{"start":{"line":103,"column":0},"end":{"line":103,"column":33}},"103":{"start":{"line":104,"column":0},"end":{"line":104,"column":21}},"104":{"start":{"line":105,"column":0},"end":{"line":105,"column":5}},"105":{"start":{"line":106,"column":0},"end":{"line":106,"column":3}},"107":{"start":{"line":108,"column":0},"end":{"line":108,"column":53}},"108":{"start":{"line":109,"column":0},"end":{"line":109,"column":35}},"109":{"start":{"line":110,"column":0},"end":{"line":110,"column":16}},"110":{"start":{"line":111,"column":0},"end":{"line":111,"column":5}},"112":{"start":{"line":113,"column":0},"end":{"line":113,"column":9}},"113":{"start":{"line":114,"column":0},"end":{"line":114,"column":17}},"114":{"start":{"line":115,"column":0},"end":{"line":115,"column":25}},"115":{"start":{"line":116,"column":0},"end":{"line":116,"column":40}},"116":{"start":{"line":117,"column":0},"end":{"line":117,"column":38}},"117":{"start":{"line":118,"column":0},"end":{"line":118,"column":29}},"118":{"start":{"line":119,"column":0},"end":{"line":119,"column":15}},"119":{"start":{"line":120,"column":0},"end":{"line":120,"column":23}},"120":{"start":{"line":121,"column":0},"end":{"line":121,"column":19}},"121":{"start":{"line":122,"column":0},"end":{"line":122,"column":66}},"122":{"start":{"line":123,"column":0},"end":{"line":123,"column":16}},"123":{"start":{"line":124,"column":0},"end":{"line":124,"column":5}},"124":{"start":{"line":125,"column":0},"end":{"line":125,"column":3}},"126":{"start":{"line":127,"column":0},"end":{"line":127,"column":44}},"127":{"start":{"line":128,"column":0},"end":{"line":128,"column":69}},"128":{"start":{"line":129,"column":0},"end":{"line":129,"column":3}},"130":{"start":{"line":131,"column":0},"end":{"line":131,"column":46}},"131":{"start":{"line":132,"column":0},"end":{"line":132,"column":35}},"132":{"start":{"line":133,"column":0},"end":{"line":133,"column":3}},"134":{"start":{"line":135,"column":0},"end":{"line":135,"column":54}},"135":{"start":{"line":136,"column":0},"end":{"line":136,"column":54}},"136":{"start":{"line":137,"column":0},"end":{"line":137,"column":3}},"138":{"start":{"line":139,"column":0},"end":{"line":139,"column":42}},"139":{"start":{"line":140,"column":0},"end":{"line":140,"column":58}},"140":{"start":{"line":141,"column":0},"end":{"line":141,"column":16}},"141":{"start":{"line":142,"column":0},"end":{"line":142,"column":5}},"143":{"start":{"line":144,"column":0},"end":{"line":144,"column":55}},"144":{"start":{"line":145,"column":0},"end":{"line":145,"column":34}},"145":{"start":{"line":146,"column":0},"end":{"line":146,"column":16}},"146":{"start":{"line":147,"column":0},"end":{"line":147,"column":5}},"148":{"start":{"line":149,"column":0},"end":{"line":149,"column":55}},"150":{"start":{"line":151,"column":0},"end":{"line":151,"column":30}},"152":{"start":{"line":153,"column":0},"end":{"line":153,"column":32}},"153":{"start":{"line":154,"column":0},"end":{"line":154,"column":41}},"154":{"start":{"line":155,"column":0},"end":{"line":155,"column":66}},"155":{"start":{"line":156,"column":0},"end":{"line":156,"column":3}},"157":{"start":{"line":158,"column":0},"end":{"line":158,"column":29}},"158":{"start":{"line":159,"column":0},"end":{"line":159,"column":48}},"159":{"start":{"line":160,"column":0},"end":{"line":160,"column":3}},"160":{"start":{"line":161,"column":0},"end":{"line":161,"column":1}},"163":{"start":{"line":164,"column":0},"end":{"line":164,"column":35}},"164":{"start":{"line":165,"column":0},"end":{"line":165,"column":34}},"165":{"start":{"line":166,"column":0},"end":{"line":166,"column":88}},"166":{"start":{"line":167,"column":0},"end":{"line":167,"column":70}},"167":{"start":{"line":168,"column":0},"end":{"line":168,"column":48}},"169":{"start":{"line":170,"column":0},"end":{"line":170,"column":74}},"170":{"start":{"line":171,"column":0},"end":{"line":171,"column":33}},"171":{"start":{"line":172,"column":0},"end":{"line":172,"column":37}},"173":{"start":{"line":174,"column":0},"end":{"line":174,"column":38}},"174":{"start":{"line":175,"column":0},"end":{"line":175,"column":9}},"175":{"start":{"line":176,"column":0},"end":{"line":176,"column":80}},"177":{"start":{"line":178,"column":0},"end":{"line":178,"column":69}},"178":{"start":{"line":179,"column":0},"end":{"line":179,"column":54}},"179":{"start":{"line":180,"column":0},"end":{"line":180,"column":40}},"180":{"start":{"line":181,"column":0},"end":{"line":181,"column":14}},"181":{"start":{"line":182,"column":0},"end":{"line":182,"column":56}},"182":{"start":{"line":183,"column":0},"end":{"line":183,"column":7}},"183":{"start":{"line":184,"column":0},"end":{"line":184,"column":19}},"184":{"start":{"line":185,"column":0},"end":{"line":185,"column":63}},"185":{"start":{"line":186,"column":0},"end":{"line":186,"column":33}},"186":{"start":{"line":187,"column":0},"end":{"line":187,"column":39}},"187":{"start":{"line":188,"column":0},"end":{"line":188,"column":34}},"188":{"start":{"line":189,"column":0},"end":{"line":189,"column":5}},"190":{"start":{"line":191,"column":0},"end":{"line":191,"column":40}},"191":{"start":{"line":192,"column":0},"end":{"line":192,"column":11}},"192":{"start":{"line":193,"column":0},"end":{"line":193,"column":50}},"193":{"start":{"line":194,"column":0},"end":{"line":194,"column":21}},"194":{"start":{"line":195,"column":0},"end":{"line":195,"column":61}},"196":{"start":{"line":197,"column":0},"end":{"line":197,"column":59}},"197":{"start":{"line":198,"column":0},"end":{"line":198,"column":39}},"198":{"start":{"line":199,"column":0},"end":{"line":199,"column":34}},"199":{"start":{"line":200,"column":0},"end":{"line":200,"column":7}},"200":{"start":{"line":201,"column":0},"end":{"line":201,"column":5}},"202":{"start":{"line":203,"column":0},"end":{"line":203,"column":43}},"203":{"start":{"line":204,"column":0},"end":{"line":204,"column":37}},"204":{"start":{"line":205,"column":0},"end":{"line":205,"column":46}},"206":{"start":{"line":207,"column":0},"end":{"line":207,"column":17}},"207":{"start":{"line":208,"column":0},"end":{"line":208,"column":56}},"208":{"start":{"line":209,"column":0},"end":{"line":209,"column":5}},"210":{"start":{"line":211,"column":0},"end":{"line":211,"column":13}},"211":{"start":{"line":212,"column":0},"end":{"line":212,"column":31}},"212":{"start":{"line":213,"column":0},"end":{"line":213,"column":26}},"213":{"start":{"line":214,"column":0},"end":{"line":214,"column":6}},"214":{"start":{"line":215,"column":0},"end":{"line":215,"column":3}},"216":{"start":{"line":217,"column":0},"end":{"line":217,"column":74}},"218":{"start":{"line":219,"column":0},"end":{"line":219,"column":50}},"219":{"start":{"line":220,"column":0},"end":{"line":220,"column":17}},"220":{"start":{"line":221,"column":0},"end":{"line":221,"column":20}},"221":{"start":{"line":222,"column":0},"end":{"line":222,"column":5}},"224":{"start":{"line":225,"column":0},"end":{"line":225,"column":63}},"225":{"start":{"line":226,"column":0},"end":{"line":226,"column":26}},"226":{"start":{"line":227,"column":0},"end":{"line":227,"column":29}},"227":{"start":{"line":228,"column":0},"end":{"line":228,"column":5}},"230":{"start":{"line":231,"column":0},"end":{"line":231,"column":49}},"231":{"start":{"line":232,"column":0},"end":{"line":232,"column":48}},"233":{"start":{"line":234,"column":0},"end":{"line":234,"column":9}},"234":{"start":{"line":235,"column":0},"end":{"line":235,"column":36}},"235":{"start":{"line":236,"column":0},"end":{"line":236,"column":46}},"236":{"start":{"line":237,"column":0},"end":{"line":237,"column":21}},"237":{"start":{"line":238,"column":0},"end":{"line":238,"column":15}},"238":{"start":{"line":239,"column":0},"end":{"line":239,"column":44}},"239":{"start":{"line":240,"column":0},"end":{"line":240,"column":5}},"240":{"start":{"line":241,"column":0},"end":{"line":241,"column":3}},"242":{"start":{"line":243,"column":0},"end":{"line":243,"column":73}},"243":{"start":{"line":244,"column":0},"end":{"line":244,"column":49}},"244":{"start":{"line":245,"column":0},"end":{"line":245,"column":62}},"246":{"start":{"line":247,"column":0},"end":{"line":247,"column":9}},"247":{"start":{"line":248,"column":0},"end":{"line":248,"column":104}},"248":{"start":{"line":249,"column":0},"end":{"line":249,"column":41}},"250":{"start":{"line":251,"column":0},"end":{"line":251,"column":28}},"251":{"start":{"line":252,"column":0},"end":{"line":252,"column":42}},"252":{"start":{"line":253,"column":0},"end":{"line":253,"column":38}},"253":{"start":{"line":254,"column":0},"end":{"line":254,"column":7}},"255":{"start":{"line":256,"column":0},"end":{"line":256,"column":24}},"256":{"start":{"line":257,"column":0},"end":{"line":257,"column":13}},"257":{"start":{"line":258,"column":0},"end":{"line":258,"column":29}},"258":{"start":{"line":259,"column":0},"end":{"line":259,"column":5}},"259":{"start":{"line":260,"column":0},"end":{"line":260,"column":3}},"261":{"start":{"line":262,"column":0},"end":{"line":262,"column":63}},"262":{"start":{"line":263,"column":0},"end":{"line":263,"column":23}},"263":{"start":{"line":264,"column":0},"end":{"line":264,"column":43}},"264":{"start":{"line":265,"column":0},"end":{"line":265,"column":43}},"265":{"start":{"line":266,"column":0},"end":{"line":266,"column":43}},"266":{"start":{"line":267,"column":0},"end":{"line":267,"column":43}},"267":{"start":{"line":268,"column":0},"end":{"line":268,"column":25}},"268":{"start":{"line":269,"column":0},"end":{"line":269,"column":5}},"269":{"start":{"line":270,"column":0},"end":{"line":270,"column":3}},"271":{"start":{"line":272,"column":0},"end":{"line":272,"column":55}},"273":{"start":{"line":274,"column":0},"end":{"line":274,"column":73}},"274":{"start":{"line":275,"column":0},"end":{"line":275,"column":35}},"275":{"start":{"line":276,"column":0},"end":{"line":276,"column":41}},"276":{"start":{"line":277,"column":0},"end":{"line":277,"column":43}},"278":{"start":{"line":279,"column":0},"end":{"line":279,"column":78}},"279":{"start":{"line":280,"column":0},"end":{"line":280,"column":18}},"280":{"start":{"line":281,"column":0},"end":{"line":281,"column":56}},"281":{"start":{"line":282,"column":0},"end":{"line":282,"column":5}},"282":{"start":{"line":283,"column":0},"end":{"line":283,"column":34}},"283":{"start":{"line":284,"column":0},"end":{"line":284,"column":46}},"284":{"start":{"line":285,"column":0},"end":{"line":285,"column":61}},"285":{"start":{"line":286,"column":0},"end":{"line":286,"column":5}},"286":{"start":{"line":287,"column":0},"end":{"line":287,"column":21}},"287":{"start":{"line":288,"column":0},"end":{"line":288,"column":3}},"289":{"start":{"line":290,"column":0},"end":{"line":290,"column":53}},"290":{"start":{"line":291,"column":0},"end":{"line":291,"column":35}},"292":{"start":{"line":293,"column":0},"end":{"line":293,"column":35}},"293":{"start":{"line":294,"column":0},"end":{"line":294,"column":39}},"294":{"start":{"line":295,"column":0},"end":{"line":295,"column":31}},"295":{"start":{"line":296,"column":0},"end":{"line":296,"column":7}},"296":{"start":{"line":297,"column":0},"end":{"line":297,"column":5}},"298":{"start":{"line":299,"column":0},"end":{"line":299,"column":33}},"299":{"start":{"line":300,"column":0},"end":{"line":300,"column":56}},"300":{"start":{"line":301,"column":0},"end":{"line":301,"column":5}},"302":{"start":{"line":303,"column":0},"end":{"line":303,"column":21}},"303":{"start":{"line":304,"column":0},"end":{"line":304,"column":3}},"305":{"start":{"line":306,"column":0},"end":{"line":306,"column":50}},"306":{"start":{"line":307,"column":0},"end":{"line":307,"column":17}},"307":{"start":{"line":308,"column":0},"end":{"line":308,"column":37}},"308":{"start":{"line":309,"column":0},"end":{"line":309,"column":40}},"309":{"start":{"line":310,"column":0},"end":{"line":310,"column":31}},"310":{"start":{"line":311,"column":0},"end":{"line":311,"column":47}},"311":{"start":{"line":312,"column":0},"end":{"line":312,"column":38}},"312":{"start":{"line":313,"column":0},"end":{"line":313,"column":46}},"313":{"start":{"line":314,"column":0},"end":{"line":314,"column":37}},"314":{"start":{"line":315,"column":0},"end":{"line":315,"column":49}},"315":{"start":{"line":316,"column":0},"end":{"line":316,"column":40}},"316":{"start":{"line":317,"column":0},"end":{"line":317,"column":46}},"317":{"start":{"line":318,"column":0},"end":{"line":318,"column":59}},"318":{"start":{"line":319,"column":0},"end":{"line":319,"column":3}},"320":{"start":{"line":321,"column":0},"end":{"line":321,"column":43}},"321":{"start":{"line":322,"column":0},"end":{"line":322,"column":28}},"322":{"start":{"line":323,"column":0},"end":{"line":323,"column":3}},"324":{"start":{"line":325,"column":0},"end":{"line":325,"column":27}},"325":{"start":{"line":326,"column":0},"end":{"line":326,"column":23}},"326":{"start":{"line":327,"column":0},"end":{"line":327,"column":3}},"329":{"start":{"line":330,"column":0},"end":{"line":330,"column":64}},"330":{"start":{"line":331,"column":0},"end":{"line":331,"column":76}},"331":{"start":{"line":332,"column":0},"end":{"line":332,"column":32}},"332":{"start":{"line":333,"column":0},"end":{"line":333,"column":3}},"335":{"start":{"line":336,"column":0},"end":{"line":336,"column":23}},"336":{"start":{"line":337,"column":0},"end":{"line":337,"column":29}},"337":{"start":{"line":338,"column":0},"end":{"line":338,"column":33}},"338":{"start":{"line":339,"column":0},"end":{"line":339,"column":3}},"339":{"start":{"line":340,"column":0},"end":{"line":340,"column":1}},"342":{"start":{"line":343,"column":0},"end":{"line":343,"column":54}}},"s":{"0":1,"6":1,"7":1,"8":1,"10":1,"11":1,"12":1,"14":1,"15":0,"16":0,"18":0,"19":0,"20":0,"21":0,"22":0,"24":1,"25":0,"26":0,"27":0,"29":0,"30":0,"31":0,"32":0,"33":0,"34":0,"35":0,"37":1,"38":0,"39":0,"41":1,"42":0,"43":0,"44":1,"47":1,"48":22,"49":22,"50":22,"52":22,"53":22,"54":22,"56":22,"58":22,"59":57,"61":57,"62":57,"63":57,"66":57,"67":57,"68":22,"70":22,"71":57,"74":57,"75":445,"76":439,"77":439,"78":439,"79":439,"80":268,"81":268,"82":439,"83":439,"84":439,"85":445,"87":57,"88":57,"89":57,"90":57,"91":57,"94":57,"95":20,"96":46,"97":46,"98":20,"101":57,"102":57,"103":114,"104":114,"105":57,"107":22,"108":503,"109":0,"110":0,"112":503,"113":503,"114":503,"115":503,"116":503,"117":503,"118":503,"119":503,"120":503,"121":0,"122":0,"123":0,"124":503,"126":22,"127":57,"128":57,"130":22,"131":8,"132":8,"134":22,"135":4,"136":4,"138":22,"139":10,"140":3,"141":3,"143":7,"144":10,"145":0,"146":0,"148":7,"150":10,"152":5,"153":5,"154":5,"155":10,"157":22,"158":4,"159":4,"160":22,"163":1,"164":1,"165":1,"166":1,"167":1,"169":1,"170":0,"171":0,"173":0,"174":0,"175":0,"177":0,"178":0,"179":0,"180":0,"181":0,"182":0,"183":0,"184":0,"185":0,"186":0,"187":0,"188":0,"190":0,"191":0,"192":0,"193":0,"194":0,"196":0,"197":0,"198":0,"199":0,"200":0,"202":0,"203":0,"204":0,"206":0,"207":0,"208":0,"210":0,"211":0,"212":0,"213":0,"214":0,"216":1,"218":0,"219":0,"220":0,"221":0,"224":0,"225":0,"226":0,"227":0,"230":0,"231":0,"233":0,"234":0,"235":0,"236":0,"237":0,"238":0,"239":0,"240":0,"242":1,"243":0,"244":0,"246":0,"247":0,"248":0,"250":0,"251":0,"252":0,"253":0,"255":0,"256":0,"257":0,"258":0,"259":0,"261":1,"262":0,"263":0,"264":0,"265":0,"266":0,"267":0,"268":0,"269":0,"271":1,"273":0,"274":0,"275":0,"276":0,"278":0,"279":0,"280":0,"281":0,"282":0,"283":0,"284":0,"285":0,"286":0,"287":0,"289":1,"290":0,"292":0,"293":0,"294":0,"295":0,"296":0,"298":0,"299":0,"300":0,"302":0,"303":0,"305":1,"306":0,"307":0,"308":0,"309":0,"310":0,"311":0,"312":0,"313":0,"314":0,"315":0,"316":0,"317":0,"318":0,"320":1,"321":0,"322":0,"324":1,"325":0,"326":0,"329":1,"330":0,"331":0,"332":0,"335":1,"336":0,"337":0,"338":0,"339":1,"342":1},"branchMap":{"0":{"type":"branch","line":7,"loc":{"start":{"line":7,"column":21},"end":{"line":45,"column":1}},"locations":[{"start":{"line":7,"column":21},"end":{"line":45,"column":1}}]},"1":{"type":"branch","line":11,"loc":{"start":{"line":11,"column":2},"end":{"line":13,"column":3}},"locations":[{"start":{"line":11,"column":2},"end":{"line":13,"column":3}}]},"2":{"type":"branch","line":48,"loc":{"start":{"line":48,"column":23},"end":{"line":161,"column":1}},"locations":[{"start":{"line":48,"column":23},"end":{"line":161,"column":1}}]},"3":{"type":"branch","line":53,"loc":{"start":{"line":53,"column":2},"end":{"line":55,"column":3}},"locations":[{"start":{"line":53,"column":2},"end":{"line":55,"column":3}}]},"4":{"type":"branch","line":57,"loc":{"start":{"line":57,"column":10},"end":{"line":69,"column":3}},"locations":[{"start":{"line":57,"column":10},"end":{"line":69,"column":3}}]},"5":{"type":"branch","line":59,"loc":{"start":{"line":59,"column":34},"end":{"line":68,"column":5}},"locations":[{"start":{"line":59,"column":34},"end":{"line":68,"column":5}}]},"6":{"type":"branch","line":62,"loc":{"start":{"line":62,"column":72},"end":{"line":62,"column":80}},"locations":[{"start":{"line":62,"column":72},"end":{"line":62,"column":80}}]},"7":{"type":"branch","line":71,"loc":{"start":{"line":71,"column":10},"end":{"line":106,"column":3}},"locations":[{"start":{"line":71,"column":10},"end":{"line":106,"column":3}}]},"8":{"type":"branch","line":95,"loc":{"start":{"line":95,"column":39},"end":{"line":99,"column":5}},"locations":[{"start":{"line":95,"column":39},"end":{"line":99,"column":5}}]},"9":{"type":"branch","line":96,"loc":{"start":{"line":96,"column":42},"end":{"line":98,"column":7}},"locations":[{"start":{"line":96,"column":42},"end":{"line":98,"column":7}}]},"10":{"type":"branch","line":103,"loc":{"start":{"line":103,"column":32},"end":{"line":105,"column":5}},"locations":[{"start":{"line":103,"column":32},"end":{"line":105,"column":5}}]},"11":{"type":"branch","line":75,"loc":{"start":{"line":75,"column":20},"end":{"line":86,"column":6}},"locations":[{"start":{"line":75,"column":20},"end":{"line":86,"column":6}}]},"12":{"type":"branch","line":76,"loc":{"start":{"line":76,"column":26},"end":{"line":76,"column":55}},"locations":[{"start":{"line":76,"column":26},"end":{"line":76,"column":55}}]},"13":{"type":"branch","line":76,"loc":{"start":{"line":76,"column":55},"end":{"line":85,"column":7}},"locations":[{"start":{"line":76,"column":55},"end":{"line":85,"column":7}}]},"14":{"type":"branch","line":80,"loc":{"start":{"line":80,"column":49},"end":{"line":82,"column":11}},"locations":[{"start":{"line":80,"column":49},"end":{"line":82,"column":11}}]},"15":{"type":"branch","line":108,"loc":{"start":{"line":108,"column":10},"end":{"line":125,"column":3}},"locations":[{"start":{"line":108,"column":10},"end":{"line":125,"column":3}}]},"16":{"type":"branch","line":109,"loc":{"start":{"line":109,"column":34},"end":{"line":111,"column":5}},"locations":[
[...]
rt":{"line":380,"column":0},"end":{"line":380,"column":22}},"380":{"start":{"line":381,"column":0},"end":{"line":381,"column":63}},"381":{"start":{"line":382,"column":0},"end":{"line":382,"column":6}},"382":{"start":{"line":383,"column":0},"end":{"line":383,"column":3}},"383":{"start":{"line":384,"column":0},"end":{"line":384,"column":1}}},"s":{"0":1,"1":1,"2":1,"3":1,"14":1,"15":1,"16":1,"17":1,"18":1,"19":1,"20":1,"21":1,"24":1,"25":1,"26":6,"27":6,"28":6,"29":6,"30":6,"31":6,"32":6,"33":1,"36":7698,"37":7698,"39":7698,"41":7698,"42":7698,"43":7698,"44":7698,"45":7698,"46":7698,"47":7698,"48":7698,"49":7698,"50":7698,"51":7698,"52":7698,"54":7698,"56":7698,"57":7698,"58":0,"59":0,"61":7698,"64":7698,"65":7698,"66":7698,"67":7698,"68":7698,"69":7698,"72":7698,"73":15396,"74":15392,"75":15392,"76":4,"77":15396,"80":7698,"81":23094,"82":3736,"83":3736,"84":19358,"85":23094,"87":7698,"88":7698,"89":7698,"90":7698,"91":7698,"92":7698,"93":7698,"94":7698,"95":7698,"97":123,"98":123,"99":123,"100":123,"102":123,"103":0,"104":0,"105":0,"106":0,"107":0,"109":121,"110":123,"111":2,"112":0,"113":0,"114":2,"115":2,"116":2,"117":2,"118":2,"119":2,"120":123,"122":1,"123":3862,"125":3862,"126":3862,"127":120,"128":120,"129":120,"130":1,"132":1,"133":120,"136":3741,"137":3862,"138":2,"139":2,"140":2,"141":3862,"143":3741,"144":3741,"145":3741,"146":3741,"147":3741,"148":3731,"149":3731,"150":3731,"151":0,"152":3730,"153":1865,"154":1865,"155":3731,"156":3731,"157":3731,"158":3731,"159":3731,"160":3731,"161":3731,"162":3731,"165":3731,"166":3731,"167":3730,"168":3730,"169":3730,"170":3730,"171":3730,"172":1,"173":1,"174":1,"175":3730,"176":3731,"177":3741,"178":1,"180":1,"181":3741,"183":11,"184":11,"186":1,"187":3849,"189":3849,"191":3847,"194":3847,"197":3847,"200":3847,"201":0,"202":0,"203":0,"204":0,"205":0,"208":3847,"209":3847,"211":3849,"212":2,"213":2,"214":2,"215":2,"216":2,"217":3849,"218":3,"220":3,"221":0,"222":0,"223":0,"225":0,"226":0,"227":0,"228":0,"229":0,"230":0,"231":0,"232":0,"233":0,"234":0,"235":0,"236":0,"237":0,"238":0,"239":0,"240":0,"241":0,"244":3,"245":0,"246":0,"247":0,"248":0,"249":0,"250":0,"252":3,"253":3,"254":3,"255":0,"256":0,"257":3,"258":3849,"261":0,"262":0,"264":0,"265":0,"266":0,"267":0,"270":0,"271":0,"272":0,"273":0,"274":0,"275":0,"276":0,"278":0,"279":0,"280":0,"281":0,"282":0,"283":0,"286":1,"291":5,"292":5,"293":5,"294":5,"295":5,"296":5,"298":5,"299":5,"300":5,"301":5,"302":5,"304":0,"305":0,"306":0,"307":0,"308":0,"309":0,"310":0,"312":5,"313":5,"314":3,"315":3,"316":3,"317":1,"318":1,"319":3,"321":5,"322":5,"323":5,"324":5,"325":5,"326":5,"327":5,"328":0,"329":0,"330":0,"331":0,"332":0,"333":0,"334":0,"335":5,"337":1,"338":2,"340":2,"343":2,"344":2,"345":4,"346":4,"347":3,"348":3,"349":4,"350":2,"351":0,"352":0,"353":0,"354":0,"355":0,"356":0,"359":2,"360":3,"361":3,"362":3,"363":0,"364":0,"365":0,"366":0,"367":0,"368":0,"369":3,"371":2,"372":2,"373":0,"374":0,"375":0,"376":0,"377":0,"378":0,"379":0,"380":0,"381":0,"382":0,"383":2},"branchMap":{"0":{"type":"branch","line":26,"loc":{"start":{"line":26,"column":2},"end":{"line":33,"column":3}},"locations":[{"start":{"line":26,"column":2},"end":{"line":33,"column":3}}]},"1":{"type":"branch","line":37,"loc":{"start":{"line":37,"column":0},"end":{"line":55,"column":1}},"locations":[{"start":{"line":37,"column":0},"end":{"line":55,"column":1}}]},"2":{"type":"branch","line":38,"loc":{"start":{"line":38,"column":39},"end":{"line":38,"column":52}},"locations":[{"start":{"line":38,"column":39},"end":{"line":38,"column":52}}]},"3":{"type":"branch","line":51,"loc":{"start":{"line":51,"column":32},"end":{"line":51,"column":91}},"locations":[{"start":{"line":51,"column":32},"end":{"line":51,"column":91}}]},"4":{"type":"branch","line":52,"loc":{"start":{"line":52,"column":31},"end":{"line":52,"column":89}},"locations":[{"start":{"line":52,"column":31},"end":{"line":52,"column":89}}]},"5":{"type":"branch","line":53,"loc":{"start":{"line":53,"column":32},"end":{"line":53,"column":88}},"locations":[{"start":{"line":53,"column":32},"end":{"line":53,"column":88}}]},"6":{"type":"branch","line":44,"loc":{"start":{"line":44,"column":30},"end":{"line":44,"column":75}},"locations":[{"start":{"line":44,"column":30},"end":{"line":44,"column":75}}]},"7":{"type":"branch","line":57,"loc":{"start":{"line":57,"column":0},"end":{"line":96,"column":1}},"locations":[{"start":{"line":57,"column":0},"end":{"line":96,"column":1}}]},"8":{"type":"branch","line":58,"loc":{"start":{"line":58,"column":39},"end":{"line":60,"column":3}},"locations":[{"start":{"line":58,"column":39},"end":{"line":60,"column":3}}]},"9":{"type":"branch","line":68,"loc":{"start":{"line":68,"column":14},"end":{"line":68,"column":59}},"locations":[{"start":{"line":68,"column":14},"end":{"line":68,"column":59}}]},"10":{"type":"branch","line":68,"loc":{"start":{"line":68,"column":34},"end":{"line":68,"column":59}},"locations":[{"start":{"line":68,"column":34},"end":{"line":68,"column":59}}]},"11":{"type":"branch","line":73,"loc":{"start":{"line":73,"column":25},"end":{"line":78,"column":4}},"locations":[{"start":{"line":73,"column":25},"end":{"line":78,"column":4}}]},"12":{"type":"branch","line":74,"loc":{"start":{"line":74,"column":72},"end":{"line":74,"column":91}},"locations":[{"start":{"line":74,"column":72},"end":{"line":74,"column":91}}]},"13":{"type":"branch","line":74,"loc":{"start":{"line":74,"column":91},"end":{"line":76,"column":5}},"locations":[{"start":{"line":74,"column":91},"end":{"line":76,"column":5}}]},"14":{"type":"branch","line":76,"loc":{"start":{"line":76,"column":4},"end":{"line":77,"column":24}},"locations":[{"start":{"line":76,"column":4},"end":{"line":77,"column":24}}]},"15":{"type":"branch","line":81,"loc":{"start":{"line":81,"column":25},"end":{"line":86,"column":4}},"locations":[{"start":{"line":81,"column":25},"end":{"line":86,"column":4}}]},"16":{"type":"branch","line":82,"loc":{"start":{"line":82,"column":25},"end":{"line":82,"column":55}},"locations":[{"start":{"line":82,"column":25},"end":{"line":82,"column":55}}]},"17":{"type":"branch","line":82,"loc":{"start":{"line":82,"column":55},"end":{"line":84,"column":5}},"locations":[{"start":{"line":82,"column":55},"end":{"line":84,"column":5}}]},"18":{"type":"branch","line":84,"loc":{"start":{"line":84,"column":4},"end":{"line":85,"column":21}},"locations":[{"start":{"line":84,"column":4},"end":{"line":85,"column":21}}]},"19":{"type":"branch","line":98,"loc":{"start":{"line":98,"column":0},"end":{"line":121,"column":1}},"locations":[{"start":{"line":98,"column":0},"end":{"line":121,"column":1}}]},"20":{"type":"branch","line":103,"loc":{"start":{"line":103,"column":35},"end":{"line":108,"column":5}},"locations":[{"start":{"line":103,"column":35},"end":{"line":108,"column":5}}]},"21":{"type":"branch","line":108,"loc":{"start":{"line":108,"column":4},"end":{"line":111,"column":11}},"locations":[{"start":{"line":108,"column":4},"end":{"line":111,"column":11}}]},"22":{"type":"branch","line":111,"loc":{"start":{"line":111,"column":2},"end":{"line":120,"column":3}},"locations":[{"start":{"line":111,"column":2},"end":{"line":120,"column":3}}]},"23":{"type":"branch","line":112,"loc":{"start":{"line":112,"column":39},"end":{"line":114,"column":5}},"locations":[{"start":{"line":112,"column":39},"end":{"line":114,"column":5}}]},"24":{"type":"branch","line":118,"loc":{"start":{"line":118,"column":31},"end":{"line":118,"column":63}},"locations":[{"start":{"line":118,"column":31},"end":{"line":118,"column":63}}]},"25":{"type":"branch","line":123,"loc":{"start":{"line":123,"column":7},"end":{"line":142,"column":1}},"locations":[{"start":{"line":123,"column":7},"end":{"line":142,"column":1}}]},"26":{"type":"branch","line":127,"loc":{"start":{"line":127,"column":13},"end":{"line":134,"column":5}},"locations":[{"start":{"line":127,"column":13},"end":{"line":134,"column":5}}]},"27":{"type":"branch","line":130,"loc":{"start":{"line":130,"column":6},"end":{"line":133,"column":7}},"locations":[{"start":{"line":130,"column":6},"end":{"line":133,"column":7}}]},"28":{"type":"branch","line":134,"loc":{"start":{"line":134,"column":4},"end":{"line":138,"column":11}},"locations":[{"start":{"line":134,"column":4},"end":{"line":138,"column":11}}]},"29":{"type":"branch","line":138,"loc":{"start":{"line":138,"column":2},"end":{"line":141,"column":3}},"locations":[{"start":{"line":138,"column":2},"end":{"line":141,"column":3}}]},"30":{"type":"branch","line":144,"loc":{"start":{"line":144,"column":0},"end":{"line":185,"column":1}},"locations":[{"start":{"line":144,"column":0},"end":{"line":185,"column":1}}]},"31":{"type":"branch","line":148,"loc":{"start":{"line":148,"column":15},"end":{"line":177,"column":7}},"locations":[{"start":{"line":148,"column":15},"end":{"line":177,"column":7}}]},"32":{"type":"branch","line":151,"loc":{"start":{"line":151,"column":51},"end":{"line":152,"column":53}},"locations":[{"start":{"line":151,"column":51},"end":{"line":152,"column":53}}]},"33":{"type":"branch","line":152,"loc":{"start":{"line":152,"column":52},"end":{"line":155,"column":20}},"locations":[{"start":{"line":152,"column":52},"end":{"line":155,"column":20}}]},"34":{"type":"branch","line":153,"loc":{"start":{"line":153,"column":50},"end":{"line":154,"column":61}},"locations":[{"start":{"line":153,"column":50},"end":{"line":154,"column":61}}]},"35":{"type":"branch","line":154,"loc":{"start":{"line":154,"column":59},"end":{"line":155,"column":20}},"locations":[{"start":{"line":154,"column":59},"end":{"line":155,"column":20}}]},"36":{"type":"branch","line":157,"loc":{"start":{"line":157,"column":26},"end":{"line":157,"column":66}},"locations":[{"start":{"line":157,"column":26},"end":{"line":157,"column":66}}]},"37":{"type":"branch","line":157,"loc":{"start":{"line":157,"column":47},"end":{"line":157,"column":67}},"locations":[{"start":{"line":157,"column":47},"end":{"line":157,"column":67}}]},"38":{"type":"branch","line":157,"loc":{"start":{"line":157,"column":67},"end":{"line":157,"column":73}},"locations":[{"start":{"line":157,"column":67},"end":{"line":157,"column":73}}]},"39":{"type":"branch","line":159,"loc":{"start":{"line":159,"column":26},"end":{"line":159,"column":72}},"locations":[{"start":{"line":159,"column":26},"end":{"line":159,"column":72}}]},"40":{"type":"branch","line":159,"loc":{"start":{"line":159,"column":50},"end":{"line":159,"column":73}},"locations":[{"start":{"line":159,"column":50},"end":{"line":159,"column":73}}]},"41":{"type":"branch","line":159,"loc":{"start":{"line":159,"column":73},"end":{"line":159,"column":79}},"locations":[{"start":{"line":159,"column":73},"end":{"line":159,"column":79}}]},"42":{"type":"branch","line":160,"loc":{"start":{"line":160,"column":55},"end":{"line":160,"column":88}},"locations":[{"start":{"line":160,"column":55},"end":{"line":160,"column":88}}]},"43":{"type":"branch","line":160,"loc":{"start":{"line":160,"column":73},"end":{"line":160,"column":98}},"locations":[{"start":{"line":160,"column":73},"end":{"line":160,"column":98}}]},"44":{"type":"branch","line":161,"loc":{"start":{"line":161,"column":53},"end":{"line":161,"column":85}},"locations":[{"start":{"line":161,"column":53},"end":{"line":161,"column":85}}]},"45":{"type":"branch","line":161,"loc":{"start":{"line":161,"column":71},"end":{"line":161,"column":95}},"locations":[{"start":{"line":161,"column":71},"end":{"line":161,"column":95}}]},"46":{"type":"branch","line":162,"loc":{"start":{"line":162,"column":55},"end":{"line":162,"column":88}},"locations":[{"start":{"line":162,"column":55},"end":{"line":162,"column":88}}]},"47":{"type":"branch","line":162,"loc":{"start":{"line":162,"column":73},"end":{"line":162,"column":97}},"locations":[{"start":{"line":162,"column":73},"end":{"line":162,"column":97}}]},"48":{"type":"branch","line":167,"loc":{"start":{"line":167,"column":38},"end":{"line":176,"column":9}},"locations":[{"start":{"line":167,"column":38},"end":{"line":176,"column":9}}]},"49":{"type":"branch","line":172,"loc":{"start":{"line":172,"column":10},"end":{"line":175,"column":11}},"locations":[{"start":{"line":172,"column":10},"end":{"line":175,"column":11}}]},"50":{"type":"branch","line":178,"loc":{"start":{"line":178,"column":4},"end":{"line":181,"column":5}},"locations":[{"start":{"line":178,"column":4},"end":{"line":181,"column":5}}]},"51":{"type":"branch","line":182,"loc":{"start":{"line":182,"column":2},"end":{"line":185,"column":1}},"locations":[{"start":{"line":182,"column":2},"end":{"line":185,"column":1}}]},"52":{"type":"branch","line":187,"loc":{"start":{"line":187,"column":7},"end":{"line":259,"column":1}},"locations":[{"start":{"line":187,"column":7},"end":{"line":259,"column":1}}]},"53":{"type":"branch","line":190,"loc":{"start":{"line":190,"column":8},"end":{"line":190,"column":36}},"locations":[{"start":{"line":190,"column":8},"end":{"line":190,"column":36}}]},"54":{"type":"branch","line":190,"loc":{"start":{"line":190,"column":36},"end":{"line":212,"column":11}},"locations":[{"start":{"line":190,"column":36},"end":{"line":212,"column":11}}]},"55":{"type":"branch","line":201,"loc":{"start":{"line":201,"column":32},"end":{"line":206,"column":7}},"locations":[{"start":{"line":201,"column":32},"end":{"line":206,"column":7}}]},"56":{"type":"branch","line":212,"loc":{"start":{"line":212,"column":4},"end":{"line":217,"column":5}},"locations":[{"start":{"line":212,"column":4},"end":{"line":217,"column":5}}]},"57":{"type":"branch","line":218,"loc":{"start":{"line":218,"column":2},"end":{"line":258,"column":3}},"locations":[{"start":{"line":218,"column":2},"end":{"line":258,"column":3}}]},"58":{"type":"branch","line":221,"loc":{"start":{"line":221,"column":82},"end":{"line":242,"column":7}},"locations":[{"start":{"line":221,"column":82},"end":{"line":242,"column":7}}]},"59":{"type":"branch","line":245,"loc":{"start":{"line":245,"column":42},"end":{"line":251,"column":7}},"locations":[{"start":{"line":245,"column":42},"end":{"line":251,"column":7}}]},"60":{"type":"branch","line":255,"loc":{"start":{"line":255,"column":4},"end":{"line":257,"column":5}},"locations":[{"start":{"line":255,"column":4},"end":{"line":257,"column":5}}]},"61":{"type":"branch","line":287,"loc":{"start":{"line":287,"column":7},"end":{"line":336,"column":1}},"locations":[{"start":{"line":287,"column":7},"end":{"line":336,"column":1}}]},"62":{"type":"branch","line":302,"loc":{"start":{"line":302,"column":17},"end":{"line":302,"column":36}},"locations":[{"start":{"line":302,"column":17},"end":{"line":302,"column":36}}]},"63":{"type":"branch","line":302,"loc":{"start":{"line":302,"column":27},"end":{"line":302,"column":38}},"locations":[{"start":{"line":302,"column":27},"end":{"line":302,"column":38}}]},"64":{"type":"branch","line":303,"loc":{"start":{"line":303,"column":4},"end":{"line":311,"column":5}},"locations":[{"start":{"line":303,"column":4},"end":{"line":311,"column":5}}]},"65":{"type":"branch","line":314,"loc":{"start":{"line":314,"column":8},"end":{"line":314,"column":24}},"locations":[{"start":{"line":314,"column":8},"end":{"line":314,"column":24}}]},"66":{"type":"branch","line":314,"loc":{"start":{"line":314,"column":24},"end":{"line":320,"column":5}},"locations":[{"start":{"line":314,"column":24},"end":{"line":320,"column":5}}]},"67":{"type":"branch","line":317,"loc":{"start":{"line":317,"column":6},"end":{"line":319,"column":7}},"locations":[{"start":{"line":317,"column":6},"end":{"line":319,"column":7}}]},"68":{"type":"branch","line":328,"loc":{"start":{"line":328,"column":2},"end":{"line":335,"column":3}},"locations":[{"start":{"line":328,"column":2},"end":{"line":335,"column":3}}]},"69":{"type":"branch","line":338,"loc":{"start":{"line":338,"column":7},"end":{"line":384,"column":1}},"locations":[{"start":{"line":338,"column":7},"end":{"line":384,"column":1}}]},"70":{"type":"branch","line":345,"loc":{"start":{"line":345,"column":52},"end":{"line":350,"column":7}},"locations":[{"start":{"line":345,"column":52},"end":{"line":350,"column":7}}]},"71":{"type":"branch","line":347,"loc":{"start":{"line":347,"column":43},"end":{"line":349,"column":9}},"locations":[{"start":{"line":347,"column":43},"end":{"line":349,"column":9}}]},"72":{"type":"branch","line":351,"loc":{"start":{"line":351,"column":4},"end":{"line":357,"column":5}},"locations":[{"start":{"line":351,"column":4},"end":{"line":357,"column":5}}]},"73":{"type":"branch","line":360,"loc":{"start":{"line":360,"column":36},"end":{"line":370,"column":5}},"locations":[{"start":{"line":360,"column":36},"end":{"line":370,"column":5}}]},"74":{"type":"branch","line":363,"loc":{"start":{"line":363,"column":6},"end":{"line":369,"column":7}},"locations":[{"start":{"line":363,"column":6},"end":{"line":369,"column":7}}]},"75":{"type":"branch","line":373,"loc":{"start":{"line":373,"column":2},"end":{"line":383,"column":3}},"locations":[{"start":{"line":373,"column":2},"end":{"line":383,"column":3}}]}},"b":{"0":[6],"1":[7698],"2":[0],"3":[3734],"4":[1],"5":[1],"6":[7823],"7":[7698],"8":[0],"9":[8828],"10":[8825],"11":[15396],"12":[15394],"13":[15392],"14":[4],"15":[23094],"16":[3736],"17":[3736],"18":[19358],"19":[123],"20":[0],"21":[121],"22":[2],"23":[0],"24":[0],"25":[3862],"26":[120],"27":[1],"28":[3741],"29":[2],"30":[3741],"31":[3731],"32":[0],"33":[3730],"34":[1865],"35":[1865],"36":[3730],"37":[0],"38":[1865],"39":[3730],"40":[0],"41":[0],"42":[1865],"43":[1865],"44":[0],"45":[3730],"46":[0],"47":[3730],"48":[3730],"49":[1],"50":[1],"51":[11],"52":[3849],"53":[3848],"54":[3847],"55":[0],"56":[2],"57":[3],"58":[0],"59":[0],"60":[0],"61":[5],"62":[3],"63":[2],"64":[0],"65":[3],"66":[3],"67":[1],"68":[0],"69":[2],"70":[4],"71":[3],"72":[0],"73":[3],"74":[0],"75":[0]},"fnMap":{"0":{"name":"StorageError","decl":{"start":{"line":26,"column":2},"end":{"line":33,"column":3}},"loc":{"start":{"line":26,"column":2},"end":{"line":33,"column":3}},"line":26},"1":{"name":"isValidSchema","decl":{"start":{"line":37,"column":0},"end":{"line":55,"column":1}},"loc":{"start":{"line":37,"column":0},"end":{"line":55,"column":1}},"line":37},"2":{"name":"sanitizeSchema","decl":{"start":{"line":57,"column":0},"end":{"line":96,"column":1}},"loc":{"start":{"line":57,"column":0},"end":{"line":96,"column":1}},"line":57},"3":{"name":"sanitizeNumber","decl":{"start":{"line":73,"column":25},"end":{"line":78,"column":4}},"loc":{"start":{"line":73,"column":25},"end":{"line":78,"column":4}},"line":73},"4":{"name":"sanitizeString","decl":{"start":{"line":81,"column":25},"end":{"line":86,"column":4}},"loc":{"start":{"line":81,"column":25},"end":{"line":86,"column":4}},"line":81},"5":{"name":"parseStorageData","decl":{"start":{"line":98,"column":0},"end":{"line":121,"column":1}},"loc":{"start":{"line":98,"column":0},"end":{"line":121,"column":1}},"line":98},"6":{"name":"loadState","decl":{"start":{"line":123,"column":7},"end":{"line":142,"column":1}},"loc":{"start":{"line":123,"column":7},"end":{"line":142,"column":1}},"line":123},"7":{"name":"migrateFromOlderVersions","decl":{"start":{"line":144,"column":0},"end":{"line":185,"column":1}},"loc":{"start":{"line":144,"column":0},"end":{"line":185,"column":1}},"line":144},"8":{"name":"saveState","decl":{"start":{"line":187,"column":7},"end":{"line":259,"column":1}},"loc":{"start":{"line":187,"column":7},"end":{"line":259,"column":1}},"line":187},"9":{"name":"cleanupOldStorageVersions","decl":{"start":{"line":262,"column":0},"end":{"line":284,"column":1}},"loc":{"start":{"line":262,"column":0},"end":{"line":284,"column":1}},"line":262},"10":{"name":"getStorageInfo","decl":{"start":{"line":287,"column":7},"end":{"line":336,"column":1}},"loc":{"start":{"line":287,"column":7},"end":{"line":336,"column":1}},"line":287},"11":{"name":"clearAllStorage","decl":{"start":{"line":338,"column":7},"end":{"line":384,"column":1}},"loc":{"start":{"line":338,"column":7},"end":{"line":384,"column":1}},"line":338}},"f":{"0":6,"1":7698,"2":7698,"3":15396,"4":23094,"5":123,"6":3862,"7":3741,"8":3849,"9":0,"10":5,"11":2}}
}
